2024-09-13 12:04:36.432 [main] WARN  com.alibaba.nacos.client.logging.NacosLogging - Load Logback Configuration of Nacos fail, message: Could not initialize Logback Nacos logging from classpath:nacos-logback.xml
2024-09-13 12:04:36.470 [main] WARN  com.alibaba.nacos.client.logging.NacosLogging - Load Logback Configuration of Nacos fail, message: Could not initialize Logback Nacos logging from classpath:nacos-logback.xml
2024-09-13 12:04:36.719 [main] WARN  com.alibaba.nacos.client.logging.NacosLogging - Load Logback Configuration of Nacos fail, message: Could not initialize Logback Nacos logging from classpath:nacos-logback.xml
2024-09-13 12:04:36.728 [main] WARN  com.alibaba.nacos.client.logging.NacosLogging - Load Logback Configuration of Nacos fail, message: Could not initialize Logback Nacos logging from classpath:nacos-logback.xml
2024-09-13 12:04:36.729 [main] INFO  c.q.xiaohashu.user.biz.XiaohashuUserBizApplication - The following 1 profile is active: "dev"
2024-09-13 12:04:37.052 [main] INFO  o.s.d.r.config.RepositoryConfigurationDelegate - Multiple Spring Data modules found, entering strict repository configuration mode
2024-09-13 12:04:37.054 [main] INFO  o.s.d.r.config.RepositoryConfigurationDelegate - Bootstrapping Spring Data Redis repositories in DEFAULT mode.
2024-09-13 12:04:37.065 [main] INFO  o.s.d.r.config.RepositoryConfigurationDelegate - Finished Spring Data repository scanning in 4 ms. Found 0 Redis repository interfaces.
2024-09-13 12:04:37.180 [main] INFO  o.springframework.cloud.context.scope.GenericScope - BeanFactory id=3b287b35-df5a-313c-94ad-436aa746b180
2024-09-13 12:04:37.196 [main] INFO  o.s.c.s.PostProcessorRegistrationDelegate$BeanPostProcessorChecker - Bean 'com.quanxiaoha.xiaohashu.oss.api.FileFeignApi' of type [org.springframework.cloud.openfeign.FeignClientFactoryBean] is not eligible for getting processed by all BeanPostProcessors (for example: not eligible for auto-proxying)
2024-09-13 12:04:37.197 [main] INFO  o.s.c.s.PostProcessorRegistrationDelegate$BeanPostProcessorChecker - Bean 'com.quanxiaoha.xiaohashu.user.api.UserFeignApi' of type [org.springframework.cloud.openfeign.FeignClientFactoryBean] is not eligible for getting processed by all BeanPostProcessors (for example: not eligible for auto-proxying)
2024-09-13 12:04:37.198 [main] INFO  o.s.c.s.PostProcessorRegistrationDelegate$BeanPostProcessorChecker - Bean 'com.quanxiaoha.xiaohashu.distributed.id.generator.api.DistributedIdGeneratorFeignApi' of type [org.springframework.cloud.openfeign.FeignClientFactoryBean] is not eligible for getting processed by all BeanPostProcessors (for example: not eligible for auto-proxying)
2024-09-13 12:04:37.505 [main] INFO  o.s.boot.web.embedded.tomcat.TomcatWebServer - Tomcat initialized with port(s): 8082 (http)
2024-09-13 12:04:37.511 [main] INFO  org.apache.catalina.core.StandardService - Starting service [Tomcat]
2024-09-13 12:04:37.511 [main] INFO  org.apache.catalina.core.StandardEngine - Starting Servlet engine: [Apache Tomcat/10.1.5]
2024-09-13 12:04:37.558 [main] INFO  o.a.c.core.ContainerBase.[Tomcat].[localhost].[/] - Initializing Spring embedded WebApplicationContext
2024-09-13 12:04:37.558 [main] INFO  o.s.b.w.s.c.ServletWebServerApplicationContext - Root WebApplicationContext: initialization completed in 820 ms
2024-09-13 12:04:37.630 [main] INFO  c.a.d.s.b.a.DruidDataSourceAutoConfigure - Init DruidDataSource
2024-09-13 12:04:41.824 [main] ERROR com.alibaba.druid.pool.DruidDataSource - init datasource error, url: jdbc:mysql://127.0.0.1:3306/xiaohashu?useUnicode=true&characterEncoding=utf-8&autoReconnect=true&useSSL=false&serverTimezone=Asia/Shanghai
java.sql.SQLNonTransientConnectionException: Could not create connection to database server. Attempted reconnect 3 times. Giving up.
	at com.mysql.cj.jdbc.exceptions.SQLError.createSQLException(SQLError.java:110)
	at com.mysql.cj.jdbc.exceptions.SQLError.createSQLException(SQLError.java:97)
	at com.mysql.cj.jdbc.exceptions.SQLError.createSQLException(SQLError.java:89)
	at com.mysql.cj.jdbc.exceptions.SQLError.createSQLException(SQLError.java:63)
	at com.mysql.cj.jdbc.exceptions.SQLError.createSQLException(SQLError.java:73)
	at com.mysql.cj.jdbc.ConnectionImpl.connectWithRetries(ConnectionImpl.java:898)
	at com.mysql.cj.jdbc.ConnectionImpl.createNewIO(ConnectionImpl.java:823)
	at com.mysql.cj.jdbc.ConnectionImpl.<init>(ConnectionImpl.java:448)
	at com.mysql.cj.jdbc.ConnectionImpl.getInstance(ConnectionImpl.java:241)
	at com.mysql.cj.jdbc.NonRegisteringDriver.connect(NonRegisteringDriver.java:198)
	at com.alibaba.druid.filter.FilterChainImpl.connection_connect(FilterChainImpl.java:132)
	at com.alibaba.druid.filter.FilterAdapter.connection_connect(FilterAdapter.java:764)
	at com.alibaba.druid.filter.FilterChainImpl.connection_connect(FilterChainImpl.java:126)
	at com.alibaba.druid.filter.stat.StatFilter.connection_connect(StatFilter.java:244)
	at com.alibaba.druid.filter.FilterChainImpl.connection_connect(FilterChainImpl.java:126)
	at com.alibaba.druid.pool.DruidAbstractDataSource.createPhysicalConnection(DruidAbstractDataSource.java:1687)
	at com.alibaba.druid.pool.DruidAbstractDataSource.createPhysicalConnection(DruidAbstractDataSource.java:1803)
	at com.alibaba.druid.pool.DruidDataSource.init(DruidDataSource.java:924)
	at com.alibaba.druid.spring.boot3.autoconfigure.DruidDataSourceWrapper.afterPropertiesSet(DruidDataSourceWrapper.java:51)
	at org.springframework.beans.factory.support.AbstractAutowireCapableBeanFactory.invokeInitMethods(AbstractAutowireCapableBeanFactory.java:1797)
	at org.springframework.beans.factory.support.AbstractAutowireCapableBeanFactory.initializeBean(AbstractAutowireCapableBeanFactory.java:1747)
	at org.springframework.beans.factory.support.AbstractAutowireCapableBeanFactory.doCreateBean(AbstractAutowireCapableBeanFactory.java:599)
	at org.springframework.beans.factory.support.AbstractAutowireCapableBeanFactory.createBean(AbstractAutowireCapableBeanFactory.java:521)
	at org.springframework.beans.factory.support.AbstractBeanFactory.lambda$doGetBean$0(AbstractBeanFactory.java:326)
	at org.springframework.beans.factory.support.DefaultSingletonBeanRegistry.getSingleton(DefaultSingletonBeanRegistry.java:234)
	at org.springframework.beans.factory.support.AbstractBeanFactory.doGetBean(AbstractBeanFactory.java:324)
	at org.springframework.beans.factory.support.AbstractBeanFactory.getBean(AbstractBeanFactory.java:200)
	at org.springframework.beans.factory.config.DependencyDescriptor.resolveCandidate(DependencyDescriptor.java:254)
	at org.springframework.beans.factory.support.DefaultListableBeanFactory.doResolveDependency(DefaultListableBeanFactory.java:1405)
	at org.springframework.beans.factory.support.DefaultListableBeanFactory.resolveDependency(DefaultListableBeanFactory.java:1325)
	at org.springframework.beans.factory.support.ConstructorResolver.resolveAutowiredArgument(ConstructorResolver.java:885)
	at org.springframework.beans.factory.support.ConstructorResolver.createArgumentArray(ConstructorResolver.java:789)
	at org.springframework.beans.factory.support.ConstructorResolver.instantiateUsingFactoryMethod(ConstructorResolver.java:548)
	at org.springframework.beans.factory.support.AbstractAutowireCapableBeanFactory.instantiateUsingFactoryMethod(AbstractAutowireCapableBeanFactory.java:1324)
	at org.springframework.beans.factory.support.AbstractAutowireCapableBeanFactory.createBeanInstance(AbstractAutowireCapableBeanFactory.java:1161)
	at org.springframework.beans.factory.support.AbstractAutowireCapableBeanFactory.doCreateBean(AbstractAutowireCapableBeanFactory.java:561)
	at org.springframework.beans.factory.support.AbstractAutowireCapableBeanFactory.createBean(AbstractAutowireCapableBeanFactory.java:521)
	at org.springframework.beans.factory.support.AbstractBeanFactory.lambda$doGetBean$0(AbstractBeanFactory.java:326)
	at org.springframework.beans.factory.support.DefaultSingletonBeanRegistry.getSingleton(DefaultSingletonBeanRegistry.java:234)
	at org.springframework.beans.factory.support.AbstractBeanFactory.doGetBean(AbstractBeanFactory.java:324)
	at org.springframework.beans.factory.support.AbstractBeanFactory.getBean(AbstractBeanFactory.java:200)
	at org.springframework.beans.factory.config.DependencyDescriptor.resolveCandidate(DependencyDescriptor.java:254)
	at org.springframework.beans.factory.support.DefaultListableBeanFactory.doResolveDependency(DefaultListableBeanFactory.java:1405)
	at org.springframework.beans.factory.support.DefaultListableBeanFactory.resolveDependency(DefaultListableBeanFactory.java:1325)
	at org.springframework.beans.factory.support.AbstractAutowireCapableBeanFactory.autowireByType(AbstractAutowireCapableBeanFactory.java:1479)
	at org.springframework.beans.factory.support.AbstractAutowireCapableBeanFactory.populateBean(AbstractAutowireCapableBeanFactory.java:1388)
	at org.springframework.beans.factory.support.AbstractAutowireCapableBeanFactory.doCreateBean(AbstractAutowireCapableBeanFactory.java:598)
	at org.springframework.beans.factory.support.AbstractAutowireCapableBeanFactory.createBean(AbstractAutowireCapableBeanFactory.java:521)
	at org.springframework.beans.factory.support.AbstractBeanFactory.lambda$doGetBean$0(AbstractBeanFactory.java:326)
	at org.springframework.beans.factory.support.DefaultSingletonBeanRegistry.getSingleton(DefaultSingletonBeanRegistry.java:234)
	at org.springframework.beans.factory.support.AbstractBeanFactory.doGetBean(AbstractBeanFactory.java:324)
	at org.springframework.beans.factory.support.AbstractBeanFactory.getBean(AbstractBeanFactory.java:205)
	at org.springframework.beans.factory.support.AbstractAutowireCapableBeanFactory.resolveBeanByName(AbstractAutowireCapableBeanFactory.java:458)
	at org.springframework.context.annotation.CommonAnnotationBeanPostProcessor.autowireResource(CommonAnnotationBeanPostProcessor.java:496)
	at org.springframework.context.annotation.CommonAnnotationBeanPostProcessor.getResource(CommonAnnotationBeanPostProcessor.java:467)
	at org.springframework.context.annotation.CommonAnnotationBeanPostProcessor$ResourceElement.getResourceToInject(CommonAnnotationBeanPostProcessor.java:618)
	at org.springframework.beans.factory.annotation.InjectionMetadata$InjectedElement.inject(InjectionMetadata.java:242)
	at org.springframework.beans.factory.annotation.InjectionMetadata.inject(InjectionMetadata.java:133)
	at org.springframework.context.annotation.CommonAnnotationBeanPostProcessor.postProcessProperties(CommonAnnotationBeanPostProcessor.java:300)
	at org.springframework.beans.factory.support.AbstractAutowireCapableBeanFactory.populateBean(AbstractAutowireCapableBeanFactory.java:1397)
	at org.springframework.beans.factory.support.AbstractAutowireCapableBeanFactory.doCreateBean(AbstractAutowireCapableBeanFactory.java:598)
	at org.springframework.beans.factory.support.AbstractAutowireCapableBeanFactory.createBean(AbstractAutowireCapableBeanFactory.java:521)
	at org.springframework.beans.factory.support.AbstractBeanFactory.lambda$doGetBean$0(AbstractBeanFactory.java:326)
	at org.springframework.beans.factory.support.DefaultSingletonBeanRegistry.getSingleton(DefaultSingletonBeanRegistry.java:234)
	at org.springframework.beans.factory.support.AbstractBeanFactory.doGetBean(AbstractBeanFactory.java:324)
	at org.springframework.beans.factory.support.AbstractBeanFactory.getBean(AbstractBeanFactory.java:200)
	at org.springframework.beans.factory.config.DependencyDescriptor.resolveCandidate(DependencyDescriptor.java:254)
	at org.springframework.beans.factory.support.DefaultListableBeanFactory.doResolveDependency(DefaultListableBeanFactory.java:1405)
	at org.springframework.beans.factory.support.DefaultListableBeanFactory.resolveDependency(DefaultListableBeanFactory.java:1325)
	at org.springframework.context.annotation.CommonAnnotationBeanPostProcessor.autowireResource(CommonAnnotationBeanPostProcessor.java:490)
	at org.springframework.context.annotation.CommonAnnotationBeanPostProcessor.getResource(CommonAnnotationBeanPostProcessor.java:467)
	at org.springframework.context.annotation.CommonAnnotationBeanPostProcessor$ResourceElement.getResourceToInject(CommonAnnotationBeanPostProcessor.java:618)
	at org.springframework.beans.factory.annotation.InjectionMetadata$InjectedElement.inject(InjectionMetadata.java:242)
	at org.springframework.beans.factory.annotation.InjectionMetadata.inject(InjectionMetadata.java:133)
	at org.springframework.context.annotation.CommonAnnotationBeanPostProcessor.postProcessProperties(CommonAnnotationBeanPostProcessor.java:300)
	at org.springframework.beans.factory.support.AbstractAutowireCapableBeanFactory.populateBean(AbstractAutowireCapableBeanFactory.java:1397)
	at org.springframework.beans.factory.support.AbstractAutowireCapableBeanFactory.doCreateBean(AbstractAutowireCapableBeanFactory.java:598)
	at org.springframework.beans.factory.support.AbstractAutowireCapableBeanFactory.createBean(AbstractAutowireCapableBeanFactory.java:521)
	at org.springframework.beans.factory.support.AbstractBeanFactory.lambda$doGetBean$0(AbstractBeanFactory.java:326)
	at org.springframework.beans.factory.support.DefaultSingletonBeanRegistry.getSingleton(DefaultSingletonBeanRegistry.java:234)
	at org.springframework.beans.factory.support.AbstractBeanFactory.doGetBean(AbstractBeanFactory.java:324)
	at org.springframework.beans.factory.support.AbstractBeanFactory.getBean(AbstractBeanFactory.java:200)
	at org.springframework.beans.factory.support.DefaultListableBeanFactory.preInstantiateSingletons(DefaultListableBeanFactory.java:961)
	at org.springframework.context.support.AbstractApplicationContext.finishBeanFactoryInitialization(AbstractApplicationContext.java:915)
	at org.springframework.context.support.AbstractApplicationContext.refresh(AbstractApplicationContext.java:584)
	at org.springframework.boot.web.servlet.context.ServletWebServerApplicationContext.refresh(ServletWebServerApplicationContext.java:146)
	at org.springframework.boot.SpringApplication.refresh(SpringApplication.java:730)
	at org.springframework.boot.SpringApplication.refreshContext(SpringApplication.java:432)
	at org.springframework.boot.SpringApplication.run(SpringApplication.java:308)
	at org.springframework.boot.SpringApplication.run(SpringApplication.java:1302)
	at org.springframework.boot.SpringApplication.run(SpringApplication.java:1291)
	at com.quanxiaoha.xiaohashu.user.biz.XiaohashuUserBizApplication.main(XiaohashuUserBizApplication.java:14)
Caused by: com.mysql.cj.exceptions.CJException: Public Key Retrieval is not allowed
	at java.base/jdk.internal.reflect.NativeConstructorAccessorImpl.newInstance0(Native Method)
	at java.base/jdk.internal.reflect.NativeConstructorAccessorImpl.newInstance(NativeConstructorAccessorImpl.java:77)
	at java.base/jdk.internal.reflect.DelegatingConstructorAccessorImpl.newInstance(DelegatingConstructorAccessorImpl.java:45)
	at java.base/java.lang.reflect.Constructor.newInstanceWithCaller(Constructor.java:499)
	at java.base/java.lang.reflect.Constructor.newInstance(Constructor.java:480)
	at com.mysql.cj.exceptions.ExceptionFactory.createException(ExceptionFactory.java:61)
	at com.mysql.cj.exceptions.ExceptionFactory.createException(ExceptionFactory.java:105)
	at com.mysql.cj.exceptions.ExceptionFactory.createException(ExceptionFactory.java:151)
	at com.mysql.cj.exceptions.ExceptionFactory.createException(ExceptionFactory.java:124)
	at com.mysql.cj.protocol.a.authentication.CachingSha2PasswordPlugin.nextAuthenticationStep(CachingSha2PasswordPlugin.java:153)
	at com.mysql.cj.protocol.a.authentication.CachingSha2PasswordPlugin.nextAuthenticationStep(CachingSha2PasswordPlugin.java:49)
	at com.mysql.cj.protocol.a.NativeAuthenticationProvider.proceedHandshakeWithPluggableAuthentication(NativeAuthenticationProvider.java:447)
	at com.mysql.cj.protocol.a.NativeAuthenticationProvider.connect(NativeAuthenticationProvider.java:212)
	at com.mysql.cj.protocol.a.NativeProtocol.connect(NativeProtocol.java:1433)
	at com.mysql.cj.NativeSession.connect(NativeSession.java:133)
	at com.mysql.cj.jdbc.ConnectionImpl.connectWithRetries(ConnectionImpl.java:842)
	... 86 common frames omitted
Caused by: com.mysql.cj.exceptions.UnableToConnectException: Public Key Retrieval is not allowed
	at java.base/jdk.internal.reflect.NativeConstructorAccessorImpl.newInstance0(Native Method)
	at java.base/jdk.internal.reflect.NativeConstructorAccessorImpl.newInstance(NativeConstructorAccessorImpl.java:77)
	at java.base/jdk.internal.reflect.DelegatingConstructorAccessorImpl.newInstance(DelegatingConstructorAccessorImpl.java:45)
	at java.base/java.lang.reflect.Constructor.newInstanceWithCaller(Constructor.java:499)
	at java.base/java.lang.reflect.Constructor.newInstance(Constructor.java:480)
	at com.mysql.cj.exceptions.ExceptionFactory.createException(ExceptionFactory.java:61)
	at com.mysql.cj.exceptions.ExceptionFactory.createException(ExceptionFactory.java:85)
	at com.mysql.cj.protocol.a.authentication.CachingSha2PasswordPlugin.nextAuthenticationStep(CachingSha2PasswordPlugin.java:130)
	... 92 common frames omitted
2024-09-13 12:04:41.826 [main] ERROR com.alibaba.druid.pool.DruidDataSource - {dataSource-1} init error
java.sql.SQLNonTransientConnectionException: Could not create connection to database server. Attempted reconnect 3 times. Giving up.
	at com.mysql.cj.jdbc.exceptions.SQLError.createSQLException(SQLError.java:110)
	at com.mysql.cj.jdbc.exceptions.SQLError.createSQLException(SQLError.java:97)
	at com.mysql.cj.jdbc.exceptions.SQLError.createSQLException(SQLError.java:89)
	at com.mysql.cj.jdbc.exceptions.SQLError.createSQLException(SQLError.java:63)
	at com.mysql.cj.jdbc.exceptions.SQLError.createSQLException(SQLError.java:73)
	at com.mysql.cj.jdbc.ConnectionImpl.connectWithRetries(ConnectionImpl.java:898)
	at com.mysql.cj.jdbc.ConnectionImpl.createNewIO(ConnectionImpl.java:823)
	at com.mysql.cj.jdbc.ConnectionImpl.<init>(ConnectionImpl.java:448)
	at com.mysql.cj.jdbc.ConnectionImpl.getInstance(ConnectionImpl.java:241)
	at com.mysql.cj.jdbc.NonRegisteringDriver.connect(NonRegisteringDriver.java:198)
	at com.alibaba.druid.filter.FilterChainImpl.connection_connect(FilterChainImpl.java:132)
	at com.alibaba.druid.filter.FilterAdapter.connection_connect(FilterAdapter.java:764)
	at com.alibaba.druid.filter.FilterChainImpl.connection_connect(FilterChainImpl.java:126)
	at com.alibaba.druid.filter.stat.StatFilter.connection_connect(StatFilter.java:244)
	at com.alibaba.druid.filter.FilterChainImpl.connection_connect(FilterChainImpl.java:126)
	at com.alibaba.druid.pool.DruidAbstractDataSource.createPhysicalConnection(DruidAbstractDataSource.java:1687)
	at com.alibaba.druid.pool.DruidAbstractDataSource.createPhysicalConnection(DruidAbstractDataSource.java:1803)
	at com.alibaba.druid.pool.DruidDataSource.init(DruidDataSource.java:924)
	at com.alibaba.druid.spring.boot3.autoconfigure.DruidDataSourceWrapper.afterPropertiesSet(DruidDataSourceWrapper.java:51)
	at org.springframework.beans.factory.support.AbstractAutowireCapableBeanFactory.invokeInitMethods(AbstractAutowireCapableBeanFactory.java:1797)
	at org.springframework.beans.factory.support.AbstractAutowireCapableBeanFactory.initializeBean(AbstractAutowireCapableBeanFactory.java:1747)
	at org.springframework.beans.factory.support.AbstractAutowireCapableBeanFactory.doCreateBean(AbstractAutowireCapableBeanFactory.java:599)
	at org.springframework.beans.factory.support.AbstractAutowireCapableBeanFactory.createBean(AbstractAutowireCapableBeanFactory.java:521)
	at org.springframework.beans.factory.support.AbstractBeanFactory.lambda$doGetBean$0(AbstractBeanFactory.java:326)
	at org.springframework.beans.factory.support.DefaultSingletonBeanRegistry.getSingleton(DefaultSingletonBeanRegistry.java:234)
	at org.springframework.beans.factory.support.AbstractBeanFactory.doGetBean(AbstractBeanFactory.java:324)
	at org.springframework.beans.factory.support.AbstractBeanFactory.getBean(AbstractBeanFactory.java:200)
	at org.springframework.beans.factory.config.DependencyDescriptor.resolveCandidate(DependencyDescriptor.java:254)
	at org.springframework.beans.factory.support.DefaultListableBeanFactory.doResolveDependency(DefaultListableBeanFactory.java:1405)
	at org.springframework.beans.factory.support.DefaultListableBeanFactory.resolveDependency(DefaultListableBeanFactory.java:1325)
	at org.springframework.beans.factory.support.ConstructorResolver.resolveAutowiredArgument(ConstructorResolver.java:885)
	at org.springframework.beans.factory.support.ConstructorResolver.createArgumentArray(ConstructorResolver.java:789)
	at org.springframework.beans.factory.support.ConstructorResolver.instantiateUsingFactoryMethod(ConstructorResolver.java:548)
	at org.springframework.beans.factory.support.AbstractAutowireCapableBeanFactory.instantiateUsingFactoryMethod(AbstractAutowireCapableBeanFactory.java:1324)
	at org.springframework.beans.factory.support.AbstractAutowireCapableBeanFactory.createBeanInstance(AbstractAutowireCapableBeanFactory.java:1161)
	at org.springframework.beans.factory.support.AbstractAutowireCapableBeanFactory.doCreateBean(AbstractAutowireCapableBeanFactory.java:561)
	at org.springframework.beans.factory.support.AbstractAutowireCapableBeanFactory.createBean(AbstractAutowireCapableBeanFactory.java:521)
	at org.springframework.beans.factory.support.AbstractBeanFactory.lambda$doGetBean$0(AbstractBeanFactory.java:326)
	at org.springframework.beans.factory.support.DefaultSingletonBeanRegistry.getSingleton(DefaultSingletonBeanRegistry.java:234)
	at org.springframework.beans.factory.support.AbstractBeanFactory.doGetBean(AbstractBeanFactory.java:324)
	at org.springframework.beans.factory.support.AbstractBeanFactory.getBean(AbstractBeanFactory.java:200)
	at org.springframework.beans.factory.config.DependencyDescriptor.resolveCandidate(DependencyDescriptor.java:254)
	at org.springframework.beans.factory.support.DefaultListableBeanFactory.doResolveDependency(DefaultListableBeanFactory.java:1405)
	at org.springframework.beans.factory.support.DefaultListableBeanFactory.resolveDependency(DefaultListableBeanFactory.java:1325)
	at org.springframework.beans.factory.support.AbstractAutowireCapableBeanFactory.autowireByType(AbstractAutowireCapableBeanFactory.java:1479)
	at org.springframework.beans.factory.support.AbstractAutowireCapableBeanFactory.populateBean(AbstractAutowireCapableBeanFactory.java:1388)
	at org.springframework.beans.factory.support.AbstractAutowireCapableBeanFactory.doCreateBean(AbstractAutowireCapableBeanFactory.java:598)
	at org.springframework.beans.factory.support.AbstractAutowireCapableBeanFactory.createBean(AbstractAutowireCapableBeanFactory.java:521)
	at org.springframework.beans.factory.support.AbstractBeanFactory.lambda$doGetBean$0(AbstractBeanFactory.java:326)
	at org.springframework.beans.factory.support.DefaultSingletonBeanRegistry.getSingleton(DefaultSingletonBeanRegistry.java:234)
	at org.springframework.beans.factory.support.AbstractBeanFactory.doGetBean(AbstractBeanFactory.java:324)
	at org.springframework.beans.factory.support.AbstractBeanFactory.getBean(AbstractBeanFactory.java:205)
	at org.springframework.beans.factory.support.AbstractAutowireCapableBeanFactory.resolveBeanByName(AbstractAutowireCapableBeanFactory.java:458)
	at org.springframework.context.annotation.CommonAnnotationBeanPostProcessor.autowireResource(CommonAnnotationBeanPostProcessor.java:496)
	at org.springframework.context.annotation.CommonAnnotationBeanPostProcessor.getResource(CommonAnnotationBeanPostProcessor.java:467)
	at org.springframework.context.annotation.CommonAnnotationBeanPostProcessor$ResourceElement.getResourceToInject(CommonAnnotationBeanPostProcessor.java:618)
	at org.springframework.beans.factory.annotation.InjectionMetadata$InjectedElement.inject(InjectionMetadata.java:242)
	at org.springframework.beans.factory.annotation.InjectionMetadata.inject(InjectionMetadata.java:133)
	at org.springframework.context.annotation.CommonAnnotationBeanPostProcessor.postProcessProperties(CommonAnnotationBeanPostProcessor.java:300)
	at org.springframework.beans.factory.support.AbstractAutowireCapableBeanFactory.populateBean(AbstractAutowireCapableBeanFactory.java:1397)
	at org.springframework.beans.factory.support.AbstractAutowireCapableBeanFactory.doCreateBean(AbstractAutowireCapableBeanFactory.java:598)
	at org.springframework.beans.factory.support.AbstractAutowireCapableBeanFactory.createBean(AbstractAutowireCapableBeanFactory.java:521)
	at org.springframework.beans.factory.support.AbstractBeanFactory.lambda$doGetBean$0(AbstractBeanFactory.java:326)
	at org.springframework.beans.factory.support.DefaultSingletonBeanRegistry.getSingleton(DefaultSingletonBeanRegistry.java:234)
	at org.springframework.beans.factory.support.AbstractBeanFactory.doGetBean(AbstractBeanFactory.java:324)
	at org.springframework.beans.factory.support.AbstractBeanFactory.getBean(AbstractBeanFactory.java:200)
	at org.springframework.beans.factory.config.DependencyDescriptor.resolveCandidate(DependencyDescriptor.java:254)
	at org.springframework.beans.factory.support.DefaultListableBeanFactory.doResolveDependency(DefaultListableBeanFactory.java:1405)
	at org.springframework.beans.factory.support.DefaultListableBeanFactory.resolveDependency(DefaultListableBeanFactory.java:1325)
	at org.springframework.context.annotation.CommonAnnotationBeanPostProcessor.autowireResource(CommonAnnotationBeanPostProcessor.java:490)
	at org.springframework.context.annotation.CommonAnnotationBeanPostProcessor.getResource(CommonAnnotationBeanPostProcessor.java:467)
	at org.springframework.context.annotation.CommonAnnotationBeanPostProcessor$ResourceElement.getResourceToInject(CommonAnnotationBeanPostProcessor.java:618)
	at org.springframework.beans.factory.annotation.InjectionMetadata$InjectedElement.inject(InjectionMetadata.java:242)
	at org.springframework.beans.factory.annotation.InjectionMetadata.inject(InjectionMetadata.java:133)
	at org.springframework.context.annotation.CommonAnnotationBeanPostProcessor.postProcessProperties(CommonAnnotationBeanPostProcessor.java:300)
	at org.springframework.beans.factory.support.AbstractAutowireCapableBeanFactory.populateBean(AbstractAutowireCapableBeanFactory.java:1397)
	at org.springframework.beans.factory.support.AbstractAutowireCapableBeanFactory.doCreateBean(AbstractAutowireCapableBeanFactory.java:598)
	at org.springframework.beans.factory.support.AbstractAutowireCapableBeanFactory.createBean(AbstractAutowireCapableBeanFactory.java:521)
	at org.springframework.beans.factory.support.AbstractBeanFactory.lambda$doGetBean$0(AbstractBeanFactory.java:326)
	at org.springframework.beans.factory.support.DefaultSingletonBeanRegistry.getSingleton(DefaultSingletonBeanRegistry.java:234)
	at org.springframework.beans.factory.support.AbstractBeanFactory.doGetBean(AbstractBeanFactory.java:324)
	at org.springframework.beans.factory.support.AbstractBeanFactory.getBean(AbstractBeanFactory.java:200)
	at org.springframework.beans.factory.support.DefaultListableBeanFactory.preInstantiateSingletons(DefaultListableBeanFactory.java:961)
	at org.springframework.context.support.AbstractApplicationContext.finishBeanFactoryInitialization(AbstractApplicationContext.java:915)
	at org.springframework.context.support.AbstractApplicationContext.refresh(AbstractApplicationContext.java:584)
	at org.springframework.boot.web.servlet.context.ServletWebServerApplicationContext.refresh(ServletWebServerApplicationContext.java:146)
	at org.springframework.boot.SpringApplication.refresh(SpringApplication.java:730)
	at org.springframework.boot.SpringApplication.refreshContext(SpringApplication.java:432)
	at org.springframework.boot.SpringApplication.run(SpringApplication.java:308)
	at org.springframework.boot.SpringApplication.run(SpringApplication.java:1302)
	at org.springframework.boot.SpringApplication.run(SpringApplication.java:1291)
	at com.quanxiaoha.xiaohashu.user.biz.XiaohashuUserBizApplication.main(XiaohashuUserBizApplication.java:14)
Caused by: com.mysql.cj.exceptions.CJException: Public Key Retrieval is not allowed
	at java.base/jdk.internal.reflect.NativeConstructorAccessorImpl.newInstance0(Native Method)
	at java.base/jdk.internal.reflect.NativeConstructorAccessorImpl.newInstance(NativeConstructorAccessorImpl.java:77)
	at java.base/jdk.internal.reflect.DelegatingConstructorAccessorImpl.newInstance(DelegatingConstructorAccessorImpl.java:45)
	at java.base/java.lang.reflect.Constructor.newInstanceWithCaller(Constructor.java:499)
	at java.base/java.lang.reflect.Constructor.newInstance(Constructor.java:480)
	at com.mysql.cj.exceptions.ExceptionFactory.createException(ExceptionFactory.java:61)
	at com.mysql.cj.exceptions.ExceptionFactory.createException(ExceptionFactory.java:105)
	at com.mysql.cj.exceptions.ExceptionFactory.createException(ExceptionFactory.java:151)
	at com.mysql.cj.exceptions.ExceptionFactory.createException(ExceptionFactory.java:124)
	at com.mysql.cj.protocol.a.authentication.CachingSha2PasswordPlugin.nextAuthenticationStep(CachingSha2PasswordPlugin.java:153)
	at com.mysql.cj.protocol.a.authentication.CachingSha2PasswordPlugin.nextAuthenticationStep(CachingSha2PasswordPlugin.java:49)
	at com.mysql.cj.protocol.a.NativeAuthenticationProvider.proceedHandshakeWithPluggableAuthentication(NativeAuthenticationProvider.java:447)
	at com.mysql.cj.protocol.a.NativeAuthenticationProvider.connect(NativeAuthenticationProvider.java:212)
	at com.mysql.cj.protocol.a.NativeProtocol.connect(NativeProtocol.java:1433)
	at com.mysql.cj.NativeSession.connect(NativeSession.java:133)
	at com.mysql.cj.jdbc.ConnectionImpl.connectWithRetries(ConnectionImpl.java:842)
	... 86 common frames omitted
Caused by: com.mysql.cj.exceptions.UnableToConnectException: Public Key Retrieval is not allowed
	at java.base/jdk.internal.reflect.NativeConstructorAccessorImpl.newInstance0(Native Method)
	at java.base/jdk.internal.reflect.NativeConstructorAccessorImpl.newInstance(NativeConstructorAccessorImpl.java:77)
	at java.base/jdk.internal.reflect.DelegatingConstructorAccessorImpl.newInstance(DelegatingConstructorAccessorImpl.java:45)
	at java.base/java.lang.reflect.Constructor.newInstanceWithCaller(Constructor.java:499)
	at java.base/java.lang.reflect.Constructor.newInstance(Constructor.java:480)
	at com.mysql.cj.exceptions.ExceptionFactory.createException(ExceptionFactory.java:61)
	at com.mysql.cj.exceptions.ExceptionFactory.createException(ExceptionFactory.java:85)
	at com.mysql.cj.protocol.a.authentication.CachingSha2PasswordPlugin.nextAuthenticationStep(CachingSha2PasswordPlugin.java:130)
	... 92 common frames omitted
2024-09-13 12:04:41.827 [main] INFO  com.alibaba.druid.pool.DruidDataSource - {dataSource-1} inited
2024-09-13 12:04:41.827 [main] WARN  o.s.b.w.s.c.AnnotationConfigServletWebServerApplicationContext - Exception encountered during context initialization - cancelling refresh attempt: org.springframework.beans.factory.BeanCreationException: Error creating bean with name 'userController': Injection of resource dependencies failed
2024-09-13 12:04:41.828 [main] INFO  org.apache.catalina.core.StandardService - Stopping service [Tomcat]
2024-09-13 12:04:41.843 [main] INFO  o.s.b.a.logging.ConditionEvaluationReportLogger - 

Error starting ApplicationContext. To display the condition evaluation report re-run your application with 'debug' enabled.
2024-09-13 12:04:41.852 [main] ERROR org.springframework.boot.SpringApplication - Application run failed
org.springframework.beans.factory.BeanCreationException: Error creating bean with name 'userController': Injection of resource dependencies failed
	at org.springframework.context.annotation.CommonAnnotationBeanPostProcessor.postProcessProperties(CommonAnnotationBeanPostProcessor.java:303)
	at org.springframework.beans.factory.support.AbstractAutowireCapableBeanFactory.populateBean(AbstractAutowireCapableBeanFactory.java:1397)
	at org.springframework.beans.factory.support.AbstractAutowireCapableBeanFactory.doCreateBean(AbstractAutowireCapableBeanFactory.java:598)
	at org.springframework.beans.factory.support.AbstractAutowireCapableBeanFactory.createBean(AbstractAutowireCapableBeanFactory.java:521)
	at org.springframework.beans.factory.support.AbstractBeanFactory.lambda$doGetBean$0(AbstractBeanFactory.java:326)
	at org.springframework.beans.factory.support.DefaultSingletonBeanRegistry.getSingleton(DefaultSingletonBeanRegistry.java:234)
	at org.springframework.beans.factory.support.AbstractBeanFactory.doGetBean(AbstractBeanFactory.java:324)
	at org.springframework.beans.factory.support.AbstractBeanFactory.getBean(AbstractBeanFactory.java:200)
	at org.springframework.beans.factory.support.DefaultListableBeanFactory.preInstantiateSingletons(DefaultListableBeanFactory.java:961)
	at org.springframework.context.support.AbstractApplicationContext.finishBeanFactoryInitialization(AbstractApplicationContext.java:915)
	at org.springframework.context.support.AbstractApplicationContext.refresh(AbstractApplicationContext.java:584)
	at org.springframework.boot.web.servlet.context.ServletWebServerApplicationContext.refresh(ServletWebServerApplicationContext.java:146)
	at org.springframework.boot.SpringApplication.refresh(SpringApplication.java:730)
	at org.springframework.boot.SpringApplication.refreshContext(SpringApplication.java:432)
	at org.springframework.boot.SpringApplication.run(SpringApplication.java:308)
	at org.springframework.boot.SpringApplication.run(SpringApplication.java:1302)
	at org.springframework.boot.SpringApplication.run(SpringApplication.java:1291)
	at com.quanxiaoha.xiaohashu.user.biz.XiaohashuUserBizApplication.main(XiaohashuUserBizApplication.java:14)
Caused by: org.springframework.beans.factory.BeanCreationException: Error creating bean with name 'userServiceImpl': Injection of resource dependencies failed
	at org.springframework.context.annotation.CommonAnnotationBeanPostProcessor.postProcessProperties(CommonAnnotationBeanPostProcessor.java:303)
	at org.springframework.beans.factory.support.AbstractAutowireCapableBeanFactory.populateBean(AbstractAutowireCapableBeanFactory.java:1397)
	at org.springframework.beans.factory.support.AbstractAutowireCapableBeanFactory.doCreateBean(AbstractAutowireCapableBeanFactory.java:598)
	at org.springframework.beans.factory.support.AbstractAutowireCapableBeanFactory.createBean(AbstractAutowireCapableBeanFactory.java:521)
	at org.springframework.beans.factory.support.AbstractBeanFactory.lambda$doGetBean$0(AbstractBeanFactory.java:326)
	at org.springframework.beans.factory.support.DefaultSingletonBeanRegistry.getSingleton(DefaultSingletonBeanRegistry.java:234)
	at org.springframework.beans.factory.support.AbstractBeanFactory.doGetBean(AbstractBeanFactory.java:324)
	at org.springframework.beans.factory.support.AbstractBeanFactory.getBean(AbstractBeanFactory.java:200)
	at org.springframework.beans.factory.config.DependencyDescriptor.resolveCandidate(DependencyDescriptor.java:254)
	at org.springframework.beans.factory.support.DefaultListableBeanFactory.doResolveDependency(DefaultListableBeanFactory.java:1405)
	at org.springframework.beans.factory.support.DefaultListableBeanFactory.resolveDependency(DefaultListableBeanFactory.java:1325)
	at org.springframework.context.annotation.CommonAnnotationBeanPostProcessor.autowireResource(CommonAnnotationBeanPostProcessor.java:490)
	at org.springframework.context.annotation.CommonAnnotationBeanPostProcessor.getResource(CommonAnnotationBeanPostProcessor.java:467)
	at org.springframework.context.annotation.CommonAnnotationBeanPostProcessor$ResourceElement.getResourceToInject(CommonAnnotationBeanPostProcessor.java:618)
	at org.springframework.beans.factory.annotation.InjectionMetadata$InjectedElement.inject(InjectionMetadata.java:242)
	at org.springframework.beans.factory.annotation.InjectionMetadata.inject(InjectionMetadata.java:133)
	at org.springframework.context.annotation.CommonAnnotationBeanPostProcessor.postProcessProperties(CommonAnnotationBeanPostProcessor.java:300)
	... 17 common frames omitted
Caused by: org.springframework.beans.factory.UnsatisfiedDependencyException: Error creating bean with name 'userDOMapper' defined in file [E:\java_workspace\xiaohashu3\xiaohashu-15.5èŠ‚\xiaohashu2\xiaohashu-user\xiaohashu-user-biz\target\classes\com\quanxiaoha\xiaohashu\user\biz\domain\mapper\UserDOMapper.class]: Unsatisfied dependency expressed through bean property 'sqlSessionFactory': Error creating bean with name 'sqlSessionFactory' defined in class path resource [org/mybatis/spring/boot/autoconfigure/MybatisAutoConfiguration.class]: Unsatisfied dependency expressed through method 'sqlSessionFactory' parameter 0: Error creating bean with name 'dataSource' defined in class path resource [com/alibaba/druid/spring/boot3/autoconfigure/DruidDataSourceAutoConfigure.class]: Could not create connection to database server. Attempted reconnect 3 times. Giving up.
	at org.springframework.beans.factory.support.AbstractAutowireCapableBeanFactory.autowireByType(AbstractAutowireCapableBeanFactory.java:1494)
	at org.springframework.beans.factory.support.AbstractAutowireCapableBeanFactory.populateBean(AbstractAutowireCapableBeanFactory.java:1388)
	at org.springframework.beans.factory.support.AbstractAutowireCapableBeanFactory.doCreateBean(AbstractAutowireCapableBeanFactory.java:598)
	at org.springframework.beans.factory.support.AbstractAutowireCapableBeanFactory.createBean(AbstractAutowireCapableBeanFactory.java:521)
	at org.springframework.beans.factory.support.AbstractBeanFactory.lambda$doGetBean$0(AbstractBeanFactory.java:326)
	at org.springframework.beans.factory.support.DefaultSingletonBeanRegistry.getSingleton(DefaultSingletonBeanRegistry.java:234)
	at org.springframework.beans.factory.support.AbstractBeanFactory.doGetBean(AbstractBeanFactory.java:324)
	at org.springframework.beans.factory.support.AbstractBeanFactory.getBean(AbstractBeanFactory.java:205)
	at org.springframework.beans.factory.support.AbstractAutowireCapableBeanFactory.resolveBeanByName(AbstractAutowireCapableBeanFactory.java:458)
	at org.springframework.context.annotation.CommonAnnotationBeanPostProcessor.autowireResource(CommonAnnotationBeanPostProcessor.java:496)
	at org.springframework.context.annotation.CommonAnnotationBeanPostProcessor.getResource(CommonAnnotationBeanPostProcessor.java:467)
	at org.springframework.context.annotation.CommonAnnotationBeanPostProcessor$ResourceElement.getResourceToInject(CommonAnnotationBeanPostProcessor.java:618)
	at org.springframework.beans.factory.annotation.InjectionMetadata$InjectedElement.inject(InjectionMetadata.java:242)
	at org.springframework.beans.factory.annotation.InjectionMetadata.inject(InjectionMetadata.java:133)
	at org.springframework.context.annotation.CommonAnnotationBeanPostProcessor.postProcessProperties(CommonAnnotationBeanPostProcessor.java:300)
	... 33 common frames omitted
Caused by: org.springframework.beans.factory.UnsatisfiedDependencyException: Error creating bean with name 'sqlSessionFactory' defined in class path resource [org/mybatis/spring/boot/autoconfigure/MybatisAutoConfiguration.class]: Unsatisfied dependency expressed through method 'sqlSessionFactory' parameter 0: Error creating bean with name 'dataSource' defined in class path resource [com/alibaba/druid/spring/boot3/autoconfigure/DruidDataSourceAutoConfigure.class]: Could not create connection to database server. Attempted reconnect 3 times. Giving up.
	at org.springframework.beans.factory.support.ConstructorResolver.createArgumentArray(ConstructorResolver.java:798)
	at org.springframework.beans.factory.support.ConstructorResolver.instantiateUsingFactoryMethod(ConstructorResolver.java:548)
	at org.springframework.beans.factory.support.AbstractAutowireCapableBeanFactory.instantiateUsingFactoryMethod(AbstractAutowireCapableBeanFactory.java:1324)
	at org.springframework.beans.factory.support.AbstractAutowireCapableBeanFactory.createBeanInstance(AbstractAutowireCapableBeanFactory.java:1161)
	at org.springframework.beans.factory.support.AbstractAutowireCapableBeanFactory.doCreateBean(AbstractAutowireCapableBeanFactory.java:561)
	at org.springframework.beans.factory.support.AbstractAutowireCapableBeanFactory.createBean(AbstractAutowireCapableBeanFactory.java:521)
	at org.springframework.beans.factory.support.AbstractBeanFactory.lambda$doGetBean$0(AbstractBeanFactory.java:326)
	at org.springframework.beans.factory.support.DefaultSingletonBeanRegistry.getSingleton(DefaultSingletonBeanRegistry.java:234)
	at org.springframework.beans.factory.support.AbstractBeanFactory.doGetBean(AbstractBeanFactory.java:324)
	at org.springframework.beans.factory.support.AbstractBeanFactory.getBean(AbstractBeanFactory.java:200)
	at org.springframework.beans.factory.config.DependencyDescriptor.resolveCandidate(DependencyDescriptor.java:254)
	at org.springframework.beans.factory.support.DefaultListableBeanFactory.doResolveDependency(DefaultListableBeanFactory.java:1405)
	at org.springframework.beans.factory.support.DefaultListableBeanFactory.resolveDependency(DefaultListableBeanFactory.java:1325)
	at org.springframework.beans.factory.support.AbstractAutowireCapableBeanFactory.autowireByType(AbstractAutowireCapableBeanFactory.java:1479)
	... 47 common frames omitted
Caused by: org.springframework.beans.factory.BeanCreationException: Error creating bean with name 'dataSource' defined in class path resource [com/alibaba/druid/spring/boot3/autoconfigure/DruidDataSourceAutoConfigure.class]: Could not create connection to database server. Attempted reconnect 3 times. Giving up.
	at org.springframework.beans.factory.support.AbstractAutowireCapableBeanFactory.initializeBean(AbstractAutowireCapableBeanFactory.java:1751)
	at org.springframework.beans.factory.support.AbstractAutowireCapableBeanFactory.doCreateBean(AbstractAutowireCapableBeanFactory.java:599)
	at org.springframework.beans.factory.support.AbstractAutowireCapableBeanFactory.createBean(AbstractAutowireCapableBeanFactory.java:521)
	at org.springframework.beans.factory.support.AbstractBeanFactory.lambda$doGetBean$0(AbstractBeanFactory.java:326)
	at org.springframework.beans.factory.support.DefaultSingletonBeanRegistry.getSingleton(DefaultSingletonBeanRegistry.java:234)
	at org.springframework.beans.factory.support.AbstractBeanFactory.doGetBean(AbstractBeanFactory.java:324)
	at org.springframework.beans.factory.support.AbstractBeanFactory.getBean(AbstractBeanFactory.java:200)
	at org.springframework.beans.factory.config.DependencyDescriptor.resolveCandidate(DependencyDescriptor.java:254)
	at org.springframework.beans.factory.support.DefaultListableBeanFactory.doResolveDependency(DefaultListableBeanFactory.java:1405)
	at org.springframework.beans.factory.support.DefaultListableBeanFactory.resolveDependency(DefaultListableBeanFactory.java:1325)
	at org.springframework.beans.factory.support.ConstructorResolver.resolveAutowiredArgument(ConstructorResolver.java:885)
	at org.springframework.beans.factory.support.ConstructorResolver.createArgumentArray(ConstructorResolver.java:789)
	... 60 common frames omitted
Caused by: java.sql.SQLNonTransientConnectionException: Could not create connection to database server. Attempted reconnect 3 times. Giving up.
	at com.mysql.cj.jdbc.exceptions.SQLError.createSQLException(SQLError.java:110)
	at com.mysql.cj.jdbc.exceptions.SQLError.createSQLException(SQLError.java:97)
	at com.mysql.cj.jdbc.exceptions.SQLError.createSQLException(SQLError.java:89)
	at com.mysql.cj.jdbc.exceptions.SQLError.createSQLException(SQLError.java:63)
	at com.mysql.cj.jdbc.exceptions.SQLError.createSQLException(SQLError.java:73)
	at com.mysql.cj.jdbc.ConnectionImpl.connectWithRetries(ConnectionImpl.java:898)
	at com.mysql.cj.jdbc.ConnectionImpl.createNewIO(ConnectionImpl.java:823)
	at com.mysql.cj.jdbc.ConnectionImpl.<init>(ConnectionImpl.java:448)
	at com.mysql.cj.jdbc.ConnectionImpl.getInstance(ConnectionImpl.java:241)
	at com.mysql.cj.jdbc.NonRegisteringDriver.connect(NonRegisteringDriver.java:198)
	at com.alibaba.druid.filter.FilterChainImpl.connection_connect(FilterChainImpl.java:132)
	at com.alibaba.druid.filter.FilterAdapter.connection_connect(FilterAdapter.java:764)
	at com.alibaba.druid.filter.FilterChainImpl.connection_connect(FilterChainImpl.java:126)
	at com.alibaba.druid.filter.stat.StatFilter.connection_connect(StatFilter.java:244)
	at com.alibaba.druid.filter.FilterChainImpl.connection_connect(FilterChainImpl.java:126)
	at com.alibaba.druid.pool.DruidAbstractDataSource.createPhysicalConnection(DruidAbstractDataSource.java:1687)
	at com.alibaba.druid.pool.DruidAbstractDataSource.createPhysicalConnection(DruidAbstractDataSource.java:1803)
	at com.alibaba.druid.pool.DruidDataSource.init(DruidDataSource.java:924)
	at com.alibaba.druid.spring.boot3.autoconfigure.DruidDataSourceWrapper.afterPropertiesSet(DruidDataSourceWrapper.java:51)
	at org.springframework.beans.factory.support.AbstractAutowireCapableBeanFactory.invokeInitMethods(AbstractAutowireCapableBeanFactory.java:1797)
	at org.springframework.beans.factory.support.AbstractAutowireCapableBeanFactory.initializeBean(AbstractAutowireCapableBeanFactory.java:1747)
	... 71 common frames omitted
Caused by: com.mysql.cj.exceptions.CJException: Public Key Retrieval is not allowed
	at java.base/jdk.internal.reflect.NativeConstructorAccessorImpl.newInstance0(Native Method)
	at java.base/jdk.internal.reflect.NativeConstructorAccessorImpl.newInstance(NativeConstructorAccessorImpl.java:77)
	at java.base/jdk.internal.reflect.DelegatingConstructorAccessorImpl.newInstance(DelegatingConstructorAccessorImpl.java:45)
	at java.base/java.lang.reflect.Constructor.newInstanceWithCaller(Constructor.java:499)
	at java.base/java.lang.reflect.Constructor.newInstance(Constructor.java:480)
	at com.mysql.cj.exceptions.ExceptionFactory.createException(ExceptionFactory.java:61)
	at com.mysql.cj.exceptions.ExceptionFactory.createException(ExceptionFactory.java:105)
	at com.mysql.cj.exceptions.ExceptionFactory.createException(ExceptionFactory.java:151)
	at com.mysql.cj.exceptions.ExceptionFactory.createException(ExceptionFactory.java:124)
	at com.mysql.cj.protocol.a.authentication.CachingSha2PasswordPlugin.nextAuthenticationStep(CachingSha2PasswordPlugin.java:153)
	at com.mysql.cj.protocol.a.authentication.CachingSha2PasswordPlugin.nextAuthenticationStep(CachingSha2PasswordPlugin.java:49)
	at com.mysql.cj.protocol.a.NativeAuthenticationProvider.proceedHandshakeWithPluggableAuthentication(NativeAuthenticationProvider.java:447)
	at com.mysql.cj.protocol.a.NativeAuthenticationProvider.connect(NativeAuthenticationProvider.java:212)
	at com.mysql.cj.protocol.a.NativeProtocol.connect(NativeProtocol.java:1433)
	at com.mysql.cj.NativeSession.connect(NativeSession.java:133)
	at com.mysql.cj.jdbc.ConnectionImpl.connectWithRetries(ConnectionImpl.java:842)
	... 86 common frames omitted
Caused by: com.mysql.cj.exceptions.UnableToConnectException: Public Key Retrieval is not allowed
	at java.base/jdk.internal.reflect.NativeConstructorAccessorImpl.newInstance0(Native Method)
	at java.base/jdk.internal.reflect.NativeConstructorAccessorImpl.newInstance(NativeConstructorAccessorImpl.java:77)
	at java.base/jdk.internal.reflect.DelegatingConstructorAccessorImpl.newInstance(DelegatingConstructorAccessorImpl.java:45)
	at java.base/java.lang.reflect.Constructor.newInstanceWithCaller(Constructor.java:499)
	at java.base/java.lang.reflect.Constructor.newInstance(Constructor.java:480)
	at com.mysql.cj.exceptions.ExceptionFactory.createException(ExceptionFactory.java:61)
	at com.mysql.cj.exceptions.ExceptionFactory.createException(ExceptionFactory.java:85)
	at com.mysql.cj.protocol.a.authentication.CachingSha2PasswordPlugin.nextAuthenticationStep(CachingSha2PasswordPlugin.java:130)
	... 92 common frames omitted
2024-09-13 12:04:49.297 [main] WARN  com.alibaba.nacos.client.logging.NacosLogging - Load Logback Configuration of Nacos fail, message: Could not initialize Logback Nacos logging from classpath:nacos-logback.xml
2024-09-13 12:04:49.342 [main] WARN  com.alibaba.nacos.client.logging.NacosLogging - Load Logback Configuration of Nacos fail, message: Could not initialize Logback Nacos logging from classpath:nacos-logback.xml
2024-09-13 12:04:49.614 [main] WARN  com.alibaba.nacos.client.logging.NacosLogging - Load Logback Configuration of Nacos fail, message: Could not initialize Logback Nacos logging from classpath:nacos-logback.xml
2024-09-13 12:04:49.621 [main] WARN  com.alibaba.nacos.client.logging.NacosLogging - Load Logback Configuration of Nacos fail, message: Could not initialize Logback Nacos logging from classpath:nacos-logback.xml
2024-09-13 12:04:49.621 [main] INFO  c.q.xiaohashu.user.biz.XiaohashuUserBizApplication - The following 1 profile is active: "dev"
2024-09-13 12:04:49.920 [main] INFO  o.s.d.r.config.RepositoryConfigurationDelegate - Multiple Spring Data modules found, entering strict repository configuration mode
2024-09-13 12:04:49.921 [main] INFO  o.s.d.r.config.RepositoryConfigurationDelegate - Bootstrapping Spring Data Redis repositories in DEFAULT mode.
2024-09-13 12:04:49.932 [main] INFO  o.s.d.r.config.RepositoryConfigurationDelegate - Finished Spring Data repository scanning in 4 ms. Found 0 Redis repository interfaces.
2024-09-13 12:04:50.039 [main] INFO  o.springframework.cloud.context.scope.GenericScope - BeanFactory id=3b287b35-df5a-313c-94ad-436aa746b180
2024-09-13 12:04:50.056 [main] INFO  o.s.c.s.PostProcessorRegistrationDelegate$BeanPostProcessorChecker - Bean 'com.quanxiaoha.xiaohashu.oss.api.FileFeignApi' of type [org.springframework.cloud.openfeign.FeignClientFactoryBean] is not eligible for getting processed by all BeanPostProcessors (for example: not eligible for auto-proxying)
2024-09-13 12:04:50.056 [main] INFO  o.s.c.s.PostProcessorRegistrationDelegate$BeanPostProcessorChecker - Bean 'com.quanxiaoha.xiaohashu.user.api.UserFeignApi' of type [org.springframework.cloud.openfeign.FeignClientFactoryBean] is not eligible for getting processed by all BeanPostProcessors (for example: not eligible for auto-proxying)
2024-09-13 12:04:50.057 [main] INFO  o.s.c.s.PostProcessorRegistrationDelegate$BeanPostProcessorChecker - Bean 'com.quanxiaoha.xiaohashu.distributed.id.generator.api.DistributedIdGeneratorFeignApi' of type [org.springframework.cloud.openfeign.FeignClientFactoryBean] is not eligible for getting processed by all BeanPostProcessors (for example: not eligible for auto-proxying)
2024-09-13 12:04:50.312 [main] INFO  o.s.boot.web.embedded.tomcat.TomcatWebServer - Tomcat initialized with port(s): 8082 (http)
2024-09-13 12:04:50.317 [main] INFO  org.apache.catalina.core.StandardService - Starting service [Tomcat]
2024-09-13 12:04:50.317 [main] INFO  org.apache.catalina.core.StandardEngine - Starting Servlet engine: [Apache Tomcat/10.1.5]
2024-09-13 12:04:50.366 [main] INFO  o.a.c.core.ContainerBase.[Tomcat].[localhost].[/] - Initializing Spring embedded WebApplicationContext
2024-09-13 12:04:50.366 [main] INFO  o.s.b.w.s.c.ServletWebServerApplicationContext - Root WebApplicationContext: initialization completed in 736 ms
2024-09-13 12:04:50.433 [main] INFO  c.a.d.s.b.a.DruidDataSourceAutoConfigure - Init DruidDataSource
2024-09-13 12:04:50.613 [main] INFO  com.alibaba.druid.pool.DruidDataSource - {dataSource-1} inited
2024-09-13 12:04:50.816 [main] INFO  o.s.cloud.openfeign.FeignClientFactoryBean - For 'xiaohashu-oss' URL not provided. Will try picking an instance via load-balancing.
2024-09-13 12:04:50.978 [main] INFO  o.s.cloud.openfeign.FeignClientFactoryBean - For 'xiaohashu-distributed-id-generator' URL not provided. Will try picking an instance via load-balancing.
2024-09-13 12:04:51.469 [main] INFO  o.s.boot.web.embedded.tomcat.TomcatWebServer - Tomcat started on port(s): 8082 (http) with context path ''
2024-09-13 12:04:51.472 [main] WARN  com.alibaba.nacos.client.logging.NacosLogging - Load Logback Configuration of Nacos fail, message: Could not initialize Logback Nacos logging from classpath:nacos-logback.xml
2024-09-13 12:04:51.472 [main] INFO  com.alibaba.nacos.client.naming - initializer namespace from ans.namespace attribute : null
2024-09-13 12:04:51.473 [main] INFO  com.alibaba.nacos.client.naming - initializer namespace from ALIBABA_ALIWARE_NAMESPACE attribute :null
2024-09-13 12:04:51.473 [main] INFO  com.alibaba.nacos.client.naming - initializer namespace from namespace attribute :null
2024-09-13 12:04:51.485 [main] INFO  com.alibaba.nacos.client.utils.ParamUtil - [settings] [req-serv] nacos-server port:8848
2024-09-13 12:04:51.486 [main] INFO  com.alibaba.nacos.client.utils.ParamUtil - [settings] [http-client] connect timeout:1000
2024-09-13 12:04:51.486 [main] INFO  com.alibaba.nacos.client.utils.ParamUtil - PER_TASK_CONFIG_SIZE: 3000.0
2024-09-13 12:04:51.488 [main] INFO  c.a.n.p.auth.spi.client.ClientAuthPluginManager - [ClientAuthPluginManager] Load ClientAuthService com.alibaba.nacos.client.auth.impl.NacosClientAuthServiceImpl success.
2024-09-13 12:04:51.488 [main] INFO  c.a.n.p.auth.spi.client.ClientAuthPluginManager - [ClientAuthPluginManager] Load ClientAuthService com.alibaba.nacos.client.auth.ram.RamClientAuthServiceImpl success.
2024-09-13 12:04:51.490 [main] INFO  c.a.n.client.auth.ram.identify.CredentialWatcher - null No credential found
2024-09-13 12:04:51.494 [main] INFO  com.alibaba.nacos.common.remote.client - [RpcClientFactory] create a new rpc client of 2081d27b-3d18-4bc3-8a33-d827bf73afc0
2024-09-13 12:04:51.504 [main] INFO  com.alibaba.nacos.common.remote.client - [2081d27b-3d18-4bc3-8a33-d827bf73afc0] RpcClient init, ServerListFactory = com.alibaba.nacos.client.naming.core.ServerListManager
2024-09-13 12:04:51.504 [main] INFO  com.alibaba.nacos.common.remote.client - [2081d27b-3d18-4bc3-8a33-d827bf73afc0] Registry connection listener to current client:com.alibaba.nacos.client.naming.remote.gprc.redo.NamingGrpcRedoService
2024-09-13 12:04:51.504 [main] INFO  com.alibaba.nacos.common.remote.client - [2081d27b-3d18-4bc3-8a33-d827bf73afc0] Register server push request handler:com.alibaba.nacos.client.naming.remote.gprc.NamingPushRequestHandler
2024-09-13 12:04:51.506 [main] INFO  com.alibaba.nacos.common.remote.client - [2081d27b-3d18-4bc3-8a33-d827bf73afc0] Try to connect to server on start up, server: {serverIp = '127.0.0.1', server main port = 8848}
2024-09-13 12:04:51.521 [main] INFO  c.a.nacos.common.remote.client.grpc.GrpcClient - grpc client connection server:127.0.0.1 ip,serverPort:9848,grpcTslConfig:{"sslProvider":"OPENSSL","enableTls":false,"mutualAuthEnable":false,"trustAll":false}
2024-09-13 12:04:52.064 [main] INFO  com.alibaba.nacos.common.remote.client - [2081d27b-3d18-4bc3-8a33-d827bf73afc0] Success to connect to server [127.0.0.1:8848] on start up, connectionId = 1726200291910_172.17.0.1_42350
2024-09-13 12:04:52.064 [com.alibaba.nacos.client.remote.worker] INFO  com.alibaba.nacos.common.remote.client - [2081d27b-3d18-4bc3-8a33-d827bf73afc0] Notify connected event to listeners.
2024-09-13 12:04:52.065 [com.alibaba.nacos.client.remote.worker] INFO  com.alibaba.nacos.client.naming - Grpc connection connect
2024-09-13 12:04:52.065 [main] INFO  com.alibaba.nacos.common.remote.client - [2081d27b-3d18-4bc3-8a33-d827bf73afc0] Register server push request handler:com.alibaba.nacos.common.remote.client.RpcClient$ConnectResetRequestHandler
2024-09-13 12:04:52.065 [main] INFO  com.alibaba.nacos.common.remote.client - [2081d27b-3d18-4bc3-8a33-d827bf73afc0] Register server push request handler:com.alibaba.nacos.common.remote.client.RpcClient$$Lambda$1261/0x00000200f0900000
2024-09-13 12:04:52.066 [main] INFO  com.alibaba.nacos.client.naming - [REGISTER-SERVICE] xiaohashu registering service xiaohashu-user with instance Instance{instanceId='null', ip='192.168.1.3', port=8082, weight=1.0, healthy=true, enabled=true, ephemeral=true, clusterName='DEFAULT', serviceName='null', metadata={IPv6=[240e:b65:588:a000:6afd:22d4:517:c2d], preserved.register.source=SPRING_CLOUD}}
2024-09-13 12:04:52.078 [main] INFO  c.a.cloud.nacos.registry.NacosServiceRegistry - nacos registry, DEFAULT_GROUP xiaohashu-user 192.168.1.3:8082 register finished
2024-09-13 12:04:52.175 [main] INFO  c.q.xiaohashu.user.biz.XiaohashuUserBizApplication - Started XiaohashuUserBizApplication in 3.252 seconds (process running for 3.52)
2024-09-13 12:04:52.175 [main] INFO  c.q.x.u.biz.runner.PushRolePermissions2RedisRunner - ==> æœåŠ¡å¯åŠ¨ï¼Œå¼€å§‹åŒæ­¥è§’è‰²æƒé™æ•°æ®åˆ° Redis ä¸­...
2024-09-13 12:04:52.419 [main] WARN  c.q.x.u.biz.runner.PushRolePermissions2RedisRunner - ==> è§’è‰²æƒé™æ•°æ®å·²ç»åŒæ­¥è‡³ Redis ä¸­ï¼Œä¸å†åŒæ­¥...
2024-09-13 12:07:17.078 [http-nio-8082-exec-1] INFO  o.a.c.core.ContainerBase.[Tomcat].[localhost].[/] - Initializing Spring DispatcherServlet 'dispatcherServlet'
2024-09-13 12:07:17.078 [http-nio-8082-exec-1] INFO  org.springframework.web.servlet.DispatcherServlet - Initializing Servlet 'dispatcherServlet'
2024-09-13 12:07:17.079 [http-nio-8082-exec-1] INFO  org.springframework.web.servlet.DispatcherServlet - Completed initialization in 1 ms
2024-09-13 12:07:17.085 [http-nio-8082-exec-1] INFO  c.q.f.b.context.filter.HeaderUserId2ContextFilter - ===== è®¾ç½® userId åˆ° ThreadLocal ä¸­ï¼Œ ç”¨æˆ· ID: 27
2024-09-13 12:07:17.128 [http-nio-8082-exec-1] INFO  c.q.f.b.operationlog.aspect.ApiOperationLogAspect - ====== è¯·æ±‚å¼€å§‹: [æŸ¥è¯¢ç”¨æˆ·ä¿¡æ¯], å…¥å‚: {"id":1111}, è¯·æ±‚ç±»: UserController, è¯·æ±‚æ–¹æ³•: findById =================================== 
2024-09-13 12:07:17.153 [http-nio-8082-exec-1] DEBUG c.q.x.u.b.d.mapper.UserDOMapper.selectByPrimaryKey - ==>  Preparing: select id, xiaohashu_id, `password`, nickname, avatar, birthday, background_img, phone, sex, `status`, introduction, create_time, update_time, is_deleted from t_user where id = ?
2024-09-13 12:07:17.268 [http-nio-8082-exec-1] DEBUG c.q.x.u.b.d.mapper.UserDOMapper.selectByPrimaryKey - ==> Parameters: 1111(Long)
2024-09-13 12:07:17.280 [http-nio-8082-exec-1] DEBUG c.q.x.u.b.d.mapper.UserDOMapper.selectByPrimaryKey - <==      Total: 0
2024-09-13 12:07:17.283 [http-nio-8082-exec-1] WARN  c.q.x.user.biz.exception.GlobalExceptionHandler - /user/findById request fail, errorCode: USER-20007, errorMessage: è¯¥ç”¨æˆ·ä¸å­˜åœ¨
2024-09-13 12:07:17.290 [http-nio-8082-exec-1] INFO  c.q.f.b.context.filter.HeaderUserId2ContextFilter - ===== åˆ é™¤ ThreadLocalï¼Œ userId: 27
2024-09-13 12:09:18.959 [http-nio-8082-exec-3] INFO  c.q.f.b.context.filter.HeaderUserId2ContextFilter - ===== è®¾ç½® userId åˆ° ThreadLocal ä¸­ï¼Œ ç”¨æˆ· ID: 27
2024-09-13 12:09:18.960 [http-nio-8082-exec-3] INFO  c.q.f.b.operationlog.aspect.ApiOperationLogAspect - ====== è¯·æ±‚å¼€å§‹: [æŸ¥è¯¢ç”¨æˆ·ä¿¡æ¯], å…¥å‚: {"id":24}, è¯·æ±‚ç±»: UserController, è¯·æ±‚æ–¹æ³•: findById =================================== 
2024-09-13 12:09:18.962 [http-nio-8082-exec-3] DEBUG c.q.x.u.b.d.mapper.UserDOMapper.selectByPrimaryKey - ==>  Preparing: select id, xiaohashu_id, `password`, nickname, avatar, birthday, background_img, phone, sex, `status`, introduction, create_time, update_time, is_deleted from t_user where id = ?
2024-09-13 12:09:18.962 [http-nio-8082-exec-3] DEBUG c.q.x.u.b.d.mapper.UserDOMapper.selectByPrimaryKey - ==> Parameters: 24(Long)
2024-09-13 12:09:18.967 [http-nio-8082-exec-3] DEBUG c.q.x.u.b.d.mapper.UserDOMapper.selectByPrimaryKey - <==      Total: 1
2024-09-13 12:09:18.968 [http-nio-8082-exec-3] INFO  c.q.f.b.operationlog.aspect.ApiOperationLogAspect - ====== è¯·æ±‚ç»“æŸ: [æŸ¥è¯¢ç”¨æˆ·ä¿¡æ¯], è€—æ—¶: 8ms, å‡ºå‚: {"success":true,"message":null,"errorCode":null,"data":{"id":24,"nickName":"å°çº¢è–¯10023","avatar":null}} =================================== 
2024-09-13 12:09:18.970 [http-nio-8082-exec-3] INFO  c.q.f.b.context.filter.HeaderUserId2ContextFilter - ===== åˆ é™¤ ThreadLocalï¼Œ userId: 27
2024-09-13 12:10:00.593 [http-nio-8082-exec-5] INFO  c.q.f.b.context.filter.HeaderUserId2ContextFilter - ===== è®¾ç½® userId åˆ° ThreadLocal ä¸­ï¼Œ ç”¨æˆ· ID: 27
2024-09-13 12:10:00.594 [http-nio-8082-exec-5] INFO  c.q.f.b.operationlog.aspect.ApiOperationLogAspect - ====== è¯·æ±‚å¼€å§‹: [æŸ¥è¯¢ç”¨æˆ·ä¿¡æ¯], å…¥å‚: {"id":24}, è¯·æ±‚ç±»: UserController, è¯·æ±‚æ–¹æ³•: findById =================================== 
2024-09-13 12:10:00.599 [http-nio-8082-exec-5] INFO  c.q.f.b.operationlog.aspect.ApiOperationLogAspect - ====== è¯·æ±‚ç»“æŸ: [æŸ¥è¯¢ç”¨æˆ·ä¿¡æ¯], è€—æ—¶: 5ms, å‡ºå‚: {"success":true,"message":null,"errorCode":null,"data":{"id":24,"nickName":"å°çº¢è–¯10023","avatar":null}} =================================== 
2024-09-13 12:10:00.599 [http-nio-8082-exec-5] INFO  c.q.f.b.context.filter.HeaderUserId2ContextFilter - ===== åˆ é™¤ ThreadLocalï¼Œ userId: 27
2024-09-13 12:15:01.723 [http-nio-8082-exec-7] INFO  c.q.f.b.context.filter.HeaderUserId2ContextFilter - ===== è®¾ç½® userId åˆ° ThreadLocal ä¸­ï¼Œ ç”¨æˆ· ID: 27
2024-09-13 12:15:01.724 [http-nio-8082-exec-7] INFO  c.q.f.b.operationlog.aspect.ApiOperationLogAspect - ====== è¯·æ±‚å¼€å§‹: [æŸ¥è¯¢ç”¨æˆ·ä¿¡æ¯], å…¥å‚: {"id":24}, è¯·æ±‚ç±»: UserController, è¯·æ±‚æ–¹æ³•: findById =================================== 
2024-09-13 12:15:01.726 [http-nio-8082-exec-7] INFO  c.q.x.user.biz.service.impl.UserServiceImpl - ==> å‘½ä¸­äº†æœ¬åœ°ç¼“å­˜ï¼›FindUserByIdRspDTO(id=24, nickName=å°çº¢è–¯10023, avatar=null)
2024-09-13 12:15:01.726 [http-nio-8082-exec-7] INFO  c.q.f.b.operationlog.aspect.ApiOperationLogAspect - ====== è¯·æ±‚ç»“æŸ: [æŸ¥è¯¢ç”¨æˆ·ä¿¡æ¯], è€—æ—¶: 2ms, å‡ºå‚: {"success":true,"message":null,"errorCode":null,"data":{"id":24,"nickName":"å°çº¢è–¯10023","avatar":null}} =================================== 
2024-09-13 12:15:01.728 [http-nio-8082-exec-7] INFO  c.q.f.b.context.filter.HeaderUserId2ContextFilter - ===== åˆ é™¤ ThreadLocalï¼Œ userId: 27
2024-09-13 12:15:33.613 [http-nio-8082-exec-8] INFO  c.q.f.b.context.filter.HeaderUserId2ContextFilter - ===== è®¾ç½® userId åˆ° ThreadLocal ä¸­ï¼Œ ç”¨æˆ· ID: 27
2024-09-13 12:15:33.614 [http-nio-8082-exec-8] INFO  c.q.f.b.operationlog.aspect.ApiOperationLogAspect - ====== è¯·æ±‚å¼€å§‹: [æŸ¥è¯¢ç”¨æˆ·ä¿¡æ¯], å…¥å‚: {"id":24}, è¯·æ±‚ç±»: UserController, è¯·æ±‚æ–¹æ³•: findById =================================== 
2024-09-13 12:15:33.614 [http-nio-8082-exec-8] INFO  c.q.x.user.biz.service.impl.UserServiceImpl - ==> å‘½ä¸­äº†æœ¬åœ°ç¼“å­˜ï¼›FindUserByIdRspDTO(id=24, nickName=å°çº¢è–¯10023, avatar=null)
2024-09-13 12:15:33.614 [http-nio-8082-exec-8] INFO  c.q.f.b.operationlog.aspect.ApiOperationLogAspect - ====== è¯·æ±‚ç»“æŸ: [æŸ¥è¯¢ç”¨æˆ·ä¿¡æ¯], è€—æ—¶: 0ms, å‡ºå‚: {"success":true,"message":null,"errorCode":null,"data":{"id":24,"nickName":"å°çº¢è–¯10023","avatar":null}} =================================== 
2024-09-13 12:15:33.615 [http-nio-8082-exec-8] INFO  c.q.f.b.context.filter.HeaderUserId2ContextFilter - ===== åˆ é™¤ ThreadLocalï¼Œ userId: 27
2024-09-13 12:19:53.213 [http-nio-8082-exec-10] INFO  c.q.f.b.context.filter.HeaderUserId2ContextFilter - ===== è®¾ç½® userId åˆ° ThreadLocal ä¸­ï¼Œ ç”¨æˆ· ID: 27
2024-09-13 12:19:53.215 [http-nio-8082-exec-10] INFO  c.q.f.b.operationlog.aspect.ApiOperationLogAspect - ====== è¯·æ±‚å¼€å§‹: [æŸ¥è¯¢ç”¨æˆ·ä¿¡æ¯], å…¥å‚: {"id":24}, è¯·æ±‚ç±»: UserController, è¯·æ±‚æ–¹æ³•: findById =================================== 
2024-09-13 12:19:53.215 [http-nio-8082-exec-10] INFO  c.q.x.user.biz.service.impl.UserServiceImpl - ==> å‘½ä¸­äº†æœ¬åœ°ç¼“å­˜ï¼›FindUserByIdRspDTO(id=24, nickName=å°çº¢è–¯10023, avatar=null)
2024-09-13 12:19:53.215 [http-nio-8082-exec-10] INFO  c.q.f.b.operationlog.aspect.ApiOperationLogAspect - ====== è¯·æ±‚ç»“æŸ: [æŸ¥è¯¢ç”¨æˆ·ä¿¡æ¯], è€—æ—¶: 0ms, å‡ºå‚: {"success":true,"message":null,"errorCode":null,"data":{"id":24,"nickName":"å°çº¢è–¯10023","avatar":null}} =================================== 
2024-09-13 12:19:53.216 [http-nio-8082-exec-10] INFO  c.q.f.b.context.filter.HeaderUserId2ContextFilter - ===== åˆ é™¤ ThreadLocalï¼Œ userId: 27
2024-09-13 12:20:02.636 [http-nio-8082-exec-1] INFO  c.q.f.b.context.filter.HeaderUserId2ContextFilter - ===== è®¾ç½® userId åˆ° ThreadLocal ä¸­ï¼Œ ç”¨æˆ· ID: 27
2024-09-13 12:20:02.637 [http-nio-8082-exec-1] INFO  c.q.f.b.operationlog.aspect.ApiOperationLogAspect - ====== è¯·æ±‚å¼€å§‹: [æŸ¥è¯¢ç”¨æˆ·ä¿¡æ¯], å…¥å‚: {"id":24}, è¯·æ±‚ç±»: UserController, è¯·æ±‚æ–¹æ³•: findById =================================== 
2024-09-13 12:20:02.637 [http-nio-8082-exec-1] INFO  c.q.x.user.biz.service.impl.UserServiceImpl - ==> å‘½ä¸­äº†æœ¬åœ°ç¼“å­˜ï¼›FindUserByIdRspDTO(id=24, nickName=å°çº¢è–¯10023, avatar=null)
2024-09-13 12:20:02.637 [http-nio-8082-exec-1] INFO  c.q.f.b.operationlog.aspect.ApiOperationLogAspect - ====== è¯·æ±‚ç»“æŸ: [æŸ¥è¯¢ç”¨æˆ·ä¿¡æ¯], è€—æ—¶: 0ms, å‡ºå‚: {"success":true,"message":null,"errorCode":null,"data":{"id":24,"nickName":"å°çº¢è–¯10023","avatar":null}} =================================== 
2024-09-13 12:20:02.638 [http-nio-8082-exec-1] INFO  c.q.f.b.context.filter.HeaderUserId2ContextFilter - ===== åˆ é™¤ ThreadLocalï¼Œ userId: 27
2024-09-13 12:25:02.485 [http-nio-8082-exec-3] INFO  c.q.f.b.context.filter.HeaderUserId2ContextFilter - ===== è®¾ç½® userId åˆ° ThreadLocal ä¸­ï¼Œ ç”¨æˆ· ID: 27
2024-09-13 12:25:02.486 [http-nio-8082-exec-3] INFO  c.q.f.b.operationlog.aspect.ApiOperationLogAspect - ====== è¯·æ±‚å¼€å§‹: [æŸ¥è¯¢ç”¨æˆ·ä¿¡æ¯], å…¥å‚: {"id":24}, è¯·æ±‚ç±»: UserController, è¯·æ±‚æ–¹æ³•: findById =================================== 
2024-09-13 12:25:02.486 [http-nio-8082-exec-3] INFO  c.q.x.user.biz.service.impl.UserServiceImpl - ==> å‘½ä¸­äº†æœ¬åœ°ç¼“å­˜ï¼›FindUserByIdRspDTO(id=24, nickName=å°çº¢è–¯10023, avatar=null)
2024-09-13 12:25:02.486 [http-nio-8082-exec-3] INFO  c.q.f.b.operationlog.aspect.ApiOperationLogAspect - ====== è¯·æ±‚ç»“æŸ: [æŸ¥è¯¢ç”¨æˆ·ä¿¡æ¯], è€—æ—¶: 0ms, å‡ºå‚: {"success":true,"message":null,"errorCode":null,"data":{"id":24,"nickName":"å°çº¢è–¯10023","avatar":null}} =================================== 
2024-09-13 12:25:02.487 [http-nio-8082-exec-3] INFO  c.q.f.b.context.filter.HeaderUserId2ContextFilter - ===== åˆ é™¤ ThreadLocalï¼Œ userId: 27
2024-09-13 12:29:13.129 [http-nio-8082-exec-5] INFO  c.q.f.b.context.filter.HeaderUserId2ContextFilter - ===== è®¾ç½® userId åˆ° ThreadLocal ä¸­ï¼Œ ç”¨æˆ· ID: 27
2024-09-13 12:29:13.130 [http-nio-8082-exec-5] INFO  c.q.f.b.operationlog.aspect.ApiOperationLogAspect - ====== è¯·æ±‚å¼€å§‹: [æŸ¥è¯¢ç”¨æˆ·ä¿¡æ¯], å…¥å‚: {"id":24}, è¯·æ±‚ç±»: UserController, è¯·æ±‚æ–¹æ³•: findById =================================== 
2024-09-13 12:29:13.130 [http-nio-8082-exec-5] INFO  c.q.x.user.biz.service.impl.UserServiceImpl - ==> å‘½ä¸­äº†æœ¬åœ°ç¼“å­˜ï¼›FindUserByIdRspDTO(id=24, nickName=å°çº¢è–¯10023, avatar=null)
2024-09-13 12:29:13.130 [http-nio-8082-exec-5] INFO  c.q.f.b.operationlog.aspect.ApiOperationLogAspect - ====== è¯·æ±‚ç»“æŸ: [æŸ¥è¯¢ç”¨æˆ·ä¿¡æ¯], è€—æ—¶: 1ms, å‡ºå‚: {"success":true,"message":null,"errorCode":null,"data":{"id":24,"nickName":"å°çº¢è–¯10023","avatar":null}} =================================== 
2024-09-13 12:29:13.131 [http-nio-8082-exec-5] INFO  c.q.f.b.context.filter.HeaderUserId2ContextFilter - ===== åˆ é™¤ ThreadLocalï¼Œ userId: 27
2024-09-13 12:30:01.576 [http-nio-8082-exec-7] INFO  c.q.f.b.context.filter.HeaderUserId2ContextFilter - ===== è®¾ç½® userId åˆ° ThreadLocal ä¸­ï¼Œ ç”¨æˆ· ID: 27
2024-09-13 12:30:01.577 [http-nio-8082-exec-7] INFO  c.q.f.b.operationlog.aspect.ApiOperationLogAspect - ====== è¯·æ±‚å¼€å§‹: [æŸ¥è¯¢ç”¨æˆ·ä¿¡æ¯], å…¥å‚: {"id":24}, è¯·æ±‚ç±»: UserController, è¯·æ±‚æ–¹æ³•: findById =================================== 
2024-09-13 12:30:01.577 [http-nio-8082-exec-7] INFO  c.q.x.user.biz.service.impl.UserServiceImpl - ==> å‘½ä¸­äº†æœ¬åœ°ç¼“å­˜ï¼›FindUserByIdRspDTO(id=24, nickName=å°çº¢è–¯10023, avatar=null)
2024-09-13 12:30:01.577 [http-nio-8082-exec-7] INFO  c.q.f.b.operationlog.aspect.ApiOperationLogAspect - ====== è¯·æ±‚ç»“æŸ: [æŸ¥è¯¢ç”¨æˆ·ä¿¡æ¯], è€—æ—¶: 0ms, å‡ºå‚: {"success":true,"message":null,"errorCode":null,"data":{"id":24,"nickName":"å°çº¢è–¯10023","avatar":null}} =================================== 
2024-09-13 12:30:01.578 [http-nio-8082-exec-7] INFO  c.q.f.b.context.filter.HeaderUserId2ContextFilter - ===== åˆ é™¤ ThreadLocalï¼Œ userId: 27
2024-09-13 12:32:03.422 [http-nio-8082-exec-9] INFO  c.q.f.b.context.filter.HeaderUserId2ContextFilter - ===== è®¾ç½® userId åˆ° ThreadLocal ä¸­ï¼Œ ç”¨æˆ· ID: 27
2024-09-13 12:32:03.423 [http-nio-8082-exec-9] INFO  c.q.f.b.operationlog.aspect.ApiOperationLogAspect - ====== è¯·æ±‚å¼€å§‹: [æŸ¥è¯¢ç”¨æˆ·ä¿¡æ¯], å…¥å‚: {"id":24}, è¯·æ±‚ç±»: UserController, è¯·æ±‚æ–¹æ³•: findById =================================== 
2024-09-13 12:32:03.423 [http-nio-8082-exec-9] INFO  c.q.x.user.biz.service.impl.UserServiceImpl - ==> å‘½ä¸­äº†æœ¬åœ°ç¼“å­˜ï¼›FindUserByIdRspDTO(id=24, nickName=å°çº¢è–¯10023, avatar=null)
2024-09-13 12:32:03.423 [http-nio-8082-exec-9] INFO  c.q.f.b.operationlog.aspect.ApiOperationLogAspect - ====== è¯·æ±‚ç»“æŸ: [æŸ¥è¯¢ç”¨æˆ·ä¿¡æ¯], è€—æ—¶: 1ms, å‡ºå‚: {"success":true,"message":null,"errorCode":null,"data":{"id":24,"nickName":"å°çº¢è–¯10023","avatar":null}} =================================== 
2024-09-13 12:32:03.423 [http-nio-8082-exec-9] INFO  c.q.f.b.context.filter.HeaderUserId2ContextFilter - ===== åˆ é™¤ ThreadLocalï¼Œ userId: 27
2024-09-13 17:56:12.275 [http-nio-8082-exec-1] INFO  c.q.f.b.context.filter.HeaderUserId2ContextFilter - ===== è®¾ç½® userId åˆ° ThreadLocal ä¸­ï¼Œ ç”¨æˆ· ID: 27
2024-09-13 17:56:12.278 [http-nio-8082-exec-1] INFO  c.q.f.b.operationlog.aspect.ApiOperationLogAspect - ====== è¯·æ±‚å¼€å§‹: [æŸ¥è¯¢ç”¨æˆ·ä¿¡æ¯], å…¥å‚: {"id":24}, è¯·æ±‚ç±»: UserController, è¯·æ±‚æ–¹æ³•: findById =================================== 
2024-09-13 17:56:12.281 [http-nio-8082-exec-1] INFO  c.q.f.b.operationlog.aspect.ApiOperationLogAspect - ====== è¯·æ±‚ç»“æŸ: [æŸ¥è¯¢ç”¨æˆ·ä¿¡æ¯], è€—æ—¶: 3ms, å‡ºå‚: {"success":true,"message":null,"errorCode":null,"data":{"id":24,"nickName":"å°çº¢è–¯10023","avatar":null}} =================================== 
2024-09-13 17:56:12.282 [http-nio-8082-exec-1] INFO  c.q.f.b.context.filter.HeaderUserId2ContextFilter - ===== åˆ é™¤ ThreadLocalï¼Œ userId: 27
2024-09-13 18:01:28.262 [http-nio-8082-exec-3] INFO  c.q.f.b.context.filter.HeaderUserId2ContextFilter - ===== è®¾ç½® userId åˆ° ThreadLocal ä¸­ï¼Œ ç”¨æˆ· ID: 27
2024-09-13 18:01:28.262 [http-nio-8082-exec-3] INFO  c.q.f.b.operationlog.aspect.ApiOperationLogAspect - ====== è¯·æ±‚å¼€å§‹: [æŸ¥è¯¢ç”¨æˆ·ä¿¡æ¯], å…¥å‚: {"id":26}, è¯·æ±‚ç±»: UserController, è¯·æ±‚æ–¹æ³•: findById =================================== 
2024-09-13 18:01:28.271 [http-nio-8082-exec-3] DEBUG c.q.x.u.b.d.mapper.UserDOMapper.selectByPrimaryKey - ==>  Preparing: select id, xiaohashu_id, `password`, nickname, avatar, birthday, background_img, phone, sex, `status`, introduction, create_time, update_time, is_deleted from t_user where id = ?
2024-09-13 18:01:28.271 [http-nio-8082-exec-3] DEBUG c.q.x.u.b.d.mapper.UserDOMapper.selectByPrimaryKey - ==> Parameters: 26(Long)
2024-09-13 18:01:28.273 [http-nio-8082-exec-3] DEBUG c.q.x.u.b.d.mapper.UserDOMapper.selectByPrimaryKey - <==      Total: 1
2024-09-13 18:01:28.273 [http-nio-8082-exec-3] INFO  c.q.f.b.operationlog.aspect.ApiOperationLogAspect - ====== è¯·æ±‚ç»“æŸ: [æŸ¥è¯¢ç”¨æˆ·ä¿¡æ¯], è€—æ—¶: 11ms, å‡ºå‚: {"success":true,"message":null,"errorCode":null,"data":{"id":26,"nickName":"å°çº¢è–¯10025","avatar":null}} =================================== 
2024-09-13 18:01:28.274 [http-nio-8082-exec-3] INFO  c.q.f.b.context.filter.HeaderUserId2ContextFilter - ===== åˆ é™¤ ThreadLocalï¼Œ userId: 27
