2024-09-22 10:49:56.587 [Thread-9] WARN  com.alibaba.nacos.common.notify.NotifyCenter - [NotifyCenter] Start destroying Publisher
2024-09-22 10:49:56.587 [Thread-2] WARN  c.alibaba.nacos.common.http.HttpClientBeanHolder - [HttpClientBeanHolder] Start destroying common HttpClient
2024-09-22 10:49:56.590 [Thread-9] WARN  com.alibaba.nacos.common.notify.NotifyCenter - [NotifyCenter] Destruction of the end
2024-09-22 10:49:56.591 [Thread-2] WARN  c.alibaba.nacos.common.http.HttpClientBeanHolder - [HttpClientBeanHolder] Destruction of the end
2024-09-22 10:49:56.661 [SpringApplicationShutdownHook] INFO  c.a.cloud.nacos.registry.NacosServiceRegistry - De-registering from Nacos Server now...
2024-09-22 10:49:56.661 [SpringApplicationShutdownHook] INFO  com.alibaba.nacos.client.naming - [DEREGISTER-SERVICE] xiaohashu deregistering service xiaohashu-user-relation with instance: Instance{instanceId='null', ip='192.168.1.3', port=8086, weight=1.0, healthy=true, enabled=true, ephemeral=true, clusterName='DEFAULT', serviceName='null', metadata={}}
2024-09-22 10:49:56.667 [SpringApplicationShutdownHook] INFO  c.a.cloud.nacos.registry.NacosServiceRegistry - De-registration finished.
2024-09-22 10:49:56.667 [SpringApplicationShutdownHook] INFO  com.alibaba.nacos.client.naming - com.alibaba.nacos.client.naming.cache.ServiceInfoHolder do shutdown begin
2024-09-22 10:49:56.667 [SpringApplicationShutdownHook] INFO  com.alibaba.nacos.client.naming - com.alibaba.nacos.client.naming.backups.FailoverReactor do shutdown begin
2024-09-22 10:49:56.668 [SpringApplicationShutdownHook] INFO  com.alibaba.nacos.client.naming - com.alibaba.nacos.client.naming.backups.FailoverReactor do shutdown stop
2024-09-22 10:49:56.668 [SpringApplicationShutdownHook] INFO  com.alibaba.nacos.client.naming - com.alibaba.nacos.client.naming.cache.ServiceInfoHolder do shutdown stop
2024-09-22 10:49:56.668 [SpringApplicationShutdownHook] INFO  com.alibaba.nacos.client.naming - com.alibaba.nacos.client.naming.remote.NamingClientProxyDelegate do shutdown begin
2024-09-22 10:49:56.668 [SpringApplicationShutdownHook] INFO  com.alibaba.nacos.client.naming - com.alibaba.nacos.client.naming.core.ServiceInfoUpdateService do shutdown begin
2024-09-22 10:49:56.668 [SpringApplicationShutdownHook] INFO  com.alibaba.nacos.client.naming - com.alibaba.nacos.client.naming.core.ServiceInfoUpdateService do shutdown stop
2024-09-22 10:49:56.668 [SpringApplicationShutdownHook] INFO  com.alibaba.nacos.client.naming - com.alibaba.nacos.client.naming.core.ServerListManager do shutdown begin
2024-09-22 10:49:56.668 [SpringApplicationShutdownHook] WARN  com.alibaba.nacos.client.naming - [NamingHttpClientManager] Start destroying NacosRestTemplate
2024-09-22 10:49:56.668 [SpringApplicationShutdownHook] WARN  com.alibaba.nacos.client.naming - [NamingHttpClientManager] Destruction of the end
2024-09-22 10:49:56.668 [SpringApplicationShutdownHook] INFO  com.alibaba.nacos.client.naming - com.alibaba.nacos.client.naming.core.ServerListManager do shutdown stop
2024-09-22 10:49:56.668 [SpringApplicationShutdownHook] INFO  com.alibaba.nacos.client.naming - com.alibaba.nacos.client.naming.remote.http.NamingHttpClientProxy do shutdown begin
2024-09-22 10:49:56.668 [SpringApplicationShutdownHook] WARN  com.alibaba.nacos.client.naming - [NamingHttpClientManager] Start destroying NacosRestTemplate
2024-09-22 10:49:56.668 [SpringApplicationShutdownHook] WARN  com.alibaba.nacos.client.naming - [NamingHttpClientManager] Destruction of the end
2024-09-22 10:49:56.668 [SpringApplicationShutdownHook] INFO  com.alibaba.nacos.client.naming - com.alibaba.nacos.client.naming.remote.http.NamingHttpClientProxy do shutdown stop
2024-09-22 10:49:56.668 [SpringApplicationShutdownHook] INFO  com.alibaba.nacos.common.remote.client - Shutdown rpc client, set status to shutdown
2024-09-22 10:49:56.668 [SpringApplicationShutdownHook] INFO  com.alibaba.nacos.common.remote.client - Shutdown client event executor java.util.concurrent.ScheduledThreadPoolExecutor@6679177a[Running, pool size = 2, active threads = 2, queued tasks = 0, completed tasks = 0]
2024-09-22 10:49:56.669 [SpringApplicationShutdownHook] INFO  com.alibaba.nacos.common.remote.client - Close current connection 1726906418691_172.17.0.1_36624
2024-09-22 10:49:56.671 [nacos-grpc-client-executor-127.0.0.1-6807] INFO  c.a.nacos.common.remote.client.grpc.GrpcClient - [1726906418691_172.17.0.1_36624]Ignore complete event,isRunning:false,isAbandon=false
2024-09-22 10:49:56.676 [SpringApplicationShutdownHook] INFO  c.a.nacos.common.remote.client.grpc.GrpcClient - Shutdown grpc executor java.util.concurrent.ThreadPoolExecutor@bf6aa9c[Running, pool size = 4, active threads = 0, queued tasks = 0, completed tasks = 6808]
2024-09-22 10:49:56.676 [SpringApplicationShutdownHook] INFO  com.alibaba.nacos.client.naming - Shutdown grpc redo service executor java.util.concurrent.ScheduledThreadPoolExecutor@7fbedb2f[Running, pool size = 1, active threads = 0, queued tasks = 1, completed tasks = 11305]
2024-09-22 10:49:56.676 [SpringApplicationShutdownHook] INFO  c.a.n.client.auth.ram.identify.CredentialWatcher - [null] CredentialWatcher is stopped
2024-09-22 10:49:56.676 [SpringApplicationShutdownHook] INFO  c.a.n.client.auth.ram.identify.CredentialService - [null] CredentialService is freed
2024-09-22 10:49:56.677 [SpringApplicationShutdownHook] INFO  com.alibaba.nacos.client.naming - com.alibaba.nacos.client.naming.remote.NamingClientProxyDelegate do shutdown stop
2024-09-22 10:49:56.684 [SpringApplicationShutdownHook] INFO  o.a.r.s.support.DefaultRocketMQListenerContainer - container destroyed, DefaultRocketMQListenerContainer{consumerGroup='xiaohashu_group', namespace='', nameServer='127.0.0.1:9876', topic='FollowUnfollowTopic', consumeMode=CONCURRENTLY, selectorType=TAG, selectorExpression='*', messageModel=CLUSTERING', tlsEnable=false, instanceName=DEFAULT}
2024-09-22 10:49:56.832 [SpringApplicationShutdownHook] INFO  com.alibaba.druid.pool.DruidDataSource - {dataSource-1} closing ...
2024-09-22 10:49:56.833 [SpringApplicationShutdownHook] INFO  com.alibaba.druid.pool.DruidDataSource - {dataSource-1} closed
2024-09-22 16:21:37.694 [main] WARN  com.alibaba.nacos.client.logging.NacosLogging - Load Logback Configuration of Nacos fail, message: Could not initialize Logback Nacos logging from classpath:nacos-logback.xml
2024-09-22 16:21:37.730 [main] WARN  com.alibaba.nacos.client.logging.NacosLogging - Load Logback Configuration of Nacos fail, message: Could not initialize Logback Nacos logging from classpath:nacos-logback.xml
2024-09-22 16:21:37.886 [main] WARN  com.alibaba.nacos.client.logging.NacosLogging - Load Logback Configuration of Nacos fail, message: Could not initialize Logback Nacos logging from classpath:nacos-logback.xml
2024-09-22 16:21:37.887 [main] INFO  com.alibaba.nacos.client.utils.ParamUtil - [settings] [req-serv] nacos-server port:8848
2024-09-22 16:21:37.888 [main] INFO  com.alibaba.nacos.client.utils.ParamUtil - [settings] [http-client] connect timeout:1000
2024-09-22 16:21:37.889 [main] INFO  com.alibaba.nacos.client.utils.ParamUtil - PER_TASK_CONFIG_SIZE: 3000.0
2024-09-22 16:21:37.905 [main] INFO  c.a.n.p.auth.spi.client.ClientAuthPluginManager - [ClientAuthPluginManager] Load ClientAuthService com.alibaba.nacos.client.auth.impl.NacosClientAuthServiceImpl success.
2024-09-22 16:21:37.906 [main] INFO  c.a.n.p.auth.spi.client.ClientAuthPluginManager - [ClientAuthPluginManager] Load ClientAuthService com.alibaba.nacos.client.auth.ram.RamClientAuthServiceImpl success.
2024-09-22 16:21:37.907 [main] INFO  c.a.n.client.auth.ram.identify.CredentialWatcher - null No credential found
2024-09-22 16:21:38.066 [main] WARN  com.alibaba.nacos.client.logging.NacosLogging - Load Logback Configuration of Nacos fail, message: Could not initialize Logback Nacos logging from classpath:nacos-logback.xml
2024-09-22 16:21:38.074 [main] INFO  c.a.n.client.config.impl.LocalConfigInfoProcessor - LOCAL_SNAPSHOT_PATH:C:\Users\Administrator\nacos\config
2024-09-22 16:21:38.076 [main] INFO  com.alibaba.nacos.common.remote.client - [RpcClientFactory] create a new rpc client of 29693661-29cc-41de-84b1-3928e53c655d_config-0
2024-09-22 16:21:38.085 [main] INFO  com.alibaba.nacos.common.remote.client - [29693661-29cc-41de-84b1-3928e53c655d_config-0] Register server push request handler:com.alibaba.nacos.client.config.impl.ClientWorker$ConfigRpcTransportClient$$Lambda$572/0x0000021daa3675b0
2024-09-22 16:21:38.086 [main] INFO  com.alibaba.nacos.common.remote.client - [29693661-29cc-41de-84b1-3928e53c655d_config-0] Register server push request handler:com.alibaba.nacos.client.config.impl.ClientWorker$ConfigRpcTransportClient$$Lambda$573/0x0000021daa3679d0
2024-09-22 16:21:38.086 [main] INFO  com.alibaba.nacos.common.remote.client - [29693661-29cc-41de-84b1-3928e53c655d_config-0] Registry connection listener to current client:com.alibaba.nacos.client.config.impl.ClientWorker$ConfigRpcTransportClient$1
2024-09-22 16:21:38.086 [main] INFO  com.alibaba.nacos.common.remote.client - [29693661-29cc-41de-84b1-3928e53c655d_config-0] RpcClient init, ServerListFactory = com.alibaba.nacos.client.config.impl.ClientWorker$ConfigRpcTransportClient$2
2024-09-22 16:21:38.091 [main] INFO  com.alibaba.nacos.common.remote.client - [29693661-29cc-41de-84b1-3928e53c655d_config-0] Try to connect to server on start up, server: {serverIp = '127.0.0.1', server main port = 8848}
2024-09-22 16:21:38.108 [main] INFO  c.a.nacos.common.remote.client.grpc.GrpcClient - grpc client connection server:127.0.0.1 ip,serverPort:9848,grpcTslConfig:{"sslProvider":"OPENSSL","enableTls":false,"mutualAuthEnable":false,"trustAll":false}
2024-09-22 16:21:38.760 [main] INFO  com.alibaba.nacos.common.remote.client - [29693661-29cc-41de-84b1-3928e53c655d_config-0] Success to connect to server [127.0.0.1:8848] on start up, connectionId = 1726993298624_172.17.0.1_34026
2024-09-22 16:21:38.760 [com.alibaba.nacos.client.remote.worker] INFO  com.alibaba.nacos.common.remote.client - [29693661-29cc-41de-84b1-3928e53c655d_config-0] Notify connected event to listeners.
2024-09-22 16:21:38.760 [com.alibaba.nacos.client.remote.worker] INFO  com.alibaba.nacos.client.config.impl.ClientWorker - [29693661-29cc-41de-84b1-3928e53c655d_config-0] Connected,notify listen context...
2024-09-22 16:21:38.760 [main] INFO  com.alibaba.nacos.common.remote.client - [29693661-29cc-41de-84b1-3928e53c655d_config-0] Register server push request handler:com.alibaba.nacos.common.remote.client.RpcClient$ConnectResetRequestHandler
2024-09-22 16:21:38.760 [main] INFO  com.alibaba.nacos.common.remote.client - [29693661-29cc-41de-84b1-3928e53c655d_config-0] Register server push request handler:com.alibaba.nacos.common.remote.client.RpcClient$$Lambda$605/0x0000021daa4d4f48
2024-09-22 16:21:38.785 [main] INFO  com.alibaba.nacos.client.config.impl.Limiter - limitTime:5.0
2024-09-22 16:21:38.798 [main] WARN  c.a.cloud.nacos.client.NacosPropertySourceBuilder - Ignore the empty nacos configuration and get it based on dataId[xiaohashu-user-relation] & group[DEFAULT_GROUP]
2024-09-22 16:21:38.807 [main] WARN  c.a.cloud.nacos.client.NacosPropertySourceBuilder - Ignore the empty nacos configuration and get it based on dataId[xiaohashu-user-relation.yaml] & group[DEFAULT_GROUP]
2024-09-22 16:21:38.817 [main] INFO  com.alibaba.nacos.client.config.utils.JvmUtil - isMultiInstance:false
2024-09-22 16:21:38.819 [main] INFO  o.s.c.b.c.PropertySourceBootstrapConfiguration - Located property source: [BootstrapPropertySource {name='bootstrapProperties-xiaohashu-user-relation-dev.yaml,DEFAULT_GROUP'}, BootstrapPropertySource {name='bootstrapProperties-xiaohashu-user-relation.yaml,DEFAULT_GROUP'}, BootstrapPropertySource {name='bootstrapProperties-xiaohashu-user-relation,DEFAULT_GROUP'}]
2024-09-22 16:21:38.832 [main] WARN  com.alibaba.nacos.client.logging.NacosLogging - Load Logback Configuration of Nacos fail, message: Could not initialize Logback Nacos logging from classpath:nacos-logback.xml
2024-09-22 16:21:38.832 [main] INFO  c.q.x.u.r.biz.XiaohashuUserRelationBizApplication - The following 1 profile is active: "dev"
2024-09-22 16:21:39.180 [main] INFO  o.s.d.r.config.RepositoryConfigurationDelegate - Multiple Spring Data modules found, entering strict repository configuration mode
2024-09-22 16:21:39.181 [main] INFO  o.s.d.r.config.RepositoryConfigurationDelegate - Bootstrapping Spring Data Redis repositories in DEFAULT mode.
2024-09-22 16:21:39.193 [main] INFO  o.s.d.r.config.RepositoryConfigurationDelegate - Finished Spring Data repository scanning in 4 ms. Found 0 Redis repository interfaces.
2024-09-22 16:21:39.284 [main] INFO  o.springframework.cloud.context.scope.GenericScope - BeanFactory id=4e3205ab-39ef-38fe-b862-8cdb7e892169
2024-09-22 16:21:39.304 [main] INFO  o.s.c.s.PostProcessorRegistrationDelegate$BeanPostProcessorChecker - Bean 'com.quanxiaoha.xiaohashu.user.api.UserFeignApi' of type [org.springframework.cloud.openfeign.FeignClientFactoryBean] is not eligible for getting processed by all BeanPostProcessors (for example: not eligible for auto-proxying)
2024-09-22 16:21:39.427 [main] INFO  o.s.c.s.PostProcessorRegistrationDelegate$BeanPostProcessorChecker - Bean 'org.apache.rocketmq.spring.autoconfigure.MessageConverterConfiguration' of type [org.apache.rocketmq.spring.autoconfigure.MessageConverterConfiguration$$SpringCGLIB$$0] is not eligible for getting processed by all BeanPostProcessors (for example: not eligible for auto-proxying)
2024-09-22 16:21:39.455 [main] INFO  o.s.c.s.PostProcessorRegistrationDelegate$BeanPostProcessorChecker - Bean 'createRocketMQMessageConverter' of type [org.apache.rocketmq.spring.support.RocketMQMessageConverter] is not eligible for getting processed by all BeanPostProcessors (for example: not eligible for auto-proxying)
2024-09-22 16:21:39.456 [main] INFO  o.s.c.s.PostProcessorRegistrationDelegate$BeanPostProcessorChecker - Bean 'org.springframework.cloud.commons.config.CommonsConfigAutoConfiguration' of type [org.springframework.cloud.commons.config.CommonsConfigAutoConfiguration] is not eligible for getting processed by all BeanPostProcessors (for example: not eligible for auto-proxying)
2024-09-22 16:21:39.457 [main] INFO  o.s.c.s.PostProcessorRegistrationDelegate$BeanPostProcessorChecker - Bean 'org.springframework.cloud.client.loadbalancer.LoadBalancerDefaultMappingsProviderAutoConfiguration' of type [org.springframework.cloud.client.loadbalancer.LoadBalancerDefaultMappingsProviderAutoConfiguration] is not eligible for getting processed by all BeanPostProcessors (for example: not eligible for auto-proxying)
2024-09-22 16:21:39.458 [main] INFO  o.s.c.s.PostProcessorRegistrationDelegate$BeanPostProcessorChecker - Bean 'loadBalancerClientsDefaultsMappingsProvider' of type [org.springframework.cloud.client.loadbalancer.LoadBalancerDefaultMappingsProviderAutoConfiguration$$Lambda$763/0x0000021daa6a23d8] is not eligible for getting processed by all BeanPostProcessors (for example: not eligible for auto-proxying)
2024-09-22 16:21:39.458 [main] INFO  o.s.c.s.PostProcessorRegistrationDelegate$BeanPostProcessorChecker - Bean 'defaultsBindHandlerAdvisor' of type [org.springframework.cloud.commons.config.DefaultsBindHandlerAdvisor] is not eligible for getting processed by all BeanPostProcessors (for example: not eligible for auto-proxying)
2024-09-22 16:21:39.461 [main] INFO  o.s.c.s.PostProcessorRegistrationDelegate$BeanPostProcessorChecker - Bean 'rocketmq-org.apache.rocketmq.spring.autoconfigure.RocketMQProperties' of type [org.apache.rocketmq.spring.autoconfigure.RocketMQProperties] is not eligible for getting processed by all BeanPostProcessors (for example: not eligible for auto-proxying)
2024-09-22 16:21:39.462 [main] INFO  o.s.c.s.PostProcessorRegistrationDelegate$BeanPostProcessorChecker - Bean 'org.apache.rocketmq.spring.autoconfigure.ListenerContainerConfiguration' of type [org.apache.rocketmq.spring.autoconfigure.ListenerContainerConfiguration$$SpringCGLIB$$0] is not eligible for getting processed by all BeanPostProcessors (for example: not eligible for auto-proxying)
2024-09-22 16:21:39.583 [main] INFO  o.s.boot.web.embedded.tomcat.TomcatWebServer - Tomcat initialized with port(s): 8086 (http)
2024-09-22 16:21:39.588 [main] INFO  org.apache.catalina.core.StandardService - Starting service [Tomcat]
2024-09-22 16:21:39.588 [main] INFO  org.apache.catalina.core.StandardEngine - Starting Servlet engine: [Apache Tomcat/10.1.5]
2024-09-22 16:21:39.624 [main] INFO  o.a.c.core.ContainerBase.[Tomcat].[localhost].[/] - Initializing Spring embedded WebApplicationContext
2024-09-22 16:21:39.624 [main] INFO  o.s.b.w.s.c.ServletWebServerApplicationContext - Root WebApplicationContext: initialization completed in 784 ms
2024-09-22 16:21:39.679 [main] INFO  c.a.d.s.b.a.DruidDataSourceAutoConfigure - Init DruidDataSource
2024-09-22 16:21:39.875 [main] INFO  com.alibaba.druid.pool.DruidDataSource - {dataSource-1} inited
2024-09-22 16:21:40.329 [main] INFO  o.a.r.s.support.DefaultRocketMQListenerContainer - running container: DefaultRocketMQListenerContainer{consumerGroup='xiaohashu_group', namespace='', nameServer='127.0.0.1:9876', topic='FollowUnfollowTopic', consumeMode=CONCURRENTLY, selectorType=TAG, selectorExpression='*', messageModel=CLUSTERING', tlsEnable=false, instanceName=DEFAULT}
2024-09-22 16:21:40.329 [main] INFO  o.a.r.s.a.ListenerContainerConfiguration - Register the listener to container, listenerBeanName:followUnfollowConsumer, containerBeanName:org.apache.rocketmq.spring.support.DefaultRocketMQListenerContainer_1
2024-09-22 16:21:40.386 [main] INFO  o.s.cloud.openfeign.FeignClientFactoryBean - For 'xiaohashu-user' URL not provided. Will try picking an instance via load-balancing.
2024-09-22 16:21:40.409 [main] INFO  o.a.r.s.autoconfigure.RocketMQAutoConfiguration - a producer (xiaohashu_group) init on namesrv 127.0.0.1:9876
2024-09-22 16:21:40.859 [main] WARN  o.s.c.l.c.LoadBalancerCacheAutoConfiguration$LoadBalancerCaffeineWarnLogger - Spring Cloud LoadBalancer is currently working with the default cache. While this cache implementation is useful for development and tests, it's recommended to use Caffeine cache in production.You can switch to using Caffeine cache, by adding it and org.springframework.cache.caffeine.CaffeineCacheManager to the classpath.
2024-09-22 16:21:40.900 [main] INFO  o.s.boot.web.embedded.tomcat.TomcatWebServer - Tomcat started on port(s): 8086 (http) with context path ''
2024-09-22 16:21:40.902 [main] INFO  com.alibaba.nacos.client.naming - initializer namespace from ans.namespace attribute : null
2024-09-22 16:21:40.902 [main] INFO  com.alibaba.nacos.client.naming - initializer namespace from ALIBABA_ALIWARE_NAMESPACE attribute :null
2024-09-22 16:21:40.902 [main] INFO  com.alibaba.nacos.client.naming - initializer namespace from namespace attribute :null
2024-09-22 16:21:40.906 [main] INFO  c.a.n.p.auth.spi.client.ClientAuthPluginManager - [ClientAuthPluginManager] Load ClientAuthService com.alibaba.nacos.client.auth.impl.NacosClientAuthServiceImpl success.
2024-09-22 16:21:40.906 [main] INFO  c.a.n.p.auth.spi.client.ClientAuthPluginManager - [ClientAuthPluginManager] Load ClientAuthService com.alibaba.nacos.client.auth.ram.RamClientAuthServiceImpl success.
2024-09-22 16:21:40.908 [main] INFO  com.alibaba.nacos.common.remote.client - [RpcClientFactory] create a new rpc client of 619f55ee-d4a8-40dc-aeff-1bd45902da93
2024-09-22 16:21:40.909 [main] INFO  com.alibaba.nacos.common.remote.client - [619f55ee-d4a8-40dc-aeff-1bd45902da93] RpcClient init, ServerListFactory = com.alibaba.nacos.client.naming.core.ServerListManager
2024-09-22 16:21:40.909 [main] INFO  com.alibaba.nacos.common.remote.client - [619f55ee-d4a8-40dc-aeff-1bd45902da93] Registry connection listener to current client:com.alibaba.nacos.client.naming.remote.gprc.redo.NamingGrpcRedoService
2024-09-22 16:21:40.909 [main] INFO  com.alibaba.nacos.common.remote.client - [619f55ee-d4a8-40dc-aeff-1bd45902da93] Register server push request handler:com.alibaba.nacos.client.naming.remote.gprc.NamingPushRequestHandler
2024-09-22 16:21:40.909 [main] INFO  com.alibaba.nacos.common.remote.client - [619f55ee-d4a8-40dc-aeff-1bd45902da93] Try to connect to server on start up, server: {serverIp = '127.0.0.1', server main port = 8848}
2024-09-22 16:21:40.909 [main] INFO  c.a.nacos.common.remote.client.grpc.GrpcClient - grpc client connection server:127.0.0.1 ip,serverPort:9848,grpcTslConfig:{"sslProvider":"OPENSSL","enableTls":false,"mutualAuthEnable":false,"trustAll":false}
2024-09-22 16:21:41.029 [main] INFO  com.alibaba.nacos.common.remote.client - [619f55ee-d4a8-40dc-aeff-1bd45902da93] Success to connect to server [127.0.0.1:8848] on start up, connectionId = 1726993300914_172.17.0.1_34036
2024-09-22 16:21:41.029 [main] INFO  com.alibaba.nacos.common.remote.client - [619f55ee-d4a8-40dc-aeff-1bd45902da93] Register server push request handler:com.alibaba.nacos.common.remote.client.RpcClient$ConnectResetRequestHandler
2024-09-22 16:21:41.029 [main] INFO  com.alibaba.nacos.common.remote.client - [619f55ee-d4a8-40dc-aeff-1bd45902da93] Register server push request handler:com.alibaba.nacos.common.remote.client.RpcClient$$Lambda$605/0x0000021daa4d4f48
2024-09-22 16:21:41.029 [com.alibaba.nacos.client.remote.worker] INFO  com.alibaba.nacos.common.remote.client - [619f55ee-d4a8-40dc-aeff-1bd45902da93] Notify connected event to listeners.
2024-09-22 16:21:41.029 [com.alibaba.nacos.client.remote.worker] INFO  com.alibaba.nacos.client.naming - Grpc connection connect
2024-09-22 16:21:41.030 [main] INFO  com.alibaba.nacos.client.naming - [REGISTER-SERVICE] xiaohashu registering service xiaohashu-user-relation with instance Instance{instanceId='null', ip='192.168.1.3', port=8086, weight=1.0, healthy=true, enabled=true, ephemeral=true, clusterName='DEFAULT', serviceName='null', metadata={IPv6=[240e:b67:472:c000:6aa3:7f73:9b30:2fd0], preserved.register.source=SPRING_CLOUD}}
2024-09-22 16:21:41.037 [main] INFO  c.a.cloud.nacos.registry.NacosServiceRegistry - nacos registry, DEFAULT_GROUP xiaohashu-user-relation 192.168.1.3:8086 register finished
2024-09-22 16:21:41.142 [main] INFO  c.q.x.u.r.biz.XiaohashuUserRelationBizApplication - Started XiaohashuUserRelationBizApplication in 3.831 seconds (process running for 4.112)
2024-09-22 16:21:41.144 [main] INFO  com.alibaba.nacos.client.config.impl.CacheData - nacos.cache.data.init.snapshot = true 
2024-09-22 16:21:41.144 [main] INFO  com.alibaba.nacos.client.config.impl.ClientWorker - [fixed-xiaohashu-127.0.0.1_8848] [subscribe] xiaohashu-user-relation.yaml+DEFAULT_GROUP+xiaohashu
2024-09-22 16:21:41.148 [main] INFO  com.alibaba.nacos.client.config.impl.CacheData - [fixed-xiaohashu-127.0.0.1_8848] [add-listener] ok, tenant=xiaohashu, dataId=xiaohashu-user-relation.yaml, group=DEFAULT_GROUP, cnt=1
2024-09-22 16:21:41.148 [main] INFO  c.a.cloud.nacos.refresh.NacosContextRefresher - [Nacos Config] Listening config: dataId=xiaohashu-user-relation.yaml, group=DEFAULT_GROUP
2024-09-22 16:21:41.148 [main] INFO  com.alibaba.nacos.client.config.impl.ClientWorker - [fixed-xiaohashu-127.0.0.1_8848] [subscribe] xiaohashu-user-relation+DEFAULT_GROUP+xiaohashu
2024-09-22 16:21:41.148 [main] INFO  com.alibaba.nacos.client.config.impl.CacheData - [fixed-xiaohashu-127.0.0.1_8848] [add-listener] ok, tenant=xiaohashu, dataId=xiaohashu-user-relation, group=DEFAULT_GROUP, cnt=1
2024-09-22 16:21:41.148 [main] INFO  c.a.cloud.nacos.refresh.NacosContextRefresher - [Nacos Config] Listening config: dataId=xiaohashu-user-relation, group=DEFAULT_GROUP
2024-09-22 16:21:41.149 [main] INFO  com.alibaba.nacos.client.config.impl.ClientWorker - [fixed-xiaohashu-127.0.0.1_8848] [subscribe] xiaohashu-user-relation-dev.yaml+DEFAULT_GROUP+xiaohashu
2024-09-22 16:21:41.149 [main] INFO  com.alibaba.nacos.client.config.impl.CacheData - [fixed-xiaohashu-127.0.0.1_8848] [add-listener] ok, tenant=xiaohashu, dataId=xiaohashu-user-relation-dev.yaml, group=DEFAULT_GROUP, cnt=1
2024-09-22 16:21:41.149 [main] INFO  c.a.cloud.nacos.refresh.NacosContextRefresher - [Nacos Config] Listening config: dataId=xiaohashu-user-relation-dev.yaml, group=DEFAULT_GROUP
2024-09-22 16:21:50.127 [http-nio-8086-exec-1] INFO  o.a.c.core.ContainerBase.[Tomcat].[localhost].[/] - Initializing Spring DispatcherServlet 'dispatcherServlet'
2024-09-22 16:21:50.127 [http-nio-8086-exec-1] INFO  org.springframework.web.servlet.DispatcherServlet - Initializing Servlet 'dispatcherServlet'
2024-09-22 16:21:50.127 [http-nio-8086-exec-1] INFO  org.springframework.web.servlet.DispatcherServlet - Completed initialization in 0 ms
2024-09-22 16:21:50.130 [http-nio-8086-exec-1] INFO  c.q.f.b.context.filter.HeaderUserId2ContextFilter - ===== 设置 userId 到 ThreadLocal 中， 用户 ID: 27
2024-09-22 16:21:50.173 [http-nio-8086-exec-1] INFO  c.q.f.b.operationlog.aspect.ApiOperationLogAspect - ====== 请求开始: [关注用户], 入参: {"followUserId":26}, 请求类: RelationController, 请求方法: follow =================================== 
2024-09-22 16:21:50.181 [http-nio-8086-exec-1] INFO  c.q.f.b.c.interceptor.FeignRequestInterceptor - ########## feign 请求设置请求头 userId: 27
2024-09-22 16:21:50.210 [http-nio-8086-exec-1] INFO  com.alibaba.nacos.client.naming - [SUBSCRIBE-SERVICE] service:xiaohashu-user, group:DEFAULT_GROUP, clusters: 
2024-09-22 16:21:50.216 [http-nio-8086-exec-1] INFO  com.alibaba.nacos.client.naming - init new ips(0) service: DEFAULT_GROUP@@xiaohashu-user -> []
2024-09-22 16:21:50.217 [http-nio-8086-exec-1] INFO  com.alibaba.nacos.client.naming - current ips:(0) service: DEFAULT_GROUP@@xiaohashu-user -> []
2024-09-22 16:21:50.221 [http-nio-8086-exec-1] WARN  o.s.cloud.loadbalancer.core.RoundRobinLoadBalancer - No servers available for service: xiaohashu-user
2024-09-22 16:21:50.224 [http-nio-8086-exec-1] WARN  o.s.c.o.l.FeignBlockingLoadBalancerClient - Load balancer does not contain an instance for the service xiaohashu-user
2024-09-22 16:21:50.227 [http-nio-8086-exec-1] ERROR c.q.x.u.r.biz.exception.GlobalExceptionHandler - /relation/follow request error, 
feign.FeignException$ServiceUnavailable: [503] during [POST] to [http://xiaohashu-user/user/findById] [UserFeignApi#findById(FindUserByIdReqDTO)]: [Load balancer does not contain an instance for the service xiaohashu-user]
	at feign.FeignException.serverErrorStatus(FeignException.java:265)
	at feign.FeignException.errorStatus(FeignException.java:206)
	at feign.FeignException.errorStatus(FeignException.java:194)
	at feign.FeignException.errorStatus(FeignException.java:171)
	at feign.codec.ErrorDecoder$Default.decode(ErrorDecoder.java:92)
	at feign.ResponseHandler.decodeError(ResponseHandler.java:136)
	at feign.ResponseHandler.handleResponse(ResponseHandler.java:70)
	at feign.SynchronousMethodHandler.executeAndDecode(SynchronousMethodHandler.java:116)
	at feign.SynchronousMethodHandler.invoke(SynchronousMethodHandler.java:72)
	at feign.ReflectiveFeign$FeignInvocationHandler.invoke(ReflectiveFeign.java:98)
	at jdk.proxy2/jdk.proxy2.$Proxy109.findById(Unknown Source)
	at com.quanxiaoha.xiaohashu.user.relation.biz.rpc.UserRpcService.findById(UserRpcService.java:34)
	at com.quanxiaoha.xiaohashu.user.relation.biz.service.impl.RelationServiceImpl.follow(RelationServiceImpl.java:80)
	at com.quanxiaoha.xiaohashu.user.relation.biz.controller.RelationController.follow(RelationController.java:34)
	at java.base/jdk.internal.reflect.NativeMethodAccessorImpl.invoke0(Native Method)
	at java.base/jdk.internal.reflect.NativeMethodAccessorImpl.invoke(NativeMethodAccessorImpl.java:77)
	at java.base/jdk.internal.reflect.DelegatingMethodAccessorImpl.invoke(DelegatingMethodAccessorImpl.java:43)
	at java.base/java.lang.reflect.Method.invoke(Method.java:568)
	at org.springframework.aop.support.AopUtils.invokeJoinpointUsingReflection(AopUtils.java:343)
	at org.springframework.aop.framework.ReflectiveMethodInvocation.invokeJoinpoint(ReflectiveMethodInvocation.java:196)
	at org.springframework.aop.framework.ReflectiveMethodInvocation.proceed(ReflectiveMethodInvocation.java:163)
	at org.springframework.aop.framework.CglibAopProxy$CglibMethodInvocation.proceed(CglibAopProxy.java:752)
	at org.springframework.aop.aspectj.MethodInvocationProceedingJoinPoint.proceed(MethodInvocationProceedingJoinPoint.java:89)
	at com.quanxiaoha.framework.biz.operationlog.aspect.ApiOperationLogAspect.doAround(ApiOperationLogAspect.java:53)
	at java.base/jdk.internal.reflect.NativeMethodAccessorImpl.invoke0(Native Method)
	at java.base/jdk.internal.reflect.NativeMethodAccessorImpl.invoke(NativeMethodAccessorImpl.java:77)
	at java.base/jdk.internal.reflect.DelegatingMethodAccessorImpl.invoke(DelegatingMethodAccessorImpl.java:43)
	at java.base/java.lang.reflect.Method.invoke(Method.java:568)
	at org.springframework.aop.aspectj.AbstractAspectJAdvice.invokeAdviceMethodWithGivenArgs(AbstractAspectJAdvice.java:633)
	at org.springframework.aop.aspectj.AbstractAspectJAdvice.invokeAdviceMethod(AbstractAspectJAdvice.java:623)
	at org.springframework.aop.aspectj.AspectJAroundAdvice.invoke(AspectJAroundAdvice.java:71)
	at org.springframework.aop.framework.ReflectiveMethodInvocation.proceed(ReflectiveMethodInvocation.java:173)
	at org.springframework.aop.framework.CglibAopProxy$CglibMethodInvocation.proceed(CglibAopProxy.java:752)
	at org.springframework.aop.interceptor.ExposeInvocationInterceptor.invoke(ExposeInvocationInterceptor.java:97)
	at org.springframework.aop.framework.ReflectiveMethodInvocation.proceed(ReflectiveMethodInvocation.java:184)
	at org.springframework.aop.framework.CglibAopProxy$CglibMethodInvocation.proceed(CglibAopProxy.java:752)
	at org.springframework.aop.framework.CglibAopProxy$DynamicAdvisedInterceptor.intercept(CglibAopProxy.java:703)
	at com.quanxiaoha.xiaohashu.user.relation.biz.controller.RelationController$$SpringCGLIB$$0.follow(<generated>)
	at java.base/jdk.internal.reflect.NativeMethodAccessorImpl.invoke0(Native Method)
	at java.base/jdk.internal.reflect.NativeMethodAccessorImpl.invoke(NativeMethodAccessorImpl.java:77)
	at java.base/jdk.internal.reflect.DelegatingMethodAccessorImpl.invoke(DelegatingMethodAccessorImpl.java:43)
	at java.base/java.lang.reflect.Method.invoke(Method.java:568)
	at org.springframework.web.method.support.InvocableHandlerMethod.doInvoke(InvocableHandlerMethod.java:207)
	at org.springframework.web.method.support.InvocableHandlerMethod.invokeForRequest(InvocableHandlerMethod.java:152)
	at org.springframework.web.servlet.mvc.method.annotation.ServletInvocableHandlerMethod.invokeAndHandle(ServletInvocableHandlerMethod.java:117)
	at org.springframework.web.servlet.mvc.method.annotation.RequestMappingHandlerAdapter.invokeHandlerMethod(RequestMappingHandlerAdapter.java:884)
	at org.springframework.web.servlet.mvc.method.annotation.RequestMappingHandlerAdapter.handleInternal(RequestMappingHandlerAdapter.java:797)
	at org.springframework.web.servlet.mvc.method.AbstractHandlerMethodAdapter.handle(AbstractHandlerMethodAdapter.java:87)
	at org.springframework.web.servlet.DispatcherServlet.doDispatch(DispatcherServlet.java:1080)
	at org.springframework.web.servlet.DispatcherServlet.doService(DispatcherServlet.java:973)
	at org.springframework.web.servlet.FrameworkServlet.processRequest(FrameworkServlet.java:1011)
	at org.springframework.web.servlet.FrameworkServlet.doPost(FrameworkServlet.java:914)
	at jakarta.servlet.http.HttpServlet.service(HttpServlet.java:547)
	at org.springframework.web.servlet.FrameworkServlet.service(FrameworkServlet.java:885)
	at jakarta.servlet.http.HttpServlet.service(HttpServlet.java:614)
	at org.apache.catalina.core.ApplicationFilterChain.internalDoFilter(ApplicationFilterChain.java:223)
	at org.apache.catalina.core.ApplicationFilterChain.doFilter(ApplicationFilterChain.java:158)
	at org.apache.tomcat.websocket.server.WsFilter.doFilter(WsFilter.java:53)
	at org.apache.catalina.core.ApplicationFilterChain.internalDoFilter(ApplicationFilterChain.java:185)
	at org.apache.catalina.core.ApplicationFilterChain.doFilter(ApplicationFilterChain.java:158)
	at com.quanxiaoha.framework.biz.context.filter.HeaderUserId2ContextFilter.doFilterInternal(HeaderUserId2ContextFilter.java:41)
	at org.springframework.web.filter.OncePerRequestFilter.doFilter(OncePerRequestFilter.java:116)
	at org.apache.catalina.core.ApplicationFilterChain.internalDoFilter(ApplicationFilterChain.java:185)
	at org.apache.catalina.core.ApplicationFilterChain.doFilter(ApplicationFilterChain.java:158)
	at com.alibaba.druid.support.jakarta.WebStatFilter.doFilter(WebStatFilter.java:113)
	at org.apache.catalina.core.ApplicationFilterChain.internalDoFilter(ApplicationFilterChain.java:185)
	at org.apache.catalina.core.ApplicationFilterChain.doFilter(ApplicationFilterChain.java:158)
	at org.springframework.web.filter.RequestContextFilter.doFilterInternal(RequestContextFilter.java:100)
	at org.springframework.web.filter.OncePerRequestFilter.doFilter(OncePerRequestFilter.java:116)
	at org.apache.catalina.core.ApplicationFilterChain.internalDoFilter(ApplicationFilterChain.java:185)
	at org.apache.catalina.core.ApplicationFilterChain.doFilter(ApplicationFilterChain.java:158)
	at org.springframework.web.filter.FormContentFilter.doFilterInternal(FormContentFilter.java:93)
	at org.springframework.web.filter.OncePerRequestFilter.doFilter(OncePerRequestFilter.java:116)
	at org.apache.catalina.core.ApplicationFilterChain.internalDoFilter(ApplicationFilterChain.java:185)
	at org.apache.catalina.core.ApplicationFilterChain.doFilter(ApplicationFilterChain.java:158)
	at org.springframework.web.filter.CharacterEncodingFilter.doFilterInternal(CharacterEncodingFilter.java:201)
	at org.springframework.web.filter.OncePerRequestFilter.doFilter(OncePerRequestFilter.java:116)
	at org.apache.catalina.core.ApplicationFilterChain.internalDoFilter(ApplicationFilterChain.java:185)
	at org.apache.catalina.core.ApplicationFilterChain.doFilter(ApplicationFilterChain.java:158)
	at org.apache.catalina.core.StandardWrapperValve.invoke(StandardWrapperValve.java:177)
	at org.apache.catalina.core.StandardContextValve.invoke(StandardContextValve.java:97)
	at org.apache.catalina.authenticator.AuthenticatorBase.invoke(AuthenticatorBase.java:542)
	at org.apache.catalina.core.StandardHostValve.invoke(StandardHostValve.java:119)
	at org.apache.catalina.valves.ErrorReportValve.invoke(ErrorReportValve.java:92)
	at org.apache.catalina.core.StandardEngineValve.invoke(StandardEngineValve.java:78)
	at org.apache.catalina.connector.CoyoteAdapter.service(CoyoteAdapter.java:357)
	at org.apache.coyote.http11.Http11Processor.service(Http11Processor.java:400)
	at org.apache.coyote.AbstractProcessorLight.process(AbstractProcessorLight.java:65)
	at org.apache.coyote.AbstractProtocol$ConnectionHandler.process(AbstractProtocol.java:859)
	at org.apache.tomcat.util.net.NioEndpoint$SocketProcessor.doRun(NioEndpoint.java:1734)
	at org.apache.tomcat.util.net.SocketProcessorBase.run(SocketProcessorBase.java:52)
	at org.apache.tomcat.util.threads.ThreadPoolExecutor.runWorker(ThreadPoolExecutor.java:1191)
	at org.apache.tomcat.util.threads.ThreadPoolExecutor$Worker.run(ThreadPoolExecutor.java:659)
	at org.apache.tomcat.util.threads.TaskThread$WrappingRunnable.run(TaskThread.java:61)
	at java.base/java.lang.Thread.run(Thread.java:842)
2024-09-22 16:21:50.235 [http-nio-8086-exec-1] INFO  c.q.f.b.context.filter.HeaderUserId2ContextFilter - ===== 删除 ThreadLocal， userId: 27
2024-09-22 16:21:50.789 [nacos-grpc-client-executor-127.0.0.1-9] INFO  com.alibaba.nacos.common.remote.client - [619f55ee-d4a8-40dc-aeff-1bd45902da93] Receive server push request, request = NotifySubscriberRequest, requestId = 69
2024-09-22 16:21:50.789 [nacos-grpc-client-executor-127.0.0.1-9] INFO  com.alibaba.nacos.common.remote.client - [619f55ee-d4a8-40dc-aeff-1bd45902da93] Ack server push request, request = NotifySubscriberRequest, requestId = 69
2024-09-22 16:22:00.541 [nacos-grpc-client-executor-127.0.0.1-11] INFO  com.alibaba.nacos.common.remote.client - [619f55ee-d4a8-40dc-aeff-1bd45902da93] Receive server push request, request = NotifySubscriberRequest, requestId = 70
2024-09-22 16:22:00.542 [nacos-grpc-client-executor-127.0.0.1-11] INFO  com.alibaba.nacos.client.naming - new ips(1) service: DEFAULT_GROUP@@xiaohashu-user -> [{"ip":"192.168.1.3","port":8082,"weight":1.0,"healthy":true,"enabled":true,"ephemeral":true,"clusterName":"DEFAULT","serviceName":"DEFAULT_GROUP@@xiaohashu-user","metadata":{"preserved.register.source":"SPRING_CLOUD","IPv6":"[240e:b67:472:c000:6aa3:7f73:9b30:2fd0]"},"ipDeleteTimeout":30000,"instanceHeartBeatInterval":5000,"instanceHeartBeatTimeOut":15000}]
2024-09-22 16:22:00.542 [nacos-grpc-client-executor-127.0.0.1-11] INFO  com.alibaba.nacos.client.naming - current ips:(1) service: DEFAULT_GROUP@@xiaohashu-user -> [{"ip":"192.168.1.3","port":8082,"weight":1.0,"healthy":true,"enabled":true,"ephemeral":true,"clusterName":"DEFAULT","serviceName":"DEFAULT_GROUP@@xiaohashu-user","metadata":{"preserved.register.source":"SPRING_CLOUD","IPv6":"[240e:b67:472:c000:6aa3:7f73:9b30:2fd0]"},"ipDeleteTimeout":30000,"instanceHeartBeatInterval":5000,"instanceHeartBeatTimeOut":15000}]
2024-09-22 16:22:00.542 [nacos-grpc-client-executor-127.0.0.1-11] INFO  com.alibaba.nacos.common.remote.client - [619f55ee-d4a8-40dc-aeff-1bd45902da93] Ack server push request, request = NotifySubscriberRequest, requestId = 70
2024-09-22 16:22:07.338 [http-nio-8086-exec-2] INFO  c.q.f.b.context.filter.HeaderUserId2ContextFilter - ===== 设置 userId 到 ThreadLocal 中， 用户 ID: 27
2024-09-22 16:22:07.339 [http-nio-8086-exec-2] INFO  c.q.f.b.operationlog.aspect.ApiOperationLogAspect - ====== 请求开始: [关注用户], 入参: {"followUserId":26}, 请求类: RelationController, 请求方法: follow =================================== 
2024-09-22 16:22:07.339 [http-nio-8086-exec-2] INFO  c.q.f.b.c.interceptor.FeignRequestInterceptor - ########## feign 请求设置请求头 userId: 27
2024-09-22 16:22:07.619 [http-nio-8086-exec-2] DEBUG c.q.x.u.r.b.d.m.FollowingDOMapper.selectByUserId - ==>  Preparing: select user_id, following_user_id, create_time from t_following where user_id = ?
2024-09-22 16:22:07.709 [http-nio-8086-exec-2] DEBUG c.q.x.u.r.b.d.m.FollowingDOMapper.selectByUserId - ==> Parameters: 27(Long)
2024-09-22 16:22:07.720 [http-nio-8086-exec-2] DEBUG c.q.x.u.r.b.d.m.FollowingDOMapper.selectByUserId - <==      Total: 0
2024-09-22 16:22:07.730 [http-nio-8086-exec-2] INFO  c.q.x.u.r.biz.service.impl.RelationServiceImpl - ==> 开始发送关注操作 MQ, 消息体: FollowUserMqDTO(userId=27, followUserId=26, createTime=2024-09-22T16:22:07.456467500)
2024-09-22 16:22:07.731 [http-nio-8086-exec-2] INFO  c.q.f.b.operationlog.aspect.ApiOperationLogAspect - ====== 请求结束: [关注用户], 耗时: 392ms, 出参: {"success":true,"message":null,"errorCode":null,"data":null} =================================== 
2024-09-22 16:22:07.732 [http-nio-8086-exec-2] INFO  c.q.f.b.context.filter.HeaderUserId2ContextFilter - ===== 删除 ThreadLocal， userId: 27
2024-09-22 16:22:07.742 [NettyClientPublicExecutor_1] INFO  c.q.x.u.r.biz.service.impl.RelationServiceImpl - ==> MQ 发送成功，SendResult: SendResult [sendStatus=SEND_OK, msgId=7F000001D8A463947C6B6FA8B67A0000, offsetMsgId=AC18D00100002A9F0000000000C7D3CE, messageQueue=MessageQueue [topic=FollowUnfollowTopic, brokerName=SK-20231010EQPS, queueId=3], queueOffset=7506]
2024-09-22 16:22:07.748 [ConsumeMessageThread_xiaohashu_group_1] INFO  c.q.x.u.r.biz.consumer.FollowUnfollowConsumer - ==> FollowUnfollowConsumer 消费了消息 {"userId":27,"followUserId":26,"createTime":"2024-09-22 16:22:07"}, tags: Follow
2024-09-22 16:22:07.754 [ConsumeMessageThread_xiaohashu_group_1] DEBUG c.q.x.u.r.b.domain.mapper.FollowingDOMapper.insert - ==>  Preparing: insert into t_following (id, user_id, following_user_id, create_time) values (?, ?, ?, ?)
2024-09-22 16:22:07.806 [ConsumeMessageThread_xiaohashu_group_1] DEBUG c.q.x.u.r.b.domain.mapper.FollowingDOMapper.insert - ==> Parameters: null, 27(Long), 26(Long), 2024-09-22T16:22:07(LocalDateTime)
2024-09-22 16:22:07.813 [ConsumeMessageThread_xiaohashu_group_1] DEBUG c.q.x.u.r.b.domain.mapper.FollowingDOMapper.insert - <==    Updates: 1
2024-09-22 16:22:07.814 [ConsumeMessageThread_xiaohashu_group_1] DEBUG c.q.x.u.r.biz.domain.mapper.FansDOMapper.insert - ==>  Preparing: insert into t_fans (id, user_id, fans_user_id, create_time) values (?, ?, ?, ?)
2024-09-22 16:22:07.814 [ConsumeMessageThread_xiaohashu_group_1] DEBUG c.q.x.u.r.biz.domain.mapper.FansDOMapper.insert - ==> Parameters: null, 26(Long), 27(Long), 2024-09-22T16:22:07(LocalDateTime)
2024-09-22 16:22:07.816 [ConsumeMessageThread_xiaohashu_group_1] DEBUG c.q.x.u.r.biz.domain.mapper.FansDOMapper.insert - <==    Updates: 1
2024-09-22 16:22:34.137 [http-nio-8086-exec-4] INFO  c.q.f.b.context.filter.HeaderUserId2ContextFilter - ===== 设置 userId 到 ThreadLocal 中， 用户 ID: 27
2024-09-22 16:22:34.139 [http-nio-8086-exec-4] INFO  c.q.f.b.operationlog.aspect.ApiOperationLogAspect - ====== 请求开始: [取关用户], 入参: {"unfollowUserId":26}, 请求类: RelationController, 请求方法: unfollow =================================== 
2024-09-22 16:22:34.139 [http-nio-8086-exec-4] INFO  c.q.f.b.c.interceptor.FeignRequestInterceptor - ########## feign 请求设置请求头 userId: 27
2024-09-22 16:22:34.152 [http-nio-8086-exec-4] INFO  c.q.x.u.r.biz.service.impl.RelationServiceImpl - ==> 开始发送取关操作 MQ, 消息体: UnfollowUserMqDTO(userId=27, unfollowUserId=26, createTime=2024-09-22T16:22:34.151876700)
2024-09-22 16:22:34.152 [http-nio-8086-exec-4] INFO  c.q.f.b.operationlog.aspect.ApiOperationLogAspect - ====== 请求结束: [取关用户], 耗时: 13ms, 出参: {"success":true,"message":null,"errorCode":null,"data":null} =================================== 
2024-09-22 16:22:34.153 [http-nio-8086-exec-4] INFO  c.q.f.b.context.filter.HeaderUserId2ContextFilter - ===== 删除 ThreadLocal， userId: 27
2024-09-22 16:22:34.153 [NettyClientPublicExecutor_2] INFO  c.q.x.u.r.biz.service.impl.RelationServiceImpl - ==> MQ 发送成功，SendResult: SendResult [sendStatus=SEND_OK, msgId=7F000001D8A463947C6B6FA91DA80001, offsetMsgId=AC18D00100002A9F0000000000C7D52F, messageQueue=MessageQueue [topic=FollowUnfollowTopic, brokerName=SK-20231010EQPS, queueId=3], queueOffset=7507]
2024-09-22 16:22:34.157 [ConsumeMessageThread_xiaohashu_group_2] INFO  c.q.x.u.r.biz.consumer.FollowUnfollowConsumer - ==> FollowUnfollowConsumer 消费了消息 {"userId":27,"unfollowUserId":26,"createTime":"2024-09-22 16:22:34"}, tags: Unfollow
2024-09-22 16:22:34.159 [ConsumeMessageThread_xiaohashu_group_2] DEBUG c.q.x.u.r.b.d.m.F.deleteByUserIdAndFollowingUserId - ==>  Preparing: delete from t_following where user_id = ? and following_user_id = ?
2024-09-22 16:22:34.160 [ConsumeMessageThread_xiaohashu_group_2] ERROR c.q.x.u.r.biz.consumer.FollowUnfollowConsumer - 
org.mybatis.spring.MyBatisSystemException: null
	at org.mybatis.spring.MyBatisExceptionTranslator.translateExceptionIfPossible(MyBatisExceptionTranslator.java:97)
	at org.mybatis.spring.SqlSessionTemplate$SqlSessionInterceptor.invoke(SqlSessionTemplate.java:439)
	at jdk.proxy2/jdk.proxy2.$Proxy92.delete(Unknown Source)
	at org.mybatis.spring.SqlSessionTemplate.delete(SqlSessionTemplate.java:304)
	at org.apache.ibatis.binding.MapperMethod.execute(MapperMethod.java:72)
	at org.apache.ibatis.binding.MapperProxy$PlainMethodInvoker.invoke(MapperProxy.java:142)
	at org.apache.ibatis.binding.MapperProxy.invoke(MapperProxy.java:86)
	at jdk.proxy2/jdk.proxy2.$Proxy93.deleteByUserIdAndFollowingUserId(Unknown Source)
	at com.quanxiaoha.xiaohashu.user.relation.biz.consumer.FollowUnfollowConsumer.lambda$handleUnfollowTagMessage$1(FollowUnfollowConsumer.java:157)
	at org.springframework.transaction.support.TransactionTemplate.execute(TransactionTemplate.java:140)
	at com.quanxiaoha.xiaohashu.user.relation.biz.consumer.FollowUnfollowConsumer.handleUnfollowTagMessage(FollowUnfollowConsumer.java:153)
	at com.quanxiaoha.xiaohashu.user.relation.biz.consumer.FollowUnfollowConsumer.onMessage(FollowUnfollowConsumer.java:70)
	at com.quanxiaoha.xiaohashu.user.relation.biz.consumer.FollowUnfollowConsumer.onMessage(FollowUnfollowConsumer.java:36)
	at org.apache.rocketmq.spring.support.DefaultRocketMQListenerContainer.handleMessage(DefaultRocketMQListenerContainer.java:461)
	at org.apache.rocketmq.spring.support.DefaultRocketMQListenerContainer.access$100(DefaultRocketMQListenerContainer.java:71)
	at org.apache.rocketmq.spring.support.DefaultRocketMQListenerContainer$DefaultMessageListenerConcurrently.consumeMessage(DefaultRocketMQListenerContainer.java:421)
	at org.apache.rocketmq.client.impl.consumer.ConsumeMessageConcurrentlyService$ConsumeRequest.run(ConsumeMessageConcurrentlyService.java:402)
	at java.base/java.util.concurrent.Executors$RunnableAdapter.call(Executors.java:539)
	at java.base/java.util.concurrent.FutureTask.run(FutureTask.java:264)
	at java.base/java.util.concurrent.ThreadPoolExecutor.runWorker(ThreadPoolExecutor.java:1136)
	at java.base/java.util.concurrent.ThreadPoolExecutor$Worker.run(ThreadPoolExecutor.java:635)
	at java.base/java.lang.Thread.run(Thread.java:842)
Caused by: org.apache.ibatis.binding.BindingException: Parameter 'followingUserId' not found. Available parameters are [userId, unfollowUserId, param1, param2]
	at org.apache.ibatis.binding.MapperMethod$ParamMap.get(MapperMethod.java:210)
	at org.apache.ibatis.reflection.wrapper.MapWrapper.get(MapWrapper.java:45)
	at org.apache.ibatis.reflection.MetaObject.getValue(MetaObject.java:116)
	at org.apache.ibatis.scripting.defaults.DefaultParameterHandler.setParameters(DefaultParameterHandler.java:79)
	at org.apache.ibatis.executor.statement.PreparedStatementHandler.parameterize(PreparedStatementHandler.java:97)
	at org.apache.ibatis.executor.statement.RoutingStatementHandler.parameterize(RoutingStatementHandler.java:65)
	at org.apache.ibatis.executor.SimpleExecutor.prepareStatement(SimpleExecutor.java:91)
	at org.apache.ibatis.executor.SimpleExecutor.doUpdate(SimpleExecutor.java:49)
	at org.apache.ibatis.executor.BaseExecutor.update(BaseExecutor.java:117)
	at org.apache.ibatis.executor.CachingExecutor.update(CachingExecutor.java:76)
	at org.apache.ibatis.session.defaults.DefaultSqlSession.update(DefaultSqlSession.java:197)
	at org.apache.ibatis.session.defaults.DefaultSqlSession.delete(DefaultSqlSession.java:212)
	at java.base/jdk.internal.reflect.NativeMethodAccessorImpl.invoke0(Native Method)
	at java.base/jdk.internal.reflect.NativeMethodAccessorImpl.invoke(NativeMethodAccessorImpl.java:77)
	at java.base/jdk.internal.reflect.DelegatingMethodAccessorImpl.invoke(DelegatingMethodAccessorImpl.java:43)
	at java.base/java.lang.reflect.Method.invoke(Method.java:568)
	at org.mybatis.spring.SqlSessionTemplate$SqlSessionInterceptor.invoke(SqlSessionTemplate.java:425)
	... 20 common frames omitted
2024-09-22 16:24:39.118 [Thread-9] WARN  com.alibaba.nacos.common.notify.NotifyCenter - [NotifyCenter] Start destroying Publisher
2024-09-22 16:24:39.118 [Thread-2] WARN  c.alibaba.nacos.common.http.HttpClientBeanHolder - [HttpClientBeanHolder] Start destroying common HttpClient
2024-09-22 16:24:39.118 [Thread-9] WARN  com.alibaba.nacos.common.notify.NotifyCenter - [NotifyCenter] Destruction of the end
2024-09-22 16:24:39.119 [Thread-2] WARN  c.alibaba.nacos.common.http.HttpClientBeanHolder - [HttpClientBeanHolder] Destruction of the end
2024-09-22 16:24:39.141 [SpringApplicationShutdownHook] INFO  c.a.cloud.nacos.registry.NacosServiceRegistry - De-registering from Nacos Server now...
2024-09-22 16:24:39.141 [SpringApplicationShutdownHook] INFO  com.alibaba.nacos.client.naming - [DEREGISTER-SERVICE] xiaohashu deregistering service xiaohashu-user-relation with instance: Instance{instanceId='null', ip='192.168.1.3', port=8086, weight=1.0, healthy=true, enabled=true, ephemeral=true, clusterName='DEFAULT', serviceName='null', metadata={}}
2024-09-22 16:24:39.144 [SpringApplicationShutdownHook] INFO  c.a.cloud.nacos.registry.NacosServiceRegistry - De-registration finished.
2024-09-22 16:24:39.145 [SpringApplicationShutdownHook] INFO  com.alibaba.nacos.client.naming - com.alibaba.nacos.client.naming.cache.ServiceInfoHolder do shutdown begin
2024-09-22 16:24:39.145 [SpringApplicationShutdownHook] INFO  com.alibaba.nacos.client.naming - com.alibaba.nacos.client.naming.backups.FailoverReactor do shutdown begin
2024-09-22 16:24:39.145 [SpringApplicationShutdownHook] INFO  com.alibaba.nacos.client.naming - com.alibaba.nacos.client.naming.backups.FailoverReactor do shutdown stop
2024-09-22 16:24:39.145 [SpringApplicationShutdownHook] INFO  com.alibaba.nacos.client.naming - com.alibaba.nacos.client.naming.cache.ServiceInfoHolder do shutdown stop
2024-09-22 16:24:39.145 [SpringApplicationShutdownHook] INFO  com.alibaba.nacos.client.naming - com.alibaba.nacos.client.naming.remote.NamingClientProxyDelegate do shutdown begin
2024-09-22 16:24:39.145 [SpringApplicationShutdownHook] INFO  com.alibaba.nacos.client.naming - com.alibaba.nacos.client.naming.core.ServiceInfoUpdateService do shutdown begin
2024-09-22 16:24:39.145 [SpringApplicationShutdownHook] INFO  com.alibaba.nacos.client.naming - com.alibaba.nacos.client.naming.core.ServiceInfoUpdateService do shutdown stop
2024-09-22 16:24:39.145 [SpringApplicationShutdownHook] INFO  com.alibaba.nacos.client.naming - com.alibaba.nacos.client.naming.core.ServerListManager do shutdown begin
2024-09-22 16:24:39.145 [SpringApplicationShutdownHook] WARN  com.alibaba.nacos.client.naming - [NamingHttpClientManager] Start destroying NacosRestTemplate
2024-09-22 16:24:39.145 [SpringApplicationShutdownHook] WARN  com.alibaba.nacos.client.naming - [NamingHttpClientManager] Destruction of the end
2024-09-22 16:24:39.145 [SpringApplicationShutdownHook] INFO  com.alibaba.nacos.client.naming - com.alibaba.nacos.client.naming.core.ServerListManager do shutdown stop
2024-09-22 16:24:39.145 [SpringApplicationShutdownHook] INFO  com.alibaba.nacos.client.naming - com.alibaba.nacos.client.naming.remote.http.NamingHttpClientProxy do shutdown begin
2024-09-22 16:24:39.145 [SpringApplicationShutdownHook] WARN  com.alibaba.nacos.client.naming - [NamingHttpClientManager] Start destroying NacosRestTemplate
2024-09-22 16:24:39.145 [SpringApplicationShutdownHook] WARN  com.alibaba.nacos.client.naming - [NamingHttpClientManager] Destruction of the end
2024-09-22 16:24:39.145 [SpringApplicationShutdownHook] INFO  com.alibaba.nacos.client.naming - com.alibaba.nacos.client.naming.remote.http.NamingHttpClientProxy do shutdown stop
2024-09-22 16:24:39.145 [SpringApplicationShutdownHook] INFO  com.alibaba.nacos.common.remote.client - Shutdown rpc client, set status to shutdown
2024-09-22 16:24:39.145 [SpringApplicationShutdownHook] INFO  com.alibaba.nacos.common.remote.client - Shutdown client event executor java.util.concurrent.ScheduledThreadPoolExecutor@62195984[Running, pool size = 2, active threads = 2, queued tasks = 0, completed tasks = 0]
2024-09-22 16:24:39.145 [SpringApplicationShutdownHook] INFO  com.alibaba.nacos.common.remote.client - Close current connection 1726993300914_172.17.0.1_34036
2024-09-22 16:24:39.147 [SpringApplicationShutdownHook] INFO  c.a.nacos.common.remote.client.grpc.GrpcClient - Shutdown grpc executor java.util.concurrent.ThreadPoolExecutor@645120f8[Running, pool size = 3, active threads = 0, queued tasks = 0, completed tasks = 50]
2024-09-22 16:24:39.147 [SpringApplicationShutdownHook] INFO  com.alibaba.nacos.client.naming - Shutdown grpc redo service executor java.util.concurrent.ScheduledThreadPoolExecutor@691e5e21[Running, pool size = 1, active threads = 0, queued tasks = 1, completed tasks = 59]
2024-09-22 16:24:39.147 [SpringApplicationShutdownHook] INFO  c.a.n.client.auth.ram.identify.CredentialWatcher - [null] CredentialWatcher is stopped
2024-09-22 16:24:39.147 [SpringApplicationShutdownHook] INFO  c.a.n.client.auth.ram.identify.CredentialService - [null] CredentialService is freed
2024-09-22 16:24:39.147 [SpringApplicationShutdownHook] INFO  com.alibaba.nacos.client.naming - com.alibaba.nacos.client.naming.remote.NamingClientProxyDelegate do shutdown stop
2024-09-22 16:24:39.157 [SpringApplicationShutdownHook] INFO  o.a.r.s.support.DefaultRocketMQListenerContainer - container destroyed, DefaultRocketMQListenerContainer{consumerGroup='xiaohashu_group', namespace='', nameServer='127.0.0.1:9876', topic='FollowUnfollowTopic', consumeMode=CONCURRENTLY, selectorType=TAG, selectorExpression='*', messageModel=CLUSTERING', tlsEnable=false, instanceName=DEFAULT}
2024-09-22 16:24:39.271 [SpringApplicationShutdownHook] INFO  com.alibaba.druid.pool.DruidDataSource - {dataSource-1} closing ...
2024-09-22 16:24:39.274 [SpringApplicationShutdownHook] INFO  com.alibaba.druid.pool.DruidDataSource - {dataSource-1} closed
2024-09-22 16:24:41.113 [main] WARN  com.alibaba.nacos.client.logging.NacosLogging - Load Logback Configuration of Nacos fail, message: Could not initialize Logback Nacos logging from classpath:nacos-logback.xml
2024-09-22 16:24:41.149 [main] WARN  com.alibaba.nacos.client.logging.NacosLogging - Load Logback Configuration of Nacos fail, message: Could not initialize Logback Nacos logging from classpath:nacos-logback.xml
2024-09-22 16:24:41.273 [main] WARN  com.alibaba.nacos.client.logging.NacosLogging - Load Logback Configuration of Nacos fail, message: Could not initialize Logback Nacos logging from classpath:nacos-logback.xml
2024-09-22 16:24:41.275 [main] INFO  com.alibaba.nacos.client.utils.ParamUtil - [settings] [req-serv] nacos-server port:8848
2024-09-22 16:24:41.275 [main] INFO  com.alibaba.nacos.client.utils.ParamUtil - [settings] [http-client] connect timeout:1000
2024-09-22 16:24:41.275 [main] INFO  com.alibaba.nacos.client.utils.ParamUtil - PER_TASK_CONFIG_SIZE: 3000.0
2024-09-22 16:24:41.289 [main] INFO  c.a.n.p.auth.spi.client.ClientAuthPluginManager - [ClientAuthPluginManager] Load ClientAuthService com.alibaba.nacos.client.auth.impl.NacosClientAuthServiceImpl success.
2024-09-22 16:24:41.289 [main] INFO  c.a.n.p.auth.spi.client.ClientAuthPluginManager - [ClientAuthPluginManager] Load ClientAuthService com.alibaba.nacos.client.auth.ram.RamClientAuthServiceImpl success.
2024-09-22 16:24:41.291 [main] INFO  c.a.n.client.auth.ram.identify.CredentialWatcher - null No credential found
2024-09-22 16:24:41.462 [main] WARN  com.alibaba.nacos.client.logging.NacosLogging - Load Logback Configuration of Nacos fail, message: Could not initialize Logback Nacos logging from classpath:nacos-logback.xml
2024-09-22 16:24:41.470 [main] INFO  c.a.n.client.config.impl.LocalConfigInfoProcessor - LOCAL_SNAPSHOT_PATH:C:\Users\Administrator\nacos\config
2024-09-22 16:24:41.471 [main] INFO  com.alibaba.nacos.common.remote.client - [RpcClientFactory] create a new rpc client of 113af318-0b27-42cf-b10e-d2d1ca5eca55_config-0
2024-09-22 16:24:41.480 [main] INFO  com.alibaba.nacos.common.remote.client - [113af318-0b27-42cf-b10e-d2d1ca5eca55_config-0] Register server push request handler:com.alibaba.nacos.client.config.impl.ClientWorker$ConfigRpcTransportClient$$Lambda$572/0x000001bf6b367618
2024-09-22 16:24:41.481 [main] INFO  com.alibaba.nacos.common.remote.client - [113af318-0b27-42cf-b10e-d2d1ca5eca55_config-0] Register server push request handler:com.alibaba.nacos.client.config.impl.ClientWorker$ConfigRpcTransportClient$$Lambda$573/0x000001bf6b367a38
2024-09-22 16:24:41.481 [main] INFO  com.alibaba.nacos.common.remote.client - [113af318-0b27-42cf-b10e-d2d1ca5eca55_config-0] Registry connection listener to current client:com.alibaba.nacos.client.config.impl.ClientWorker$ConfigRpcTransportClient$1
2024-09-22 16:24:41.481 [main] INFO  com.alibaba.nacos.common.remote.client - [113af318-0b27-42cf-b10e-d2d1ca5eca55_config-0] RpcClient init, ServerListFactory = com.alibaba.nacos.client.config.impl.ClientWorker$ConfigRpcTransportClient$2
2024-09-22 16:24:41.485 [main] INFO  com.alibaba.nacos.common.remote.client - [113af318-0b27-42cf-b10e-d2d1ca5eca55_config-0] Try to connect to server on start up, server: {serverIp = '127.0.0.1', server main port = 8848}
2024-09-22 16:24:41.501 [main] INFO  c.a.nacos.common.remote.client.grpc.GrpcClient - grpc client connection server:127.0.0.1 ip,serverPort:9848,grpcTslConfig:{"sslProvider":"OPENSSL","enableTls":false,"mutualAuthEnable":false,"trustAll":false}
2024-09-22 16:24:42.042 [main] INFO  com.alibaba.nacos.common.remote.client - [113af318-0b27-42cf-b10e-d2d1ca5eca55_config-0] Success to connect to server [127.0.0.1:8848] on start up, connectionId = 1726993481885_172.17.0.1_34896
2024-09-22 16:24:42.042 [com.alibaba.nacos.client.remote.worker] INFO  com.alibaba.nacos.common.remote.client - [113af318-0b27-42cf-b10e-d2d1ca5eca55_config-0] Notify connected event to listeners.
2024-09-22 16:24:42.042 [com.alibaba.nacos.client.remote.worker] INFO  com.alibaba.nacos.client.config.impl.ClientWorker - [113af318-0b27-42cf-b10e-d2d1ca5eca55_config-0] Connected,notify listen context...
2024-09-22 16:24:42.042 [main] INFO  com.alibaba.nacos.common.remote.client - [113af318-0b27-42cf-b10e-d2d1ca5eca55_config-0] Register server push request handler:com.alibaba.nacos.common.remote.client.RpcClient$ConnectResetRequestHandler
2024-09-22 16:24:42.042 [main] INFO  com.alibaba.nacos.common.remote.client - [113af318-0b27-42cf-b10e-d2d1ca5eca55_config-0] Register server push request handler:com.alibaba.nacos.common.remote.client.RpcClient$$Lambda$605/0x000001bf6b4d4890
2024-09-22 16:24:42.066 [main] INFO  com.alibaba.nacos.client.config.impl.Limiter - limitTime:5.0
2024-09-22 16:24:42.078 [main] WARN  c.a.cloud.nacos.client.NacosPropertySourceBuilder - Ignore the empty nacos configuration and get it based on dataId[xiaohashu-user-relation] & group[DEFAULT_GROUP]
2024-09-22 16:24:42.092 [main] WARN  c.a.cloud.nacos.client.NacosPropertySourceBuilder - Ignore the empty nacos configuration and get it based on dataId[xiaohashu-user-relation.yaml] & group[DEFAULT_GROUP]
2024-09-22 16:24:42.100 [main] INFO  com.alibaba.nacos.client.config.utils.JvmUtil - isMultiInstance:false
2024-09-22 16:24:42.103 [main] INFO  o.s.c.b.c.PropertySourceBootstrapConfiguration - Located property source: [BootstrapPropertySource {name='bootstrapProperties-xiaohashu-user-relation-dev.yaml,DEFAULT_GROUP'}, BootstrapPropertySource {name='bootstrapProperties-xiaohashu-user-relation.yaml,DEFAULT_GROUP'}, BootstrapPropertySource {name='bootstrapProperties-xiaohashu-user-relation,DEFAULT_GROUP'}]
2024-09-22 16:24:42.114 [main] WARN  com.alibaba.nacos.client.logging.NacosLogging - Load Logback Configuration of Nacos fail, message: Could not initialize Logback Nacos logging from classpath:nacos-logback.xml
2024-09-22 16:24:42.115 [main] INFO  c.q.x.u.r.biz.XiaohashuUserRelationBizApplication - The following 1 profile is active: "dev"
2024-09-22 16:24:42.474 [main] INFO  o.s.d.r.config.RepositoryConfigurationDelegate - Multiple Spring Data modules found, entering strict repository configuration mode
2024-09-22 16:24:42.476 [main] INFO  o.s.d.r.config.RepositoryConfigurationDelegate - Bootstrapping Spring Data Redis repositories in DEFAULT mode.
2024-09-22 16:24:42.488 [main] INFO  o.s.d.r.config.RepositoryConfigurationDelegate - Finished Spring Data repository scanning in 5 ms. Found 0 Redis repository interfaces.
2024-09-22 16:24:42.588 [main] INFO  o.springframework.cloud.context.scope.GenericScope - BeanFactory id=4e3205ab-39ef-38fe-b862-8cdb7e892169
2024-09-22 16:24:42.609 [main] INFO  o.s.c.s.PostProcessorRegistrationDelegate$BeanPostProcessorChecker - Bean 'com.quanxiaoha.xiaohashu.user.api.UserFeignApi' of type [org.springframework.cloud.openfeign.FeignClientFactoryBean] is not eligible for getting processed by all BeanPostProcessors (for example: not eligible for auto-proxying)
2024-09-22 16:24:42.755 [main] INFO  o.s.c.s.PostProcessorRegistrationDelegate$BeanPostProcessorChecker - Bean 'org.apache.rocketmq.spring.autoconfigure.MessageConverterConfiguration' of type [org.apache.rocketmq.spring.autoconfigure.MessageConverterConfiguration$$SpringCGLIB$$0] is not eligible for getting processed by all BeanPostProcessors (for example: not eligible for auto-proxying)
2024-09-22 16:24:42.798 [main] INFO  o.s.c.s.PostProcessorRegistrationDelegate$BeanPostProcessorChecker - Bean 'createRocketMQMessageConverter' of type [org.apache.rocketmq.spring.support.RocketMQMessageConverter] is not eligible for getting processed by all BeanPostProcessors (for example: not eligible for auto-proxying)
2024-09-22 16:24:42.800 [main] INFO  o.s.c.s.PostProcessorRegistrationDelegate$BeanPostProcessorChecker - Bean 'org.springframework.cloud.commons.config.CommonsConfigAutoConfiguration' of type [org.springframework.cloud.commons.config.CommonsConfigAutoConfiguration] is not eligible for getting processed by all BeanPostProcessors (for example: not eligible for auto-proxying)
2024-09-22 16:24:42.801 [main] INFO  o.s.c.s.PostProcessorRegistrationDelegate$BeanPostProcessorChecker - Bean 'org.springframework.cloud.client.loadbalancer.LoadBalancerDefaultMappingsProviderAutoConfiguration' of type [org.springframework.cloud.client.loadbalancer.LoadBalancerDefaultMappingsProviderAutoConfiguration] is not eligible for getting processed by all BeanPostProcessors (for example: not eligible for auto-proxying)
2024-09-22 16:24:42.802 [main] INFO  o.s.c.s.PostProcessorRegistrationDelegate$BeanPostProcessorChecker - Bean 'loadBalancerClientsDefaultsMappingsProvider' of type [org.springframework.cloud.client.loadbalancer.LoadBalancerDefaultMappingsProviderAutoConfiguration$$Lambda$763/0x000001bf6b6a1d80] is not eligible for getting processed by all BeanPostProcessors (for example: not eligible for auto-proxying)
2024-09-22 16:24:42.803 [main] INFO  o.s.c.s.PostProcessorRegistrationDelegate$BeanPostProcessorChecker - Bean 'defaultsBindHandlerAdvisor' of type [org.springframework.cloud.commons.config.DefaultsBindHandlerAdvisor] is not eligible for getting processed by all BeanPostProcessors (for example: not eligible for auto-proxying)
2024-09-22 16:24:42.810 [main] INFO  o.s.c.s.PostProcessorRegistrationDelegate$BeanPostProcessorChecker - Bean 'rocketmq-org.apache.rocketmq.spring.autoconfigure.RocketMQProperties' of type [org.apache.rocketmq.spring.autoconfigure.RocketMQProperties] is not eligible for getting processed by all BeanPostProcessors (for example: not eligible for auto-proxying)
2024-09-22 16:24:42.810 [main] INFO  o.s.c.s.PostProcessorRegistrationDelegate$BeanPostProcessorChecker - Bean 'org.apache.rocketmq.spring.autoconfigure.ListenerContainerConfiguration' of type [org.apache.rocketmq.spring.autoconfigure.ListenerContainerConfiguration$$SpringCGLIB$$0] is not eligible for getting processed by all BeanPostProcessors (for example: not eligible for auto-proxying)
2024-09-22 16:24:42.996 [main] INFO  o.s.boot.web.embedded.tomcat.TomcatWebServer - Tomcat initialized with port(s): 8086 (http)
2024-09-22 16:24:43.005 [main] INFO  org.apache.catalina.core.StandardService - Starting service [Tomcat]
2024-09-22 16:24:43.005 [main] INFO  org.apache.catalina.core.StandardEngine - Starting Servlet engine: [Apache Tomcat/10.1.5]
2024-09-22 16:24:43.060 [main] INFO  o.a.c.core.ContainerBase.[Tomcat].[localhost].[/] - Initializing Spring embedded WebApplicationContext
2024-09-22 16:24:43.060 [main] INFO  o.s.b.w.s.c.ServletWebServerApplicationContext - Root WebApplicationContext: initialization completed in 936 ms
2024-09-22 16:24:43.136 [main] INFO  c.a.d.s.b.a.DruidDataSourceAutoConfigure - Init DruidDataSource
2024-09-22 16:24:43.394 [main] INFO  com.alibaba.druid.pool.DruidDataSource - {dataSource-1} inited
2024-09-22 16:24:43.958 [main] INFO  o.a.r.s.support.DefaultRocketMQListenerContainer - running container: DefaultRocketMQListenerContainer{consumerGroup='xiaohashu_group', namespace='', nameServer='127.0.0.1:9876', topic='FollowUnfollowTopic', consumeMode=CONCURRENTLY, selectorType=TAG, selectorExpression='*', messageModel=CLUSTERING', tlsEnable=false, instanceName=DEFAULT}
2024-09-22 16:24:43.958 [main] INFO  o.a.r.s.a.ListenerContainerConfiguration - Register the listener to container, listenerBeanName:followUnfollowConsumer, containerBeanName:org.apache.rocketmq.spring.support.DefaultRocketMQListenerContainer_1
2024-09-22 16:24:44.018 [main] INFO  o.s.cloud.openfeign.FeignClientFactoryBean - For 'xiaohashu-user' URL not provided. Will try picking an instance via load-balancing.
2024-09-22 16:24:44.043 [main] INFO  o.a.r.s.autoconfigure.RocketMQAutoConfiguration - a producer (xiaohashu_group) init on namesrv 127.0.0.1:9876
2024-09-22 16:24:44.496 [main] WARN  o.s.c.l.c.LoadBalancerCacheAutoConfiguration$LoadBalancerCaffeineWarnLogger - Spring Cloud LoadBalancer is currently working with the default cache. While this cache implementation is useful for development and tests, it's recommended to use Caffeine cache in production.You can switch to using Caffeine cache, by adding it and org.springframework.cache.caffeine.CaffeineCacheManager to the classpath.
2024-09-22 16:24:44.536 [main] INFO  o.s.boot.web.embedded.tomcat.TomcatWebServer - Tomcat started on port(s): 8086 (http) with context path ''
2024-09-22 16:24:44.538 [main] INFO  com.alibaba.nacos.client.naming - initializer namespace from ans.namespace attribute : null
2024-09-22 16:24:44.538 [main] INFO  com.alibaba.nacos.client.naming - initializer namespace from ALIBABA_ALIWARE_NAMESPACE attribute :null
2024-09-22 16:24:44.538 [main] INFO  com.alibaba.nacos.client.naming - initializer namespace from namespace attribute :null
2024-09-22 16:24:44.543 [main] INFO  c.a.n.p.auth.spi.client.ClientAuthPluginManager - [ClientAuthPluginManager] Load ClientAuthService com.alibaba.nacos.client.auth.impl.NacosClientAuthServiceImpl success.
2024-09-22 16:24:44.543 [main] INFO  c.a.n.p.auth.spi.client.ClientAuthPluginManager - [ClientAuthPluginManager] Load ClientAuthService com.alibaba.nacos.client.auth.ram.RamClientAuthServiceImpl success.
2024-09-22 16:24:44.545 [main] INFO  com.alibaba.nacos.common.remote.client - [RpcClientFactory] create a new rpc client of 54cb9e0a-0c46-4574-a0e4-0515447b56ff
2024-09-22 16:24:44.546 [main] INFO  com.alibaba.nacos.common.remote.client - [54cb9e0a-0c46-4574-a0e4-0515447b56ff] RpcClient init, ServerListFactory = com.alibaba.nacos.client.naming.core.ServerListManager
2024-09-22 16:24:44.546 [main] INFO  com.alibaba.nacos.common.remote.client - [54cb9e0a-0c46-4574-a0e4-0515447b56ff] Registry connection listener to current client:com.alibaba.nacos.client.naming.remote.gprc.redo.NamingGrpcRedoService
2024-09-22 16:24:44.546 [main] INFO  com.alibaba.nacos.common.remote.client - [54cb9e0a-0c46-4574-a0e4-0515447b56ff] Register server push request handler:com.alibaba.nacos.client.naming.remote.gprc.NamingPushRequestHandler
2024-09-22 16:24:44.547 [main] INFO  com.alibaba.nacos.common.remote.client - [54cb9e0a-0c46-4574-a0e4-0515447b56ff] Try to connect to server on start up, server: {serverIp = '127.0.0.1', server main port = 8848}
2024-09-22 16:24:44.547 [main] INFO  c.a.nacos.common.remote.client.grpc.GrpcClient - grpc client connection server:127.0.0.1 ip,serverPort:9848,grpcTslConfig:{"sslProvider":"OPENSSL","enableTls":false,"mutualAuthEnable":false,"trustAll":false}
2024-09-22 16:24:44.658 [main] INFO  com.alibaba.nacos.common.remote.client - [54cb9e0a-0c46-4574-a0e4-0515447b56ff] Success to connect to server [127.0.0.1:8848] on start up, connectionId = 1726993484551_172.17.0.1_47376
2024-09-22 16:24:44.658 [main] INFO  com.alibaba.nacos.common.remote.client - [54cb9e0a-0c46-4574-a0e4-0515447b56ff] Register server push request handler:com.alibaba.nacos.common.remote.client.RpcClient$ConnectResetRequestHandler
2024-09-22 16:24:44.658 [main] INFO  com.alibaba.nacos.common.remote.client - [54cb9e0a-0c46-4574-a0e4-0515447b56ff] Register server push request handler:com.alibaba.nacos.common.remote.client.RpcClient$$Lambda$605/0x000001bf6b4d4890
2024-09-22 16:24:44.658 [com.alibaba.nacos.client.remote.worker] INFO  com.alibaba.nacos.common.remote.client - [54cb9e0a-0c46-4574-a0e4-0515447b56ff] Notify connected event to listeners.
2024-09-22 16:24:44.658 [com.alibaba.nacos.client.remote.worker] INFO  com.alibaba.nacos.client.naming - Grpc connection connect
2024-09-22 16:24:44.659 [main] INFO  com.alibaba.nacos.client.naming - [REGISTER-SERVICE] xiaohashu registering service xiaohashu-user-relation with instance Instance{instanceId='null', ip='192.168.1.3', port=8086, weight=1.0, healthy=true, enabled=true, ephemeral=true, clusterName='DEFAULT', serviceName='null', metadata={IPv6=[240e:b67:472:c000:6aa3:7f73:9b30:2fd0], preserved.register.source=SPRING_CLOUD}}
2024-09-22 16:24:44.668 [main] INFO  c.a.cloud.nacos.registry.NacosServiceRegistry - nacos registry, DEFAULT_GROUP xiaohashu-user-relation 192.168.1.3:8086 register finished
2024-09-22 16:24:44.773 [main] INFO  c.q.x.u.r.biz.XiaohashuUserRelationBizApplication - Started XiaohashuUserRelationBizApplication in 4.028 seconds (process running for 4.303)
2024-09-22 16:24:44.775 [main] INFO  com.alibaba.nacos.client.config.impl.CacheData - nacos.cache.data.init.snapshot = true 
2024-09-22 16:24:44.775 [main] INFO  com.alibaba.nacos.client.config.impl.ClientWorker - [fixed-xiaohashu-127.0.0.1_8848] [subscribe] xiaohashu-user-relation.yaml+DEFAULT_GROUP+xiaohashu
2024-09-22 16:24:44.779 [main] INFO  com.alibaba.nacos.client.config.impl.CacheData - [fixed-xiaohashu-127.0.0.1_8848] [add-listener] ok, tenant=xiaohashu, dataId=xiaohashu-user-relation.yaml, group=DEFAULT_GROUP, cnt=1
2024-09-22 16:24:44.779 [main] INFO  c.a.cloud.nacos.refresh.NacosContextRefresher - [Nacos Config] Listening config: dataId=xiaohashu-user-relation.yaml, group=DEFAULT_GROUP
2024-09-22 16:24:44.779 [main] INFO  com.alibaba.nacos.client.config.impl.ClientWorker - [fixed-xiaohashu-127.0.0.1_8848] [subscribe] xiaohashu-user-relation+DEFAULT_GROUP+xiaohashu
2024-09-22 16:24:44.779 [main] INFO  com.alibaba.nacos.client.config.impl.CacheData - [fixed-xiaohashu-127.0.0.1_8848] [add-listener] ok, tenant=xiaohashu, dataId=xiaohashu-user-relation, group=DEFAULT_GROUP, cnt=1
2024-09-22 16:24:44.779 [main] INFO  c.a.cloud.nacos.refresh.NacosContextRefresher - [Nacos Config] Listening config: dataId=xiaohashu-user-relation, group=DEFAULT_GROUP
2024-09-22 16:24:44.779 [main] INFO  com.alibaba.nacos.client.config.impl.ClientWorker - [fixed-xiaohashu-127.0.0.1_8848] [subscribe] xiaohashu-user-relation-dev.yaml+DEFAULT_GROUP+xiaohashu
2024-09-22 16:24:44.779 [main] INFO  com.alibaba.nacos.client.config.impl.CacheData - [fixed-xiaohashu-127.0.0.1_8848] [add-listener] ok, tenant=xiaohashu, dataId=xiaohashu-user-relation-dev.yaml, group=DEFAULT_GROUP, cnt=1
2024-09-22 16:24:44.779 [main] INFO  c.a.cloud.nacos.refresh.NacosContextRefresher - [Nacos Config] Listening config: dataId=xiaohashu-user-relation-dev.yaml, group=DEFAULT_GROUP
2024-09-22 16:25:13.599 [http-nio-8086-exec-1] INFO  o.a.c.core.ContainerBase.[Tomcat].[localhost].[/] - Initializing Spring DispatcherServlet 'dispatcherServlet'
2024-09-22 16:25:13.599 [http-nio-8086-exec-1] INFO  org.springframework.web.servlet.DispatcherServlet - Initializing Servlet 'dispatcherServlet'
2024-09-22 16:25:13.601 [http-nio-8086-exec-1] INFO  org.springframework.web.servlet.DispatcherServlet - Completed initialization in 0 ms
2024-09-22 16:25:13.605 [http-nio-8086-exec-1] INFO  c.q.f.b.context.filter.HeaderUserId2ContextFilter - ===== 设置 userId 到 ThreadLocal 中， 用户 ID: 27
2024-09-22 16:25:13.653 [http-nio-8086-exec-1] INFO  c.q.f.b.operationlog.aspect.ApiOperationLogAspect - ====== 请求开始: [关注用户], 入参: {"followUserId":26}, 请求类: RelationController, 请求方法: follow =================================== 
2024-09-22 16:25:13.657 [http-nio-8086-exec-1] INFO  c.q.f.b.c.interceptor.FeignRequestInterceptor - ########## feign 请求设置请求头 userId: 27
2024-09-22 16:25:13.685 [http-nio-8086-exec-1] INFO  com.alibaba.nacos.client.naming - [SUBSCRIBE-SERVICE] service:xiaohashu-user, group:DEFAULT_GROUP, clusters: 
2024-09-22 16:25:13.693 [http-nio-8086-exec-1] INFO  com.alibaba.nacos.client.naming - init new ips(1) service: DEFAULT_GROUP@@xiaohashu-user -> [{"ip":"192.168.1.3","port":8082,"weight":1.0,"healthy":true,"enabled":true,"ephemeral":true,"clusterName":"DEFAULT","serviceName":"DEFAULT_GROUP@@xiaohashu-user","metadata":{"preserved.register.source":"SPRING_CLOUD","IPv6":"[240e:b67:472:c000:6aa3:7f73:9b30:2fd0]"},"instanceHeartBeatInterval":5000,"instanceHeartBeatTimeOut":15000,"ipDeleteTimeout":30000}]
2024-09-22 16:25:13.694 [http-nio-8086-exec-1] INFO  com.alibaba.nacos.client.naming - current ips:(1) service: DEFAULT_GROUP@@xiaohashu-user -> [{"ip":"192.168.1.3","port":8082,"weight":1.0,"healthy":true,"enabled":true,"ephemeral":true,"clusterName":"DEFAULT","serviceName":"DEFAULT_GROUP@@xiaohashu-user","metadata":{"preserved.register.source":"SPRING_CLOUD","IPv6":"[240e:b67:472:c000:6aa3:7f73:9b30:2fd0]"},"instanceHeartBeatInterval":5000,"instanceHeartBeatTimeOut":15000,"ipDeleteTimeout":30000}]
2024-09-22 16:25:13.881 [http-nio-8086-exec-1] DEBUG c.q.x.u.r.b.d.m.FollowingDOMapper.selectByUserId - ==>  Preparing: select user_id, following_user_id, create_time from t_following where user_id = ?
2024-09-22 16:25:13.965 [http-nio-8086-exec-1] DEBUG c.q.x.u.r.b.d.m.FollowingDOMapper.selectByUserId - ==> Parameters: 27(Long)
2024-09-22 16:25:13.977 [http-nio-8086-exec-1] DEBUG c.q.x.u.r.b.d.m.FollowingDOMapper.selectByUserId - <==      Total: 1
2024-09-22 16:25:13.986 [http-nio-8086-exec-1] WARN  c.q.x.u.r.biz.exception.GlobalExceptionHandler - /relation/follow request fail, errorCode: RELATION-20004, errorMessage: 您已经关注了该用户
2024-09-22 16:25:13.991 [http-nio-8086-exec-1] INFO  c.q.f.b.context.filter.HeaderUserId2ContextFilter - ===== 删除 ThreadLocal， userId: 27
2024-09-22 16:25:14.269 [nacos-grpc-client-executor-127.0.0.1-15] INFO  com.alibaba.nacos.common.remote.client - [54cb9e0a-0c46-4574-a0e4-0515447b56ff] Receive server push request, request = NotifySubscriberRequest, requestId = 73
2024-09-22 16:25:14.270 [nacos-grpc-client-executor-127.0.0.1-15] INFO  com.alibaba.nacos.common.remote.client - [54cb9e0a-0c46-4574-a0e4-0515447b56ff] Ack server push request, request = NotifySubscriberRequest, requestId = 73
2024-09-22 16:25:23.828 [http-nio-8086-exec-2] INFO  c.q.f.b.context.filter.HeaderUserId2ContextFilter - ===== 设置 userId 到 ThreadLocal 中， 用户 ID: 27
2024-09-22 16:25:23.830 [http-nio-8086-exec-2] INFO  c.q.f.b.operationlog.aspect.ApiOperationLogAspect - ====== 请求开始: [取关用户], 入参: {"unfollowUserId":26}, 请求类: RelationController, 请求方法: unfollow =================================== 
2024-09-22 16:25:23.831 [http-nio-8086-exec-2] INFO  c.q.f.b.c.interceptor.FeignRequestInterceptor - ########## feign 请求设置请求头 userId: 27
2024-09-22 16:25:23.840 [http-nio-8086-exec-2] INFO  c.q.x.u.r.biz.service.impl.RelationServiceImpl - ==> 开始发送取关操作 MQ, 消息体: UnfollowUserMqDTO(userId=27, unfollowUserId=26, createTime=2024-09-22T16:25:23.838116)
2024-09-22 16:25:23.842 [http-nio-8086-exec-2] INFO  c.q.f.b.operationlog.aspect.ApiOperationLogAspect - ====== 请求结束: [取关用户], 耗时: 11ms, 出参: {"success":true,"message":null,"errorCode":null,"data":null} =================================== 
2024-09-22 16:25:23.843 [http-nio-8086-exec-2] INFO  c.q.f.b.context.filter.HeaderUserId2ContextFilter - ===== 删除 ThreadLocal， userId: 27
2024-09-22 16:25:23.853 [NettyClientPublicExecutor_1] INFO  c.q.x.u.r.biz.service.impl.RelationServiceImpl - ==> MQ 发送成功，SendResult: SendResult [sendStatus=SEND_OK, msgId=7F000001CEBC63947C6B6FABB4890000, offsetMsgId=AC18D00100002A9F0000000000C7D694, messageQueue=MessageQueue [topic=FollowUnfollowTopic, brokerName=SK-20231010EQPS, queueId=1], queueOffset=7497]
2024-09-22 16:25:23.867 [ConsumeMessageThread_xiaohashu_group_1] INFO  c.q.x.u.r.biz.consumer.FollowUnfollowConsumer - ==> FollowUnfollowConsumer 消费了消息 {"userId":27,"unfollowUserId":26,"createTime":"2024-09-22 16:25:23"}, tags: Unfollow
2024-09-22 16:25:23.873 [ConsumeMessageThread_xiaohashu_group_1] DEBUG c.q.x.u.r.b.d.m.F.deleteByUserIdAndFollowingUserId - ==>  Preparing: delete from t_following where user_id = ? and following_user_id = ?
2024-09-22 16:25:23.874 [ConsumeMessageThread_xiaohashu_group_1] DEBUG c.q.x.u.r.b.d.m.F.deleteByUserIdAndFollowingUserId - ==> Parameters: 27(Long), 26(Long)
2024-09-22 16:25:23.876 [ConsumeMessageThread_xiaohashu_group_1] DEBUG c.q.x.u.r.b.d.m.F.deleteByUserIdAndFollowingUserId - <==    Updates: 1
2024-09-22 16:25:23.877 [ConsumeMessageThread_xiaohashu_group_1] DEBUG c.q.x.u.r.b.d.m.F.deleteByUserIdAndFansUserId - ==>  Preparing: delete from t_fans where user_id = ? and fans_user_id = ?
2024-09-22 16:25:23.877 [ConsumeMessageThread_xiaohashu_group_1] DEBUG c.q.x.u.r.b.d.m.F.deleteByUserIdAndFansUserId - ==> Parameters: 26(Long), 27(Long)
2024-09-22 16:25:23.878 [ConsumeMessageThread_xiaohashu_group_1] DEBUG c.q.x.u.r.b.d.m.F.deleteByUserIdAndFansUserId - <==    Updates: 1
2024-09-22 16:25:39.174 [http-nio-8086-exec-3] INFO  c.q.f.b.context.filter.HeaderUserId2ContextFilter - ===== 设置 userId 到 ThreadLocal 中， 用户 ID: 27
2024-09-22 16:25:39.175 [http-nio-8086-exec-3] INFO  c.q.f.b.operationlog.aspect.ApiOperationLogAspect - ====== 请求开始: [关注用户], 入参: {"followUserId":26}, 请求类: RelationController, 请求方法: follow =================================== 
2024-09-22 16:25:39.176 [http-nio-8086-exec-3] INFO  c.q.f.b.c.interceptor.FeignRequestInterceptor - ########## feign 请求设置请求头 userId: 27
2024-09-22 16:25:39.184 [http-nio-8086-exec-3] DEBUG c.q.x.u.r.b.d.m.FollowingDOMapper.selectByUserId - ==>  Preparing: select user_id, following_user_id, create_time from t_following where user_id = ?
2024-09-22 16:25:39.184 [http-nio-8086-exec-3] DEBUG c.q.x.u.r.b.d.m.FollowingDOMapper.selectByUserId - ==> Parameters: 27(Long)
2024-09-22 16:25:39.185 [http-nio-8086-exec-3] DEBUG c.q.x.u.r.b.d.m.FollowingDOMapper.selectByUserId - <==      Total: 0
2024-09-22 16:25:39.189 [http-nio-8086-exec-3] INFO  c.q.x.u.r.biz.service.impl.RelationServiceImpl - ==> 开始发送关注操作 MQ, 消息体: FollowUserMqDTO(userId=27, followUserId=26, createTime=2024-09-22T16:25:39.182001300)
2024-09-22 16:25:39.189 [http-nio-8086-exec-3] INFO  c.q.f.b.operationlog.aspect.ApiOperationLogAspect - ====== 请求结束: [关注用户], 耗时: 14ms, 出参: {"success":true,"message":null,"errorCode":null,"data":null} =================================== 
2024-09-22 16:25:39.190 [http-nio-8086-exec-3] INFO  c.q.f.b.context.filter.HeaderUserId2ContextFilter - ===== 删除 ThreadLocal， userId: 27
2024-09-22 16:25:39.191 [NettyClientPublicExecutor_2] INFO  c.q.x.u.r.biz.service.impl.RelationServiceImpl - ==> MQ 发送成功，SendResult: SendResult [sendStatus=SEND_OK, msgId=7F000001CEBC63947C6B6FABF0750001, offsetMsgId=AC18D00100002A9F0000000000C7D7F9, messageQueue=MessageQueue [topic=FollowUnfollowTopic, brokerName=SK-20231010EQPS, queueId=0], queueOffset=7503]
2024-09-22 16:25:39.195 [ConsumeMessageThread_xiaohashu_group_2] INFO  c.q.x.u.r.biz.consumer.FollowUnfollowConsumer - ==> FollowUnfollowConsumer 消费了消息 {"userId":27,"followUserId":26,"createTime":"2024-09-22 16:25:39"}, tags: Follow
2024-09-22 16:25:39.197 [ConsumeMessageThread_xiaohashu_group_2] DEBUG c.q.x.u.r.b.domain.mapper.FollowingDOMapper.insert - ==>  Preparing: insert into t_following (id, user_id, following_user_id, create_time) values (?, ?, ?, ?)
2024-09-22 16:25:39.304 [ConsumeMessageThread_xiaohashu_group_2] DEBUG c.q.x.u.r.b.domain.mapper.FollowingDOMapper.insert - ==> Parameters: null, 27(Long), 26(Long), 2024-09-22T16:25:39(LocalDateTime)
2024-09-22 16:25:39.309 [ConsumeMessageThread_xiaohashu_group_2] DEBUG c.q.x.u.r.b.domain.mapper.FollowingDOMapper.insert - <==    Updates: 1
2024-09-22 16:25:39.309 [ConsumeMessageThread_xiaohashu_group_2] DEBUG c.q.x.u.r.biz.domain.mapper.FansDOMapper.insert - ==>  Preparing: insert into t_fans (id, user_id, fans_user_id, create_time) values (?, ?, ?, ?)
2024-09-22 16:25:39.310 [ConsumeMessageThread_xiaohashu_group_2] DEBUG c.q.x.u.r.biz.domain.mapper.FansDOMapper.insert - ==> Parameters: null, 26(Long), 27(Long), 2024-09-22T16:25:39(LocalDateTime)
2024-09-22 16:25:39.311 [ConsumeMessageThread_xiaohashu_group_2] DEBUG c.q.x.u.r.biz.domain.mapper.FansDOMapper.insert - <==    Updates: 1
2024-09-22 16:25:52.155 [http-nio-8086-exec-4] INFO  c.q.f.b.context.filter.HeaderUserId2ContextFilter - ===== 设置 userId 到 ThreadLocal 中， 用户 ID: 27
2024-09-22 16:25:52.156 [http-nio-8086-exec-4] INFO  c.q.f.b.operationlog.aspect.ApiOperationLogAspect - ====== 请求开始: [取关用户], 入参: {"unfollowUserId":26}, 请求类: RelationController, 请求方法: unfollow =================================== 
2024-09-22 16:25:52.157 [http-nio-8086-exec-4] INFO  c.q.f.b.c.interceptor.FeignRequestInterceptor - ########## feign 请求设置请求头 userId: 27
2024-09-22 16:25:52.171 [http-nio-8086-exec-4] INFO  c.q.x.u.r.biz.service.impl.RelationServiceImpl - ==> 开始发送取关操作 MQ, 消息体: UnfollowUserMqDTO(userId=27, unfollowUserId=26, createTime=2024-09-22T16:25:52.171125100)
2024-09-22 16:25:52.171 [http-nio-8086-exec-4] INFO  c.q.f.b.operationlog.aspect.ApiOperationLogAspect - ====== 请求结束: [取关用户], 耗时: 15ms, 出参: {"success":true,"message":null,"errorCode":null,"data":null} =================================== 
2024-09-22 16:25:52.172 [http-nio-8086-exec-4] INFO  c.q.f.b.context.filter.HeaderUserId2ContextFilter - ===== 删除 ThreadLocal， userId: 27
2024-09-22 16:25:52.172 [NettyClientPublicExecutor_3] INFO  c.q.x.u.r.biz.service.impl.RelationServiceImpl - ==> MQ 发送成功，SendResult: SendResult [sendStatus=SEND_OK, msgId=7F000001CEBC63947C6B6FAC232B0002, offsetMsgId=AC18D00100002A9F0000000000C7D95A, messageQueue=MessageQueue [topic=FollowUnfollowTopic, brokerName=SK-20231010EQPS, queueId=3], queueOffset=7508]
2024-09-22 16:25:52.181 [ConsumeMessageThread_xiaohashu_group_3] INFO  c.q.x.u.r.biz.consumer.FollowUnfollowConsumer - ==> FollowUnfollowConsumer 消费了消息 {"userId":27,"unfollowUserId":26,"createTime":"2024-09-22 16:25:52"}, tags: Unfollow
2024-09-22 16:25:52.182 [ConsumeMessageThread_xiaohashu_group_3] DEBUG c.q.x.u.r.b.d.m.F.deleteByUserIdAndFollowingUserId - ==>  Preparing: delete from t_following where user_id = ? and following_user_id = ?
2024-09-22 16:25:52.182 [ConsumeMessageThread_xiaohashu_group_3] DEBUG c.q.x.u.r.b.d.m.F.deleteByUserIdAndFollowingUserId - ==> Parameters: 27(Long), 26(Long)
2024-09-22 16:25:52.184 [ConsumeMessageThread_xiaohashu_group_3] DEBUG c.q.x.u.r.b.d.m.F.deleteByUserIdAndFollowingUserId - <==    Updates: 1
2024-09-22 16:25:52.185 [ConsumeMessageThread_xiaohashu_group_3] DEBUG c.q.x.u.r.b.d.m.F.deleteByUserIdAndFansUserId - ==>  Preparing: delete from t_fans where user_id = ? and fans_user_id = ?
2024-09-22 16:25:52.185 [ConsumeMessageThread_xiaohashu_group_3] DEBUG c.q.x.u.r.b.d.m.F.deleteByUserIdAndFansUserId - ==> Parameters: 26(Long), 27(Long)
2024-09-22 16:25:52.186 [ConsumeMessageThread_xiaohashu_group_3] DEBUG c.q.x.u.r.b.d.m.F.deleteByUserIdAndFansUserId - <==    Updates: 1
