2024-09-22 10:49:56.580 [Thread-10] WARN  c.alibaba.nacos.common.http.HttpClientBeanHolder - [HttpClientBeanHolder] Start destroying common HttpClient
2024-09-22 10:49:56.580 [Thread-7] WARN  com.alibaba.nacos.common.notify.NotifyCenter - [NotifyCenter] Start destroying Publisher
2024-09-22 10:49:56.583 [Thread-7] WARN  com.alibaba.nacos.common.notify.NotifyCenter - [NotifyCenter] Destruction of the end
2024-09-22 10:49:56.586 [Thread-10] WARN  c.alibaba.nacos.common.http.HttpClientBeanHolder - [HttpClientBeanHolder] Destruction of the end
2024-09-22 10:49:56.671 [SpringApplicationShutdownHook] INFO  c.a.cloud.nacos.registry.NacosServiceRegistry - De-registering from Nacos Server now...
2024-09-22 10:49:56.672 [SpringApplicationShutdownHook] INFO  com.alibaba.nacos.client.naming - [DEREGISTER-SERVICE] xiaohashu deregistering service xiaohashu-user with instance: Instance{instanceId='null', ip='192.168.1.3', port=8082, weight=1.0, healthy=true, enabled=true, ephemeral=true, clusterName='DEFAULT', serviceName='null', metadata={}}
2024-09-22 10:49:56.678 [SpringApplicationShutdownHook] INFO  c.a.cloud.nacos.registry.NacosServiceRegistry - De-registration finished.
2024-09-22 10:49:56.679 [SpringApplicationShutdownHook] INFO  com.alibaba.nacos.client.naming - com.alibaba.nacos.client.naming.cache.ServiceInfoHolder do shutdown begin
2024-09-22 10:49:56.679 [SpringApplicationShutdownHook] INFO  com.alibaba.nacos.client.naming - com.alibaba.nacos.client.naming.backups.FailoverReactor do shutdown begin
2024-09-22 10:49:56.679 [SpringApplicationShutdownHook] INFO  com.alibaba.nacos.client.naming - com.alibaba.nacos.client.naming.backups.FailoverReactor do shutdown stop
2024-09-22 10:49:56.679 [SpringApplicationShutdownHook] INFO  com.alibaba.nacos.client.naming - com.alibaba.nacos.client.naming.cache.ServiceInfoHolder do shutdown stop
2024-09-22 10:49:56.679 [SpringApplicationShutdownHook] INFO  com.alibaba.nacos.client.naming - com.alibaba.nacos.client.naming.remote.NamingClientProxyDelegate do shutdown begin
2024-09-22 10:49:56.679 [SpringApplicationShutdownHook] INFO  com.alibaba.nacos.client.naming - com.alibaba.nacos.client.naming.core.ServiceInfoUpdateService do shutdown begin
2024-09-22 10:49:56.679 [SpringApplicationShutdownHook] INFO  com.alibaba.nacos.client.naming - com.alibaba.nacos.client.naming.core.ServiceInfoUpdateService do shutdown stop
2024-09-22 10:49:56.679 [SpringApplicationShutdownHook] INFO  com.alibaba.nacos.client.naming - com.alibaba.nacos.client.naming.core.ServerListManager do shutdown begin
2024-09-22 10:49:56.679 [SpringApplicationShutdownHook] WARN  com.alibaba.nacos.client.naming - [NamingHttpClientManager] Start destroying NacosRestTemplate
2024-09-22 10:49:56.679 [SpringApplicationShutdownHook] WARN  com.alibaba.nacos.client.naming - [NamingHttpClientManager] Destruction of the end
2024-09-22 10:49:56.679 [SpringApplicationShutdownHook] INFO  com.alibaba.nacos.client.naming - com.alibaba.nacos.client.naming.core.ServerListManager do shutdown stop
2024-09-22 10:49:56.679 [SpringApplicationShutdownHook] INFO  com.alibaba.nacos.client.naming - com.alibaba.nacos.client.naming.remote.http.NamingHttpClientProxy do shutdown begin
2024-09-22 10:49:56.679 [SpringApplicationShutdownHook] WARN  com.alibaba.nacos.client.naming - [NamingHttpClientManager] Start destroying NacosRestTemplate
2024-09-22 10:49:56.680 [SpringApplicationShutdownHook] WARN  com.alibaba.nacos.client.naming - [NamingHttpClientManager] Destruction of the end
2024-09-22 10:49:56.680 [SpringApplicationShutdownHook] INFO  com.alibaba.nacos.client.naming - com.alibaba.nacos.client.naming.remote.http.NamingHttpClientProxy do shutdown stop
2024-09-22 10:49:56.680 [SpringApplicationShutdownHook] INFO  com.alibaba.nacos.common.remote.client - Shutdown rpc client, set status to shutdown
2024-09-22 10:49:56.680 [SpringApplicationShutdownHook] INFO  com.alibaba.nacos.common.remote.client - Shutdown client event executor java.util.concurrent.ScheduledThreadPoolExecutor@224d7dc[Running, pool size = 2, active threads = 2, queued tasks = 0, completed tasks = 0]
2024-09-22 10:49:56.680 [SpringApplicationShutdownHook] INFO  com.alibaba.nacos.common.remote.client - Close current connection 1726906587942_172.17.0.1_56794
2024-09-22 10:49:56.683 [nacos-grpc-client-executor-127.0.0.1-6788] INFO  c.a.nacos.common.remote.client.grpc.GrpcClient - [1726906587942_172.17.0.1_56794]Ignore complete event,isRunning:false,isAbandon=false
2024-09-22 10:49:56.686 [SpringApplicationShutdownHook] INFO  c.a.nacos.common.remote.client.grpc.GrpcClient - Shutdown grpc executor java.util.concurrent.ThreadPoolExecutor@18aa4176[Running, pool size = 4, active threads = 0, queued tasks = 0, completed tasks = 6789]
2024-09-22 10:49:56.686 [SpringApplicationShutdownHook] INFO  com.alibaba.nacos.client.naming - Shutdown grpc redo service executor java.util.concurrent.ScheduledThreadPoolExecutor@41d6bf2b[Running, pool size = 1, active threads = 0, queued tasks = 1, completed tasks = 11237]
2024-09-22 10:49:56.686 [SpringApplicationShutdownHook] INFO  c.a.n.client.auth.ram.identify.CredentialWatcher - [null] CredentialWatcher is stopped
2024-09-22 10:49:56.686 [SpringApplicationShutdownHook] INFO  c.a.n.client.auth.ram.identify.CredentialService - [null] CredentialService is freed
2024-09-22 10:49:56.687 [SpringApplicationShutdownHook] INFO  com.alibaba.nacos.client.naming - com.alibaba.nacos.client.naming.remote.NamingClientProxyDelegate do shutdown stop
2024-09-22 10:49:56.842 [SpringApplicationShutdownHook] INFO  com.alibaba.druid.pool.DruidDataSource - {dataSource-1} closing ...
2024-09-22 10:49:56.844 [SpringApplicationShutdownHook] INFO  com.alibaba.druid.pool.DruidDataSource - {dataSource-1} closed
2024-09-22 16:21:57.151 [main] WARN  com.alibaba.nacos.client.logging.NacosLogging - Load Logback Configuration of Nacos fail, message: Could not initialize Logback Nacos logging from classpath:nacos-logback.xml
2024-09-22 16:21:57.189 [main] WARN  com.alibaba.nacos.client.logging.NacosLogging - Load Logback Configuration of Nacos fail, message: Could not initialize Logback Nacos logging from classpath:nacos-logback.xml
2024-09-22 16:21:57.447 [main] WARN  com.alibaba.nacos.client.logging.NacosLogging - Load Logback Configuration of Nacos fail, message: Could not initialize Logback Nacos logging from classpath:nacos-logback.xml
2024-09-22 16:21:57.454 [main] WARN  com.alibaba.nacos.client.logging.NacosLogging - Load Logback Configuration of Nacos fail, message: Could not initialize Logback Nacos logging from classpath:nacos-logback.xml
2024-09-22 16:21:57.455 [main] INFO  c.q.xiaohashu.user.biz.XiaohashuUserBizApplication - The following 1 profile is active: "dev"
2024-09-22 16:21:57.764 [main] INFO  o.s.d.r.config.RepositoryConfigurationDelegate - Multiple Spring Data modules found, entering strict repository configuration mode
2024-09-22 16:21:57.766 [main] INFO  o.s.d.r.config.RepositoryConfigurationDelegate - Bootstrapping Spring Data Redis repositories in DEFAULT mode.
2024-09-22 16:21:57.777 [main] INFO  o.s.d.r.config.RepositoryConfigurationDelegate - Finished Spring Data repository scanning in 4 ms. Found 0 Redis repository interfaces.
2024-09-22 16:21:57.888 [main] INFO  o.springframework.cloud.context.scope.GenericScope - BeanFactory id=3b287b35-df5a-313c-94ad-436aa746b180
2024-09-22 16:21:57.905 [main] INFO  o.s.c.s.PostProcessorRegistrationDelegate$BeanPostProcessorChecker - Bean 'com.quanxiaoha.xiaohashu.oss.api.FileFeignApi' of type [org.springframework.cloud.openfeign.FeignClientFactoryBean] is not eligible for getting processed by all BeanPostProcessors (for example: not eligible for auto-proxying)
2024-09-22 16:21:57.906 [main] INFO  o.s.c.s.PostProcessorRegistrationDelegate$BeanPostProcessorChecker - Bean 'com.quanxiaoha.xiaohashu.user.api.UserFeignApi' of type [org.springframework.cloud.openfeign.FeignClientFactoryBean] is not eligible for getting processed by all BeanPostProcessors (for example: not eligible for auto-proxying)
2024-09-22 16:21:57.906 [main] INFO  o.s.c.s.PostProcessorRegistrationDelegate$BeanPostProcessorChecker - Bean 'com.quanxiaoha.xiaohashu.distributed.id.generator.api.DistributedIdGeneratorFeignApi' of type [org.springframework.cloud.openfeign.FeignClientFactoryBean] is not eligible for getting processed by all BeanPostProcessors (for example: not eligible for auto-proxying)
2024-09-22 16:21:58.172 [main] INFO  o.s.boot.web.embedded.tomcat.TomcatWebServer - Tomcat initialized with port(s): 8082 (http)
2024-09-22 16:21:58.177 [main] INFO  org.apache.catalina.core.StandardService - Starting service [Tomcat]
2024-09-22 16:21:58.177 [main] INFO  org.apache.catalina.core.StandardEngine - Starting Servlet engine: [Apache Tomcat/10.1.5]
2024-09-22 16:21:58.223 [main] INFO  o.a.c.core.ContainerBase.[Tomcat].[localhost].[/] - Initializing Spring embedded WebApplicationContext
2024-09-22 16:21:58.223 [main] INFO  o.s.b.w.s.c.ServletWebServerApplicationContext - Root WebApplicationContext: initialization completed in 759 ms
2024-09-22 16:21:58.287 [main] INFO  c.a.d.s.b.a.DruidDataSourceAutoConfigure - Init DruidDataSource
2024-09-22 16:21:58.482 [main] INFO  com.alibaba.druid.pool.DruidDataSource - {dataSource-1} inited
2024-09-22 16:21:58.654 [main] INFO  o.s.cloud.openfeign.FeignClientFactoryBean - For 'xiaohashu-oss' URL not provided. Will try picking an instance via load-balancing.
2024-09-22 16:21:58.821 [main] INFO  o.s.cloud.openfeign.FeignClientFactoryBean - For 'xiaohashu-distributed-id-generator' URL not provided. Will try picking an instance via load-balancing.
2024-09-22 16:21:59.320 [main] INFO  o.s.boot.web.embedded.tomcat.TomcatWebServer - Tomcat started on port(s): 8082 (http) with context path ''
2024-09-22 16:21:59.324 [main] WARN  com.alibaba.nacos.client.logging.NacosLogging - Load Logback Configuration of Nacos fail, message: Could not initialize Logback Nacos logging from classpath:nacos-logback.xml
2024-09-22 16:21:59.325 [main] INFO  com.alibaba.nacos.client.naming - initializer namespace from ans.namespace attribute : null
2024-09-22 16:21:59.325 [main] INFO  com.alibaba.nacos.client.naming - initializer namespace from ALIBABA_ALIWARE_NAMESPACE attribute :null
2024-09-22 16:21:59.326 [main] INFO  com.alibaba.nacos.client.naming - initializer namespace from namespace attribute :null
2024-09-22 16:21:59.339 [main] INFO  com.alibaba.nacos.client.utils.ParamUtil - [settings] [req-serv] nacos-server port:8848
2024-09-22 16:21:59.339 [main] INFO  com.alibaba.nacos.client.utils.ParamUtil - [settings] [http-client] connect timeout:1000
2024-09-22 16:21:59.339 [main] INFO  com.alibaba.nacos.client.utils.ParamUtil - PER_TASK_CONFIG_SIZE: 3000.0
2024-09-22 16:21:59.341 [main] INFO  c.a.n.p.auth.spi.client.ClientAuthPluginManager - [ClientAuthPluginManager] Load ClientAuthService com.alibaba.nacos.client.auth.impl.NacosClientAuthServiceImpl success.
2024-09-22 16:21:59.341 [main] INFO  c.a.n.p.auth.spi.client.ClientAuthPluginManager - [ClientAuthPluginManager] Load ClientAuthService com.alibaba.nacos.client.auth.ram.RamClientAuthServiceImpl success.
2024-09-22 16:21:59.343 [main] INFO  c.a.n.client.auth.ram.identify.CredentialWatcher - null No credential found
2024-09-22 16:21:59.348 [main] INFO  com.alibaba.nacos.common.remote.client - [RpcClientFactory] create a new rpc client of 135a73e1-0eb7-4fc0-96c6-41bea6dfdd64
2024-09-22 16:21:59.359 [main] INFO  com.alibaba.nacos.common.remote.client - [135a73e1-0eb7-4fc0-96c6-41bea6dfdd64] RpcClient init, ServerListFactory = com.alibaba.nacos.client.naming.core.ServerListManager
2024-09-22 16:21:59.359 [main] INFO  com.alibaba.nacos.common.remote.client - [135a73e1-0eb7-4fc0-96c6-41bea6dfdd64] Registry connection listener to current client:com.alibaba.nacos.client.naming.remote.gprc.redo.NamingGrpcRedoService
2024-09-22 16:21:59.360 [main] INFO  com.alibaba.nacos.common.remote.client - [135a73e1-0eb7-4fc0-96c6-41bea6dfdd64] Register server push request handler:com.alibaba.nacos.client.naming.remote.gprc.NamingPushRequestHandler
2024-09-22 16:21:59.361 [main] INFO  com.alibaba.nacos.common.remote.client - [135a73e1-0eb7-4fc0-96c6-41bea6dfdd64] Try to connect to server on start up, server: {serverIp = '127.0.0.1', server main port = 8848}
2024-09-22 16:21:59.376 [main] INFO  c.a.nacos.common.remote.client.grpc.GrpcClient - grpc client connection server:127.0.0.1 ip,serverPort:9848,grpcTslConfig:{"sslProvider":"OPENSSL","enableTls":false,"mutualAuthEnable":false,"trustAll":false}
2024-09-22 16:21:59.955 [main] INFO  com.alibaba.nacos.common.remote.client - [135a73e1-0eb7-4fc0-96c6-41bea6dfdd64] Success to connect to server [127.0.0.1:8848] on start up, connectionId = 1726993319794_172.17.0.1_44198
2024-09-22 16:21:59.956 [com.alibaba.nacos.client.remote.worker] INFO  com.alibaba.nacos.common.remote.client - [135a73e1-0eb7-4fc0-96c6-41bea6dfdd64] Notify connected event to listeners.
2024-09-22 16:21:59.956 [com.alibaba.nacos.client.remote.worker] INFO  com.alibaba.nacos.client.naming - Grpc connection connect
2024-09-22 16:21:59.956 [main] INFO  com.alibaba.nacos.common.remote.client - [135a73e1-0eb7-4fc0-96c6-41bea6dfdd64] Register server push request handler:com.alibaba.nacos.common.remote.client.RpcClient$ConnectResetRequestHandler
2024-09-22 16:21:59.956 [main] INFO  com.alibaba.nacos.common.remote.client - [135a73e1-0eb7-4fc0-96c6-41bea6dfdd64] Register server push request handler:com.alibaba.nacos.common.remote.client.RpcClient$$Lambda$1261/0x000001bd01900f40
2024-09-22 16:21:59.957 [main] INFO  com.alibaba.nacos.client.naming - [REGISTER-SERVICE] xiaohashu registering service xiaohashu-user with instance Instance{instanceId='null', ip='192.168.1.3', port=8082, weight=1.0, healthy=true, enabled=true, ephemeral=true, clusterName='DEFAULT', serviceName='null', metadata={IPv6=[240e:b67:472:c000:6aa3:7f73:9b30:2fd0], preserved.register.source=SPRING_CLOUD}}
2024-09-22 16:21:59.967 [main] INFO  c.a.cloud.nacos.registry.NacosServiceRegistry - nacos registry, DEFAULT_GROUP xiaohashu-user 192.168.1.3:8082 register finished
2024-09-22 16:22:00.067 [main] INFO  c.q.xiaohashu.user.biz.XiaohashuUserBizApplication - Started XiaohashuUserBizApplication in 3.305 seconds (process running for 3.593)
2024-09-22 16:22:00.067 [main] INFO  c.q.x.u.biz.runner.PushRolePermissions2RedisRunner - ==> 服务启动，开始同步角色权限数据到 Redis 中...
2024-09-22 16:22:00.306 [main] DEBUG c.q.x.u.b.d.mapper.RoleDOMapper.selectEnabledList - ==>  Preparing: select id, role_key, role_name from t_role where status = 0 and is_deleted = 0
2024-09-22 16:22:00.393 [main] DEBUG c.q.x.u.b.d.mapper.RoleDOMapper.selectEnabledList - ==> Parameters: 
2024-09-22 16:22:00.411 [main] DEBUG c.q.x.u.b.d.mapper.RoleDOMapper.selectEnabledList - <==      Total: 1
2024-09-22 16:22:00.422 [main] DEBUG c.q.x.u.b.d.m.R.selectByRoleIds - ==>  Preparing: select role_id, permission_id from t_role_permission_rel where role_id in ( ? )
2024-09-22 16:22:00.423 [main] DEBUG c.q.x.u.b.d.m.R.selectByRoleIds - ==> Parameters: 1(Long)
2024-09-22 16:22:00.426 [main] DEBUG c.q.x.u.b.d.m.R.selectByRoleIds - <==      Total: 2
2024-09-22 16:22:00.427 [main] DEBUG c.q.x.u.b.d.m.P.selectAppEnabledList - ==>  Preparing: select id, name, permission_key from t_permission where status = 0 and type = 3 and is_deleted = 0
2024-09-22 16:22:00.427 [main] DEBUG c.q.x.u.b.d.m.P.selectAppEnabledList - ==> Parameters: 
2024-09-22 16:22:00.429 [main] DEBUG c.q.x.u.b.d.m.P.selectAppEnabledList - <==      Total: 3
2024-09-22 16:22:00.436 [main] INFO  c.q.x.u.biz.runner.PushRolePermissions2RedisRunner - ==> 服务启动，成功同步角色权限数据到 Redis 中...
2024-09-22 16:22:07.379 [http-nio-8082-exec-1] INFO  o.a.c.core.ContainerBase.[Tomcat].[localhost].[/] - Initializing Spring DispatcherServlet 'dispatcherServlet'
2024-09-22 16:22:07.379 [http-nio-8082-exec-1] INFO  org.springframework.web.servlet.DispatcherServlet - Initializing Servlet 'dispatcherServlet'
2024-09-22 16:22:07.381 [http-nio-8082-exec-1] INFO  org.springframework.web.servlet.DispatcherServlet - Completed initialization in 2 ms
2024-09-22 16:22:07.387 [http-nio-8082-exec-1] INFO  c.q.f.b.context.filter.HeaderUserId2ContextFilter - ===== 设置 userId 到 ThreadLocal 中， 用户 ID: 27
2024-09-22 16:22:07.436 [http-nio-8082-exec-1] INFO  c.q.f.b.operationlog.aspect.ApiOperationLogAspect - ====== 请求开始: [查询用户信息], 入参: {"id":26}, 请求类: UserController, 请求方法: findById =================================== 
2024-09-22 16:22:07.439 [http-nio-8082-exec-1] DEBUG c.q.x.u.b.d.mapper.UserDOMapper.selectByPrimaryKey - ==>  Preparing: select id, xiaohashu_id, `password`, nickname, avatar, birthday, background_img, phone, sex, `status`, introduction, create_time, update_time, is_deleted from t_user where id = ?
2024-09-22 16:22:07.439 [http-nio-8082-exec-1] DEBUG c.q.x.u.b.d.mapper.UserDOMapper.selectByPrimaryKey - ==> Parameters: 26(Long)
2024-09-22 16:22:07.443 [http-nio-8082-exec-1] DEBUG c.q.x.u.b.d.mapper.UserDOMapper.selectByPrimaryKey - <==      Total: 1
2024-09-22 16:22:07.444 [http-nio-8082-exec-1] INFO  c.q.f.b.operationlog.aspect.ApiOperationLogAspect - ====== 请求结束: [查询用户信息], 耗时: 9ms, 出参: {"success":true,"message":null,"errorCode":null,"data":{"id":26,"nickName":"小红薯10025","avatar":null}} =================================== 
2024-09-22 16:22:07.452 [http-nio-8082-exec-1] INFO  c.q.f.b.context.filter.HeaderUserId2ContextFilter - ===== 删除 ThreadLocal， userId: 27
2024-09-22 16:22:34.143 [http-nio-8082-exec-2] INFO  c.q.f.b.context.filter.HeaderUserId2ContextFilter - ===== 设置 userId 到 ThreadLocal 中， 用户 ID: 27
2024-09-22 16:22:34.144 [http-nio-8082-exec-2] INFO  c.q.f.b.operationlog.aspect.ApiOperationLogAspect - ====== 请求开始: [查询用户信息], 入参: {"id":26}, 请求类: UserController, 请求方法: findById =================================== 
2024-09-22 16:22:34.148 [http-nio-8082-exec-2] INFO  c.q.f.b.operationlog.aspect.ApiOperationLogAspect - ====== 请求结束: [查询用户信息], 耗时: 4ms, 出参: {"success":true,"message":null,"errorCode":null,"data":{"id":26,"nickName":"小红薯10025","avatar":null}} =================================== 
2024-09-22 16:22:34.149 [http-nio-8082-exec-2] INFO  c.q.f.b.context.filter.HeaderUserId2ContextFilter - ===== 删除 ThreadLocal， userId: 27
2024-09-22 16:25:13.707 [http-nio-8082-exec-4] INFO  c.q.f.b.context.filter.HeaderUserId2ContextFilter - ===== 设置 userId 到 ThreadLocal 中， 用户 ID: 27
2024-09-22 16:25:13.708 [http-nio-8082-exec-4] INFO  c.q.f.b.operationlog.aspect.ApiOperationLogAspect - ====== 请求开始: [查询用户信息], 入参: {"id":26}, 请求类: UserController, 请求方法: findById =================================== 
2024-09-22 16:25:13.709 [http-nio-8082-exec-4] INFO  c.q.x.user.biz.service.impl.UserServiceImpl - ==> 命中了本地缓存；FindUserByIdRspDTO(id=26, nickName=小红薯10025, avatar=null)
2024-09-22 16:25:13.710 [http-nio-8082-exec-4] INFO  c.q.f.b.operationlog.aspect.ApiOperationLogAspect - ====== 请求结束: [查询用户信息], 耗时: 2ms, 出参: {"success":true,"message":null,"errorCode":null,"data":{"id":26,"nickName":"小红薯10025","avatar":null}} =================================== 
2024-09-22 16:25:13.710 [http-nio-8082-exec-4] INFO  c.q.f.b.context.filter.HeaderUserId2ContextFilter - ===== 删除 ThreadLocal， userId: 27
2024-09-22 16:25:23.834 [http-nio-8082-exec-6] INFO  c.q.f.b.context.filter.HeaderUserId2ContextFilter - ===== 设置 userId 到 ThreadLocal 中， 用户 ID: 27
2024-09-22 16:25:23.834 [http-nio-8082-exec-6] INFO  c.q.f.b.operationlog.aspect.ApiOperationLogAspect - ====== 请求开始: [查询用户信息], 入参: {"id":26}, 请求类: UserController, 请求方法: findById =================================== 
2024-09-22 16:25:23.834 [http-nio-8082-exec-6] INFO  c.q.x.user.biz.service.impl.UserServiceImpl - ==> 命中了本地缓存；FindUserByIdRspDTO(id=26, nickName=小红薯10025, avatar=null)
2024-09-22 16:25:23.834 [http-nio-8082-exec-6] INFO  c.q.f.b.operationlog.aspect.ApiOperationLogAspect - ====== 请求结束: [查询用户信息], 耗时: 0ms, 出参: {"success":true,"message":null,"errorCode":null,"data":{"id":26,"nickName":"小红薯10025","avatar":null}} =================================== 
2024-09-22 16:25:23.835 [http-nio-8082-exec-6] INFO  c.q.f.b.context.filter.HeaderUserId2ContextFilter - ===== 删除 ThreadLocal， userId: 27
2024-09-22 16:25:39.179 [http-nio-8082-exec-5] INFO  c.q.f.b.context.filter.HeaderUserId2ContextFilter - ===== 设置 userId 到 ThreadLocal 中， 用户 ID: 27
2024-09-22 16:25:39.180 [http-nio-8082-exec-5] INFO  c.q.f.b.operationlog.aspect.ApiOperationLogAspect - ====== 请求开始: [查询用户信息], 入参: {"id":26}, 请求类: UserController, 请求方法: findById =================================== 
2024-09-22 16:25:39.180 [http-nio-8082-exec-5] INFO  c.q.x.user.biz.service.impl.UserServiceImpl - ==> 命中了本地缓存；FindUserByIdRspDTO(id=26, nickName=小红薯10025, avatar=null)
2024-09-22 16:25:39.180 [http-nio-8082-exec-5] INFO  c.q.f.b.operationlog.aspect.ApiOperationLogAspect - ====== 请求结束: [查询用户信息], 耗时: 0ms, 出参: {"success":true,"message":null,"errorCode":null,"data":{"id":26,"nickName":"小红薯10025","avatar":null}} =================================== 
2024-09-22 16:25:39.181 [http-nio-8082-exec-5] INFO  c.q.f.b.context.filter.HeaderUserId2ContextFilter - ===== 删除 ThreadLocal， userId: 27
2024-09-22 16:25:52.165 [http-nio-8082-exec-8] INFO  c.q.f.b.context.filter.HeaderUserId2ContextFilter - ===== 设置 userId 到 ThreadLocal 中， 用户 ID: 27
2024-09-22 16:25:52.167 [http-nio-8082-exec-8] INFO  c.q.f.b.operationlog.aspect.ApiOperationLogAspect - ====== 请求开始: [查询用户信息], 入参: {"id":26}, 请求类: UserController, 请求方法: findById =================================== 
2024-09-22 16:25:52.167 [http-nio-8082-exec-8] INFO  c.q.x.user.biz.service.impl.UserServiceImpl - ==> 命中了本地缓存；FindUserByIdRspDTO(id=26, nickName=小红薯10025, avatar=null)
2024-09-22 16:25:52.167 [http-nio-8082-exec-8] INFO  c.q.f.b.operationlog.aspect.ApiOperationLogAspect - ====== 请求结束: [查询用户信息], 耗时: 2ms, 出参: {"success":true,"message":null,"errorCode":null,"data":{"id":26,"nickName":"小红薯10025","avatar":null}} =================================== 
2024-09-22 16:25:52.168 [http-nio-8082-exec-8] INFO  c.q.f.b.context.filter.HeaderUserId2ContextFilter - ===== 删除 ThreadLocal， userId: 27
