2024-09-20 13:13:27.006 [main] WARN  com.alibaba.nacos.client.logging.NacosLogging - Load Logback Configuration of Nacos fail, message: Could not initialize Logback Nacos logging from classpath:nacos-logback.xml
2024-09-20 13:13:27.050 [main] WARN  com.alibaba.nacos.client.logging.NacosLogging - Load Logback Configuration of Nacos fail, message: Could not initialize Logback Nacos logging from classpath:nacos-logback.xml
2024-09-20 13:13:27.188 [main] WARN  com.alibaba.nacos.client.logging.NacosLogging - Load Logback Configuration of Nacos fail, message: Could not initialize Logback Nacos logging from classpath:nacos-logback.xml
2024-09-20 13:13:27.190 [main] INFO  com.alibaba.nacos.client.utils.ParamUtil - [settings] [req-serv] nacos-server port:8848
2024-09-20 13:13:27.190 [main] INFO  com.alibaba.nacos.client.utils.ParamUtil - [settings] [http-client] connect timeout:1000
2024-09-20 13:13:27.190 [main] INFO  com.alibaba.nacos.client.utils.ParamUtil - PER_TASK_CONFIG_SIZE: 3000.0
2024-09-20 13:13:27.208 [main] INFO  c.a.n.p.auth.spi.client.ClientAuthPluginManager - [ClientAuthPluginManager] Load ClientAuthService com.alibaba.nacos.client.auth.impl.NacosClientAuthServiceImpl success.
2024-09-20 13:13:27.208 [main] INFO  c.a.n.p.auth.spi.client.ClientAuthPluginManager - [ClientAuthPluginManager] Load ClientAuthService com.alibaba.nacos.client.auth.ram.RamClientAuthServiceImpl success.
2024-09-20 13:13:27.209 [main] INFO  c.a.n.client.auth.ram.identify.CredentialWatcher - null No credential found
2024-09-20 13:13:27.360 [main] WARN  com.alibaba.nacos.client.logging.NacosLogging - Load Logback Configuration of Nacos fail, message: Could not initialize Logback Nacos logging from classpath:nacos-logback.xml
2024-09-20 13:13:27.368 [main] INFO  c.a.n.client.config.impl.LocalConfigInfoProcessor - LOCAL_SNAPSHOT_PATH:C:\Users\Administrator\nacos\config
2024-09-20 13:13:27.370 [main] INFO  com.alibaba.nacos.common.remote.client - [RpcClientFactory] create a new rpc client of 04d9272f-b048-48ce-acf3-d70833ac470d_config-0
2024-09-20 13:13:27.379 [main] INFO  com.alibaba.nacos.common.remote.client - [04d9272f-b048-48ce-acf3-d70833ac470d_config-0] Register server push request handler:com.alibaba.nacos.client.config.impl.ClientWorker$ConfigRpcTransportClient$$Lambda$572/0x00000206b93671b0
2024-09-20 13:13:27.379 [main] INFO  com.alibaba.nacos.common.remote.client - [04d9272f-b048-48ce-acf3-d70833ac470d_config-0] Register server push request handler:com.alibaba.nacos.client.config.impl.ClientWorker$ConfigRpcTransportClient$$Lambda$573/0x00000206b93675d0
2024-09-20 13:13:27.379 [main] INFO  com.alibaba.nacos.common.remote.client - [04d9272f-b048-48ce-acf3-d70833ac470d_config-0] Registry connection listener to current client:com.alibaba.nacos.client.config.impl.ClientWorker$ConfigRpcTransportClient$1
2024-09-20 13:13:27.379 [main] INFO  com.alibaba.nacos.common.remote.client - [04d9272f-b048-48ce-acf3-d70833ac470d_config-0] RpcClient init, ServerListFactory = com.alibaba.nacos.client.config.impl.ClientWorker$ConfigRpcTransportClient$2
2024-09-20 13:13:27.384 [main] INFO  com.alibaba.nacos.common.remote.client - [04d9272f-b048-48ce-acf3-d70833ac470d_config-0] Try to connect to server on start up, server: {serverIp = '127.0.0.1', server main port = 8848}
2024-09-20 13:13:27.399 [main] INFO  c.a.nacos.common.remote.client.grpc.GrpcClient - grpc client connection server:127.0.0.1 ip,serverPort:9848,grpcTslConfig:{"sslProvider":"OPENSSL","enableTls":false,"mutualAuthEnable":false,"trustAll":false}
2024-09-20 13:13:27.995 [main] INFO  com.alibaba.nacos.common.remote.client - [04d9272f-b048-48ce-acf3-d70833ac470d_config-0] Success to connect to server [127.0.0.1:8848] on start up, connectionId = 1726809207829_172.17.0.1_33018
2024-09-20 13:13:27.995 [com.alibaba.nacos.client.remote.worker] INFO  com.alibaba.nacos.common.remote.client - [04d9272f-b048-48ce-acf3-d70833ac470d_config-0] Notify connected event to listeners.
2024-09-20 13:13:27.995 [com.alibaba.nacos.client.remote.worker] INFO  com.alibaba.nacos.client.config.impl.ClientWorker - [04d9272f-b048-48ce-acf3-d70833ac470d_config-0] Connected,notify listen context...
2024-09-20 13:13:27.995 [main] INFO  com.alibaba.nacos.common.remote.client - [04d9272f-b048-48ce-acf3-d70833ac470d_config-0] Register server push request handler:com.alibaba.nacos.common.remote.client.RpcClient$ConnectResetRequestHandler
2024-09-20 13:13:27.996 [main] INFO  com.alibaba.nacos.common.remote.client - [04d9272f-b048-48ce-acf3-d70833ac470d_config-0] Register server push request handler:com.alibaba.nacos.common.remote.client.RpcClient$$Lambda$605/0x00000206b94d51f0
2024-09-20 13:13:28.031 [main] INFO  com.alibaba.nacos.client.config.impl.Limiter - limitTime:5.0
2024-09-20 13:13:28.051 [main] WARN  c.a.cloud.nacos.client.NacosPropertySourceBuilder - Ignore the empty nacos configuration and get it based on dataId[xiaohashu-user-relation] & group[DEFAULT_GROUP]
2024-09-20 13:13:28.059 [main] WARN  c.a.cloud.nacos.client.NacosPropertySourceBuilder - Ignore the empty nacos configuration and get it based on dataId[xiaohashu-user-relation.yaml] & group[DEFAULT_GROUP]
2024-09-20 13:13:28.068 [main] INFO  com.alibaba.nacos.client.config.utils.JvmUtil - isMultiInstance:false
2024-09-20 13:13:28.070 [main] INFO  o.s.c.b.c.PropertySourceBootstrapConfiguration - Located property source: [BootstrapPropertySource {name='bootstrapProperties-xiaohashu-user-relation-dev.yaml,DEFAULT_GROUP'}, BootstrapPropertySource {name='bootstrapProperties-xiaohashu-user-relation.yaml,DEFAULT_GROUP'}, BootstrapPropertySource {name='bootstrapProperties-xiaohashu-user-relation,DEFAULT_GROUP'}]
2024-09-20 13:13:28.082 [main] WARN  com.alibaba.nacos.client.logging.NacosLogging - Load Logback Configuration of Nacos fail, message: Could not initialize Logback Nacos logging from classpath:nacos-logback.xml
2024-09-20 13:13:28.082 [main] INFO  c.q.x.u.r.biz.XiaohashuUserRelationBizApplication - The following 1 profile is active: "dev"
2024-09-20 13:13:28.484 [main] INFO  o.s.d.r.config.RepositoryConfigurationDelegate - Multiple Spring Data modules found, entering strict repository configuration mode
2024-09-20 13:13:28.486 [main] INFO  o.s.d.r.config.RepositoryConfigurationDelegate - Bootstrapping Spring Data Redis repositories in DEFAULT mode.
2024-09-20 13:13:28.500 [main] INFO  o.s.d.r.config.RepositoryConfigurationDelegate - Finished Spring Data repository scanning in 4 ms. Found 0 Redis repository interfaces.
2024-09-20 13:13:28.592 [main] INFO  o.springframework.cloud.context.scope.GenericScope - BeanFactory id=4e3205ab-39ef-38fe-b862-8cdb7e892169
2024-09-20 13:13:28.615 [main] INFO  o.s.c.s.PostProcessorRegistrationDelegate$BeanPostProcessorChecker - Bean 'com.quanxiaoha.xiaohashu.user.api.UserFeignApi' of type [org.springframework.cloud.openfeign.FeignClientFactoryBean] is not eligible for getting processed by all BeanPostProcessors (for example: not eligible for auto-proxying)
2024-09-20 13:13:28.743 [main] INFO  o.s.c.s.PostProcessorRegistrationDelegate$BeanPostProcessorChecker - Bean 'org.apache.rocketmq.spring.autoconfigure.MessageConverterConfiguration' of type [org.apache.rocketmq.spring.autoconfigure.MessageConverterConfiguration$$SpringCGLIB$$0] is not eligible for getting processed by all BeanPostProcessors (for example: not eligible for auto-proxying)
2024-09-20 13:13:28.775 [main] INFO  o.s.c.s.PostProcessorRegistrationDelegate$BeanPostProcessorChecker - Bean 'createRocketMQMessageConverter' of type [org.apache.rocketmq.spring.support.RocketMQMessageConverter] is not eligible for getting processed by all BeanPostProcessors (for example: not eligible for auto-proxying)
2024-09-20 13:13:28.777 [main] INFO  o.s.c.s.PostProcessorRegistrationDelegate$BeanPostProcessorChecker - Bean 'org.springframework.cloud.commons.config.CommonsConfigAutoConfiguration' of type [org.springframework.cloud.commons.config.CommonsConfigAutoConfiguration] is not eligible for getting processed by all BeanPostProcessors (for example: not eligible for auto-proxying)
2024-09-20 13:13:28.778 [main] INFO  o.s.c.s.PostProcessorRegistrationDelegate$BeanPostProcessorChecker - Bean 'org.springframework.cloud.client.loadbalancer.LoadBalancerDefaultMappingsProviderAutoConfiguration' of type [org.springframework.cloud.client.loadbalancer.LoadBalancerDefaultMappingsProviderAutoConfiguration] is not eligible for getting processed by all BeanPostProcessors (for example: not eligible for auto-proxying)
2024-09-20 13:13:28.779 [main] INFO  o.s.c.s.PostProcessorRegistrationDelegate$BeanPostProcessorChecker - Bean 'loadBalancerClientsDefaultsMappingsProvider' of type [org.springframework.cloud.client.loadbalancer.LoadBalancerDefaultMappingsProviderAutoConfiguration$$Lambda$763/0x00000206b96a3810] is not eligible for getting processed by all BeanPostProcessors (for example: not eligible for auto-proxying)
2024-09-20 13:13:28.780 [main] INFO  o.s.c.s.PostProcessorRegistrationDelegate$BeanPostProcessorChecker - Bean 'defaultsBindHandlerAdvisor' of type [org.springframework.cloud.commons.config.DefaultsBindHandlerAdvisor] is not eligible for getting processed by all BeanPostProcessors (for example: not eligible for auto-proxying)
2024-09-20 13:13:28.782 [main] INFO  o.s.c.s.PostProcessorRegistrationDelegate$BeanPostProcessorChecker - Bean 'rocketmq-org.apache.rocketmq.spring.autoconfigure.RocketMQProperties' of type [org.apache.rocketmq.spring.autoconfigure.RocketMQProperties] is not eligible for getting processed by all BeanPostProcessors (for example: not eligible for auto-proxying)
2024-09-20 13:13:28.783 [main] INFO  o.s.c.s.PostProcessorRegistrationDelegate$BeanPostProcessorChecker - Bean 'org.apache.rocketmq.spring.autoconfigure.ListenerContainerConfiguration' of type [org.apache.rocketmq.spring.autoconfigure.ListenerContainerConfiguration$$SpringCGLIB$$0] is not eligible for getting processed by all BeanPostProcessors (for example: not eligible for auto-proxying)
2024-09-20 13:13:28.904 [main] INFO  o.s.boot.web.embedded.tomcat.TomcatWebServer - Tomcat initialized with port(s): 8086 (http)
2024-09-20 13:13:28.910 [main] INFO  org.apache.catalina.core.StandardService - Starting service [Tomcat]
2024-09-20 13:13:28.910 [main] INFO  org.apache.catalina.core.StandardEngine - Starting Servlet engine: [Apache Tomcat/10.1.5]
2024-09-20 13:13:28.948 [main] INFO  o.a.c.core.ContainerBase.[Tomcat].[localhost].[/] - Initializing Spring embedded WebApplicationContext
2024-09-20 13:13:28.948 [main] INFO  o.s.b.w.s.c.ServletWebServerApplicationContext - Root WebApplicationContext: initialization completed in 857 ms
2024-09-20 13:13:29.009 [main] INFO  c.a.d.s.b.a.DruidDataSourceAutoConfigure - Init DruidDataSource
2024-09-20 13:13:29.218 [main] INFO  com.alibaba.druid.pool.DruidDataSource - {dataSource-1} inited
2024-09-20 13:13:29.829 [main] INFO  o.a.r.s.support.DefaultRocketMQListenerContainer - running container: DefaultRocketMQListenerContainer{consumerGroup='xiaohashu_group', namespace='', nameServer='127.0.0.1:9876', topic='FollowUnfollowTopic', consumeMode=CONCURRENTLY, selectorType=TAG, selectorExpression='*', messageModel=CLUSTERING', tlsEnable=false, instanceName=DEFAULT}
2024-09-20 13:13:29.829 [main] INFO  o.a.r.s.a.ListenerContainerConfiguration - Register the listener to container, listenerBeanName:followUnfollowConsumer, containerBeanName:org.apache.rocketmq.spring.support.DefaultRocketMQListenerContainer_1
2024-09-20 13:13:29.889 [main] INFO  o.s.cloud.openfeign.FeignClientFactoryBean - For 'xiaohashu-user' URL not provided. Will try picking an instance via load-balancing.
2024-09-20 13:13:29.915 [main] INFO  o.a.r.s.autoconfigure.RocketMQAutoConfiguration - a producer (xiaohashu_group) init on namesrv 127.0.0.1:9876
2024-09-20 13:13:30.369 [main] WARN  o.s.c.l.c.LoadBalancerCacheAutoConfiguration$LoadBalancerCaffeineWarnLogger - Spring Cloud LoadBalancer is currently working with the default cache. While this cache implementation is useful for development and tests, it's recommended to use Caffeine cache in production.You can switch to using Caffeine cache, by adding it and org.springframework.cache.caffeine.CaffeineCacheManager to the classpath.
2024-09-20 13:13:30.411 [main] INFO  o.s.boot.web.embedded.tomcat.TomcatWebServer - Tomcat started on port(s): 8086 (http) with context path ''
2024-09-20 13:13:30.413 [main] INFO  com.alibaba.nacos.client.naming - initializer namespace from ans.namespace attribute : null
2024-09-20 13:13:30.413 [main] INFO  com.alibaba.nacos.client.naming - initializer namespace from ALIBABA_ALIWARE_NAMESPACE attribute :null
2024-09-20 13:13:30.413 [main] INFO  com.alibaba.nacos.client.naming - initializer namespace from namespace attribute :null
2024-09-20 13:13:30.418 [main] INFO  c.a.n.p.auth.spi.client.ClientAuthPluginManager - [ClientAuthPluginManager] Load ClientAuthService com.alibaba.nacos.client.auth.impl.NacosClientAuthServiceImpl success.
2024-09-20 13:13:30.418 [main] INFO  c.a.n.p.auth.spi.client.ClientAuthPluginManager - [ClientAuthPluginManager] Load ClientAuthService com.alibaba.nacos.client.auth.ram.RamClientAuthServiceImpl success.
2024-09-20 13:13:30.420 [main] INFO  com.alibaba.nacos.common.remote.client - [RpcClientFactory] create a new rpc client of 341c5284-803f-4233-b39a-e6aac8dcc197
2024-09-20 13:13:30.421 [main] INFO  com.alibaba.nacos.common.remote.client - [341c5284-803f-4233-b39a-e6aac8dcc197] RpcClient init, ServerListFactory = com.alibaba.nacos.client.naming.core.ServerListManager
2024-09-20 13:13:30.421 [main] INFO  com.alibaba.nacos.common.remote.client - [341c5284-803f-4233-b39a-e6aac8dcc197] Registry connection listener to current client:com.alibaba.nacos.client.naming.remote.gprc.redo.NamingGrpcRedoService
2024-09-20 13:13:30.422 [main] INFO  com.alibaba.nacos.common.remote.client - [341c5284-803f-4233-b39a-e6aac8dcc197] Register server push request handler:com.alibaba.nacos.client.naming.remote.gprc.NamingPushRequestHandler
2024-09-20 13:13:30.422 [main] INFO  com.alibaba.nacos.common.remote.client - [341c5284-803f-4233-b39a-e6aac8dcc197] Try to connect to server on start up, server: {serverIp = '127.0.0.1', server main port = 8848}
2024-09-20 13:13:30.422 [main] INFO  c.a.nacos.common.remote.client.grpc.GrpcClient - grpc client connection server:127.0.0.1 ip,serverPort:9848,grpcTslConfig:{"sslProvider":"OPENSSL","enableTls":false,"mutualAuthEnable":false,"trustAll":false}
2024-09-20 13:13:30.545 [main] INFO  com.alibaba.nacos.common.remote.client - [341c5284-803f-4233-b39a-e6aac8dcc197] Success to connect to server [127.0.0.1:8848] on start up, connectionId = 1726809210427_172.17.0.1_57964
2024-09-20 13:13:30.545 [main] INFO  com.alibaba.nacos.common.remote.client - [341c5284-803f-4233-b39a-e6aac8dcc197] Register server push request handler:com.alibaba.nacos.common.remote.client.RpcClient$ConnectResetRequestHandler
2024-09-20 13:13:30.545 [main] INFO  com.alibaba.nacos.common.remote.client - [341c5284-803f-4233-b39a-e6aac8dcc197] Register server push request handler:com.alibaba.nacos.common.remote.client.RpcClient$$Lambda$605/0x00000206b94d51f0
2024-09-20 13:13:30.545 [com.alibaba.nacos.client.remote.worker] INFO  com.alibaba.nacos.common.remote.client - [341c5284-803f-4233-b39a-e6aac8dcc197] Notify connected event to listeners.
2024-09-20 13:13:30.545 [com.alibaba.nacos.client.remote.worker] INFO  com.alibaba.nacos.client.naming - Grpc connection connect
2024-09-20 13:13:30.545 [main] INFO  com.alibaba.nacos.client.naming - [REGISTER-SERVICE] xiaohashu registering service xiaohashu-user-relation with instance Instance{instanceId='null', ip='192.168.1.3', port=8086, weight=1.0, healthy=true, enabled=true, ephemeral=true, clusterName='DEFAULT', serviceName='null', metadata={IPv6=[240e:b67:472:c000:6aa3:7f73:9b30:2fd0], preserved.register.source=SPRING_CLOUD}}
2024-09-20 13:13:30.552 [main] INFO  c.a.cloud.nacos.registry.NacosServiceRegistry - nacos registry, DEFAULT_GROUP xiaohashu-user-relation 192.168.1.3:8086 register finished
2024-09-20 13:13:30.656 [main] INFO  c.q.x.u.r.biz.XiaohashuUserRelationBizApplication - Started XiaohashuUserRelationBizApplication in 4.048 seconds (process running for 4.328)
2024-09-20 13:13:30.658 [main] INFO  com.alibaba.nacos.client.config.impl.CacheData - nacos.cache.data.init.snapshot = true 
2024-09-20 13:13:30.659 [main] INFO  com.alibaba.nacos.client.config.impl.ClientWorker - [fixed-xiaohashu-127.0.0.1_8848] [subscribe] xiaohashu-user-relation.yaml+DEFAULT_GROUP+xiaohashu
2024-09-20 13:13:30.662 [main] INFO  com.alibaba.nacos.client.config.impl.CacheData - [fixed-xiaohashu-127.0.0.1_8848] [add-listener] ok, tenant=xiaohashu, dataId=xiaohashu-user-relation.yaml, group=DEFAULT_GROUP, cnt=1
2024-09-20 13:13:30.663 [main] INFO  c.a.cloud.nacos.refresh.NacosContextRefresher - [Nacos Config] Listening config: dataId=xiaohashu-user-relation.yaml, group=DEFAULT_GROUP
2024-09-20 13:13:30.663 [main] INFO  com.alibaba.nacos.client.config.impl.ClientWorker - [fixed-xiaohashu-127.0.0.1_8848] [subscribe] xiaohashu-user-relation+DEFAULT_GROUP+xiaohashu
2024-09-20 13:13:30.663 [main] INFO  com.alibaba.nacos.client.config.impl.CacheData - [fixed-xiaohashu-127.0.0.1_8848] [add-listener] ok, tenant=xiaohashu, dataId=xiaohashu-user-relation, group=DEFAULT_GROUP, cnt=1
2024-09-20 13:13:30.663 [main] INFO  c.a.cloud.nacos.refresh.NacosContextRefresher - [Nacos Config] Listening config: dataId=xiaohashu-user-relation, group=DEFAULT_GROUP
2024-09-20 13:13:30.663 [main] INFO  com.alibaba.nacos.client.config.impl.ClientWorker - [fixed-xiaohashu-127.0.0.1_8848] [subscribe] xiaohashu-user-relation-dev.yaml+DEFAULT_GROUP+xiaohashu
2024-09-20 13:13:30.663 [main] INFO  com.alibaba.nacos.client.config.impl.CacheData - [fixed-xiaohashu-127.0.0.1_8848] [add-listener] ok, tenant=xiaohashu, dataId=xiaohashu-user-relation-dev.yaml, group=DEFAULT_GROUP, cnt=1
2024-09-20 13:13:30.663 [main] INFO  c.a.cloud.nacos.refresh.NacosContextRefresher - [Nacos Config] Listening config: dataId=xiaohashu-user-relation-dev.yaml, group=DEFAULT_GROUP
2024-09-20 13:14:02.113 [http-nio-8086-exec-1] INFO  o.a.c.core.ContainerBase.[Tomcat].[localhost].[/] - Initializing Spring DispatcherServlet 'dispatcherServlet'
2024-09-20 13:14:02.113 [http-nio-8086-exec-1] INFO  org.springframework.web.servlet.DispatcherServlet - Initializing Servlet 'dispatcherServlet'
2024-09-20 13:14:02.114 [http-nio-8086-exec-1] INFO  org.springframework.web.servlet.DispatcherServlet - Completed initialization in 1 ms
2024-09-20 13:14:02.121 [http-nio-8086-exec-1] INFO  c.q.f.b.context.filter.HeaderUserId2ContextFilter - ===== 设置 userId 到 ThreadLocal 中， 用户 ID: 27
2024-09-20 13:14:02.193 [http-nio-8086-exec-1] INFO  c.q.f.b.operationlog.aspect.ApiOperationLogAspect - ====== 请求开始: [取关用户], 入参: {"unfollowUserId":12211}, 请求类: RelationController, 请求方法: unfollow =================================== 
2024-09-20 13:14:02.200 [http-nio-8086-exec-1] INFO  c.q.f.b.c.interceptor.FeignRequestInterceptor - ########## feign 请求设置请求头 userId: 27
2024-09-20 13:14:02.257 [http-nio-8086-exec-1] INFO  com.alibaba.nacos.client.naming - [SUBSCRIBE-SERVICE] service:xiaohashu-user, group:DEFAULT_GROUP, clusters: 
2024-09-20 13:14:02.268 [http-nio-8086-exec-1] INFO  com.alibaba.nacos.client.naming - init new ips(1) service: DEFAULT_GROUP@@xiaohashu-user -> [{"ip":"192.168.1.3","port":8082,"weight":1.0,"healthy":true,"enabled":true,"ephemeral":true,"clusterName":"DEFAULT","serviceName":"DEFAULT_GROUP@@xiaohashu-user","metadata":{"preserved.register.source":"SPRING_CLOUD","IPv6":"[240e:b67:472:c000:6aa3:7f73:9b30:2fd0]"},"instanceHeartBeatTimeOut":15000,"instanceHeartBeatInterval":5000,"ipDeleteTimeout":30000}]
2024-09-20 13:14:02.270 [http-nio-8086-exec-1] INFO  com.alibaba.nacos.client.naming - current ips:(1) service: DEFAULT_GROUP@@xiaohashu-user -> [{"ip":"192.168.1.3","port":8082,"weight":1.0,"healthy":true,"enabled":true,"ephemeral":true,"clusterName":"DEFAULT","serviceName":"DEFAULT_GROUP@@xiaohashu-user","metadata":{"preserved.register.source":"SPRING_CLOUD","IPv6":"[240e:b67:472:c000:6aa3:7f73:9b30:2fd0]"},"instanceHeartBeatTimeOut":15000,"instanceHeartBeatInterval":5000,"ipDeleteTimeout":30000}]
2024-09-20 13:14:02.484 [http-nio-8086-exec-1] WARN  c.q.x.u.r.biz.exception.GlobalExceptionHandler - /relation/unfollow request fail, errorCode: RELATION-20002, errorMessage: 关注的用户不存在
2024-09-20 13:14:02.496 [http-nio-8086-exec-1] INFO  c.q.f.b.context.filter.HeaderUserId2ContextFilter - ===== 删除 ThreadLocal， userId: 27
2024-09-20 13:14:02.853 [nacos-grpc-client-executor-127.0.0.1-16] INFO  com.alibaba.nacos.common.remote.client - [341c5284-803f-4233-b39a-e6aac8dcc197] Receive server push request, request = NotifySubscriberRequest, requestId = 63
2024-09-20 13:14:02.854 [nacos-grpc-client-executor-127.0.0.1-16] INFO  com.alibaba.nacos.common.remote.client - [341c5284-803f-4233-b39a-e6aac8dcc197] Ack server push request, request = NotifySubscriberRequest, requestId = 63
2024-09-20 13:14:35.714 [http-nio-8086-exec-2] INFO  c.q.f.b.context.filter.HeaderUserId2ContextFilter - ===== 设置 userId 到 ThreadLocal 中， 用户 ID: 27
2024-09-20 13:14:35.715 [http-nio-8086-exec-2] INFO  c.q.f.b.operationlog.aspect.ApiOperationLogAspect - ====== 请求开始: [取关用户], 入参: {"unfollowUserId":100}, 请求类: RelationController, 请求方法: unfollow =================================== 
2024-09-20 13:14:35.715 [http-nio-8086-exec-2] INFO  c.q.f.b.c.interceptor.FeignRequestInterceptor - ########## feign 请求设置请求头 userId: 27
2024-09-20 13:14:35.994 [http-nio-8086-exec-2] WARN  c.q.x.u.r.biz.exception.GlobalExceptionHandler - /relation/unfollow request fail, errorCode: RELATION-20006, errorMessage: 你未关注对方，无法取关
2024-09-20 13:14:35.995 [http-nio-8086-exec-2] INFO  c.q.f.b.context.filter.HeaderUserId2ContextFilter - ===== 删除 ThreadLocal， userId: 27
2024-09-20 13:14:41.984 [http-nio-8086-exec-4] INFO  c.q.f.b.context.filter.HeaderUserId2ContextFilter - ===== 设置 userId 到 ThreadLocal 中， 用户 ID: 27
2024-09-20 13:14:41.985 [http-nio-8086-exec-4] INFO  c.q.f.b.operationlog.aspect.ApiOperationLogAspect - ====== 请求开始: [取关用户], 入参: {"unfollowUserId":1001}, 请求类: RelationController, 请求方法: unfollow =================================== 
2024-09-20 13:14:41.986 [http-nio-8086-exec-4] INFO  c.q.f.b.c.interceptor.FeignRequestInterceptor - ########## feign 请求设置请求头 userId: 27
2024-09-20 13:14:42.003 [http-nio-8086-exec-4] WARN  c.q.x.u.r.biz.exception.GlobalExceptionHandler - /relation/unfollow request fail, errorCode: RELATION-20002, errorMessage: 关注的用户不存在
2024-09-20 13:14:42.004 [http-nio-8086-exec-4] INFO  c.q.f.b.context.filter.HeaderUserId2ContextFilter - ===== 删除 ThreadLocal， userId: 27
2024-09-20 13:15:41.011 [http-nio-8086-exec-3] INFO  c.q.f.b.context.filter.HeaderUserId2ContextFilter - ===== 设置 userId 到 ThreadLocal 中， 用户 ID: 27
2024-09-20 13:15:41.011 [http-nio-8086-exec-3] INFO  c.q.f.b.operationlog.aspect.ApiOperationLogAspect - ====== 请求开始: [取关用户], 入参: {"unfollowUserId":100}, 请求类: RelationController, 请求方法: unfollow =================================== 
2024-09-20 13:15:41.011 [http-nio-8086-exec-3] INFO  c.q.f.b.c.interceptor.FeignRequestInterceptor - ########## feign 请求设置请求头 userId: 27
2024-09-20 13:15:41.039 [http-nio-8086-exec-3] WARN  c.q.x.u.r.biz.exception.GlobalExceptionHandler - /relation/unfollow request fail, errorCode: RELATION-20006, errorMessage: 你未关注对方，无法取关
2024-09-20 13:15:41.039 [http-nio-8086-exec-3] INFO  c.q.f.b.context.filter.HeaderUserId2ContextFilter - ===== 删除 ThreadLocal， userId: 27
2024-09-20 13:16:58.772 [http-nio-8086-exec-10] INFO  c.q.f.b.context.filter.HeaderUserId2ContextFilter - ===== 设置 userId 到 ThreadLocal 中， 用户 ID: 27
2024-09-20 13:16:58.773 [http-nio-8086-exec-10] INFO  c.q.f.b.operationlog.aspect.ApiOperationLogAspect - ====== 请求开始: [取关用户], 入参: {"unfollowUserId":26}, 请求类: RelationController, 请求方法: unfollow =================================== 
2024-09-20 13:16:58.774 [http-nio-8086-exec-10] INFO  c.q.f.b.c.interceptor.FeignRequestInterceptor - ########## feign 请求设置请求头 userId: 27
2024-09-20 13:16:58.793 [http-nio-8086-exec-10] INFO  c.q.x.u.r.biz.service.impl.RelationServiceImpl - ==> 开始发送取关操作 MQ, 消息体: UnfollowUserMqDTO(userId=27, unfollowUserId=26, createTime=2024-09-20T13:16:58.789219300)
2024-09-20 13:16:58.795 [http-nio-8086-exec-10] INFO  c.q.f.b.operationlog.aspect.ApiOperationLogAspect - ====== 请求结束: [取关用户], 耗时: 22ms, 出参: {"success":true,"message":null,"errorCode":null,"data":null} =================================== 
2024-09-20 13:16:58.797 [http-nio-8086-exec-10] INFO  c.q.f.b.context.filter.HeaderUserId2ContextFilter - ===== 删除 ThreadLocal， userId: 27
2024-09-20 13:16:58.815 [NettyClientPublicExecutor_1] INFO  c.q.x.u.r.biz.service.impl.RelationServiceImpl - ==> MQ 发送成功，SendResult: SendResult [sendStatus=SEND_OK, msgId=7F0000017F9463947C6B64B27C3B0000, offsetMsgId=AC18D00100002A9F0000000000B186B4, messageQueue=MessageQueue [topic=FollowUnfollowTopic, brokerName=SK-20231010EQPS, queueId=0], queueOffset=7502]
2024-09-20 13:16:58.830 [ConsumeMessageThread_xiaohashu_group_1] INFO  c.q.x.u.r.biz.consumer.FollowUnfollowConsumer - ==> FollowUnfollowConsumer 消费了消息 {"userId":27,"unfollowUserId":26,"createTime":"2024-09-20 13:16:58"}, tags: Unfollow
2024-09-20 13:22:08.437 [Thread-9] WARN  com.alibaba.nacos.common.notify.NotifyCenter - [NotifyCenter] Start destroying Publisher
2024-09-20 13:22:08.437 [Thread-2] WARN  c.alibaba.nacos.common.http.HttpClientBeanHolder - [HttpClientBeanHolder] Start destroying common HttpClient
2024-09-20 13:22:08.437 [Thread-9] WARN  com.alibaba.nacos.common.notify.NotifyCenter - [NotifyCenter] Destruction of the end
2024-09-20 13:22:08.438 [Thread-2] WARN  c.alibaba.nacos.common.http.HttpClientBeanHolder - [HttpClientBeanHolder] Destruction of the end
2024-09-20 13:22:08.469 [SpringApplicationShutdownHook] INFO  c.a.cloud.nacos.registry.NacosServiceRegistry - De-registering from Nacos Server now...
2024-09-20 13:22:08.469 [SpringApplicationShutdownHook] INFO  com.alibaba.nacos.client.naming - [DEREGISTER-SERVICE] xiaohashu deregistering service xiaohashu-user-relation with instance: Instance{instanceId='null', ip='192.168.1.3', port=8086, weight=1.0, healthy=true, enabled=true, ephemeral=true, clusterName='DEFAULT', serviceName='null', metadata={}}
2024-09-20 13:22:08.472 [SpringApplicationShutdownHook] INFO  c.a.cloud.nacos.registry.NacosServiceRegistry - De-registration finished.
2024-09-20 13:22:08.472 [SpringApplicationShutdownHook] INFO  com.alibaba.nacos.client.naming - com.alibaba.nacos.client.naming.cache.ServiceInfoHolder do shutdown begin
2024-09-20 13:22:08.472 [SpringApplicationShutdownHook] INFO  com.alibaba.nacos.client.naming - com.alibaba.nacos.client.naming.backups.FailoverReactor do shutdown begin
2024-09-20 13:22:08.472 [SpringApplicationShutdownHook] INFO  com.alibaba.nacos.client.naming - com.alibaba.nacos.client.naming.backups.FailoverReactor do shutdown stop
2024-09-20 13:22:08.472 [SpringApplicationShutdownHook] INFO  com.alibaba.nacos.client.naming - com.alibaba.nacos.client.naming.cache.ServiceInfoHolder do shutdown stop
2024-09-20 13:22:08.472 [SpringApplicationShutdownHook] INFO  com.alibaba.nacos.client.naming - com.alibaba.nacos.client.naming.remote.NamingClientProxyDelegate do shutdown begin
2024-09-20 13:22:08.472 [SpringApplicationShutdownHook] INFO  com.alibaba.nacos.client.naming - com.alibaba.nacos.client.naming.core.ServiceInfoUpdateService do shutdown begin
2024-09-20 13:22:08.472 [SpringApplicationShutdownHook] INFO  com.alibaba.nacos.client.naming - com.alibaba.nacos.client.naming.core.ServiceInfoUpdateService do shutdown stop
2024-09-20 13:22:08.472 [SpringApplicationShutdownHook] INFO  com.alibaba.nacos.client.naming - com.alibaba.nacos.client.naming.core.ServerListManager do shutdown begin
2024-09-20 13:22:08.472 [SpringApplicationShutdownHook] WARN  com.alibaba.nacos.client.naming - [NamingHttpClientManager] Start destroying NacosRestTemplate
2024-09-20 13:22:08.472 [SpringApplicationShutdownHook] WARN  com.alibaba.nacos.client.naming - [NamingHttpClientManager] Destruction of the end
2024-09-20 13:22:08.472 [SpringApplicationShutdownHook] INFO  com.alibaba.nacos.client.naming - com.alibaba.nacos.client.naming.core.ServerListManager do shutdown stop
2024-09-20 13:22:08.472 [SpringApplicationShutdownHook] INFO  com.alibaba.nacos.client.naming - com.alibaba.nacos.client.naming.remote.http.NamingHttpClientProxy do shutdown begin
2024-09-20 13:22:08.472 [SpringApplicationShutdownHook] WARN  com.alibaba.nacos.client.naming - [NamingHttpClientManager] Start destroying NacosRestTemplate
2024-09-20 13:22:08.472 [SpringApplicationShutdownHook] WARN  com.alibaba.nacos.client.naming - [NamingHttpClientManager] Destruction of the end
2024-09-20 13:22:08.472 [SpringApplicationShutdownHook] INFO  com.alibaba.nacos.client.naming - com.alibaba.nacos.client.naming.remote.http.NamingHttpClientProxy do shutdown stop
2024-09-20 13:22:08.472 [SpringApplicationShutdownHook] INFO  com.alibaba.nacos.common.remote.client - Shutdown rpc client, set status to shutdown
2024-09-20 13:22:08.472 [SpringApplicationShutdownHook] INFO  com.alibaba.nacos.common.remote.client - Shutdown client event executor java.util.concurrent.ScheduledThreadPoolExecutor@5ce7ccab[Running, pool size = 2, active threads = 2, queued tasks = 0, completed tasks = 0]
2024-09-20 13:22:08.472 [SpringApplicationShutdownHook] INFO  com.alibaba.nacos.common.remote.client - Close current connection 1726809210427_172.17.0.1_57964
2024-09-20 13:22:08.474 [nacos-grpc-client-executor-127.0.0.1-120] INFO  c.a.nacos.common.remote.client.grpc.GrpcClient - [1726809210427_172.17.0.1_57964]Ignore complete event,isRunning:false,isAbandon=false
2024-09-20 13:22:08.474 [SpringApplicationShutdownHook] INFO  c.a.nacos.common.remote.client.grpc.GrpcClient - Shutdown grpc executor java.util.concurrent.ThreadPoolExecutor@6611aa76[Running, pool size = 4, active threads = 0, queued tasks = 0, completed tasks = 121]
2024-09-20 13:22:08.475 [SpringApplicationShutdownHook] INFO  com.alibaba.nacos.client.naming - Shutdown grpc redo service executor java.util.concurrent.ScheduledThreadPoolExecutor@2fc42fde[Running, pool size = 1, active threads = 0, queued tasks = 1, completed tasks = 172]
2024-09-20 13:22:08.475 [SpringApplicationShutdownHook] INFO  c.a.n.client.auth.ram.identify.CredentialWatcher - [null] CredentialWatcher is stopped
2024-09-20 13:22:08.475 [SpringApplicationShutdownHook] INFO  c.a.n.client.auth.ram.identify.CredentialService - [null] CredentialService is freed
2024-09-20 13:22:08.475 [SpringApplicationShutdownHook] INFO  com.alibaba.nacos.client.naming - com.alibaba.nacos.client.naming.remote.NamingClientProxyDelegate do shutdown stop
2024-09-20 13:22:08.478 [SpringApplicationShutdownHook] INFO  o.a.r.s.support.DefaultRocketMQListenerContainer - container destroyed, DefaultRocketMQListenerContainer{consumerGroup='xiaohashu_group', namespace='', nameServer='127.0.0.1:9876', topic='FollowUnfollowTopic', consumeMode=CONCURRENTLY, selectorType=TAG, selectorExpression='*', messageModel=CLUSTERING', tlsEnable=false, instanceName=DEFAULT}
2024-09-20 13:22:08.601 [SpringApplicationShutdownHook] INFO  com.alibaba.druid.pool.DruidDataSource - {dataSource-1} closing ...
2024-09-20 13:22:08.605 [SpringApplicationShutdownHook] INFO  com.alibaba.druid.pool.DruidDataSource - {dataSource-1} closed
