2024-09-21 16:16:25.277 [main] WARN  com.alibaba.nacos.client.logging.NacosLogging - Load Logback Configuration of Nacos fail, message: Could not initialize Logback Nacos logging from classpath:nacos-logback.xml
2024-09-21 16:16:25.322 [main] WARN  com.alibaba.nacos.client.logging.NacosLogging - Load Logback Configuration of Nacos fail, message: Could not initialize Logback Nacos logging from classpath:nacos-logback.xml
2024-09-21 16:16:25.573 [main] WARN  com.alibaba.nacos.client.logging.NacosLogging - Load Logback Configuration of Nacos fail, message: Could not initialize Logback Nacos logging from classpath:nacos-logback.xml
2024-09-21 16:16:25.581 [main] WARN  com.alibaba.nacos.client.logging.NacosLogging - Load Logback Configuration of Nacos fail, message: Could not initialize Logback Nacos logging from classpath:nacos-logback.xml
2024-09-21 16:16:25.582 [main] INFO  c.q.xiaohashu.user.biz.XiaohashuUserBizApplication - The following 1 profile is active: "dev"
2024-09-21 16:16:25.904 [main] INFO  o.s.d.r.config.RepositoryConfigurationDelegate - Multiple Spring Data modules found, entering strict repository configuration mode
2024-09-21 16:16:25.906 [main] INFO  o.s.d.r.config.RepositoryConfigurationDelegate - Bootstrapping Spring Data Redis repositories in DEFAULT mode.
2024-09-21 16:16:25.916 [main] INFO  o.s.d.r.config.RepositoryConfigurationDelegate - Finished Spring Data repository scanning in 3 ms. Found 0 Redis repository interfaces.
2024-09-21 16:16:26.028 [main] INFO  o.springframework.cloud.context.scope.GenericScope - BeanFactory id=3b287b35-df5a-313c-94ad-436aa746b180
2024-09-21 16:16:26.044 [main] INFO  o.s.c.s.PostProcessorRegistrationDelegate$BeanPostProcessorChecker - Bean 'com.quanxiaoha.xiaohashu.oss.api.FileFeignApi' of type [org.springframework.cloud.openfeign.FeignClientFactoryBean] is not eligible for getting processed by all BeanPostProcessors (for example: not eligible for auto-proxying)
2024-09-21 16:16:26.045 [main] INFO  o.s.c.s.PostProcessorRegistrationDelegate$BeanPostProcessorChecker - Bean 'com.quanxiaoha.xiaohashu.user.api.UserFeignApi' of type [org.springframework.cloud.openfeign.FeignClientFactoryBean] is not eligible for getting processed by all BeanPostProcessors (for example: not eligible for auto-proxying)
2024-09-21 16:16:26.045 [main] INFO  o.s.c.s.PostProcessorRegistrationDelegate$BeanPostProcessorChecker - Bean 'com.quanxiaoha.xiaohashu.distributed.id.generator.api.DistributedIdGeneratorFeignApi' of type [org.springframework.cloud.openfeign.FeignClientFactoryBean] is not eligible for getting processed by all BeanPostProcessors (for example: not eligible for auto-proxying)
2024-09-21 16:16:26.315 [main] INFO  o.s.boot.web.embedded.tomcat.TomcatWebServer - Tomcat initialized with port(s): 8082 (http)
2024-09-21 16:16:26.321 [main] INFO  org.apache.catalina.core.StandardService - Starting service [Tomcat]
2024-09-21 16:16:26.321 [main] INFO  org.apache.catalina.core.StandardEngine - Starting Servlet engine: [Apache Tomcat/10.1.5]
2024-09-21 16:16:26.369 [main] INFO  o.a.c.core.ContainerBase.[Tomcat].[localhost].[/] - Initializing Spring embedded WebApplicationContext
2024-09-21 16:16:26.370 [main] INFO  o.s.b.w.s.c.ServletWebServerApplicationContext - Root WebApplicationContext: initialization completed in 779 ms
2024-09-21 16:16:26.438 [main] INFO  c.a.d.s.b.a.DruidDataSourceAutoConfigure - Init DruidDataSource
2024-09-21 16:16:26.627 [main] INFO  com.alibaba.druid.pool.DruidDataSource - {dataSource-1} inited
2024-09-21 16:16:26.802 [main] INFO  o.s.cloud.openfeign.FeignClientFactoryBean - For 'xiaohashu-oss' URL not provided. Will try picking an instance via load-balancing.
2024-09-21 16:16:26.973 [main] INFO  o.s.cloud.openfeign.FeignClientFactoryBean - For 'xiaohashu-distributed-id-generator' URL not provided. Will try picking an instance via load-balancing.
2024-09-21 16:16:27.463 [main] INFO  o.s.boot.web.embedded.tomcat.TomcatWebServer - Tomcat started on port(s): 8082 (http) with context path ''
2024-09-21 16:16:27.468 [main] WARN  com.alibaba.nacos.client.logging.NacosLogging - Load Logback Configuration of Nacos fail, message: Could not initialize Logback Nacos logging from classpath:nacos-logback.xml
2024-09-21 16:16:27.468 [main] INFO  com.alibaba.nacos.client.naming - initializer namespace from ans.namespace attribute : null
2024-09-21 16:16:27.468 [main] INFO  com.alibaba.nacos.client.naming - initializer namespace from ALIBABA_ALIWARE_NAMESPACE attribute :null
2024-09-21 16:16:27.469 [main] INFO  com.alibaba.nacos.client.naming - initializer namespace from namespace attribute :null
2024-09-21 16:16:27.481 [main] INFO  com.alibaba.nacos.client.utils.ParamUtil - [settings] [req-serv] nacos-server port:8848
2024-09-21 16:16:27.481 [main] INFO  com.alibaba.nacos.client.utils.ParamUtil - [settings] [http-client] connect timeout:1000
2024-09-21 16:16:27.482 [main] INFO  com.alibaba.nacos.client.utils.ParamUtil - PER_TASK_CONFIG_SIZE: 3000.0
2024-09-21 16:16:27.483 [main] INFO  c.a.n.p.auth.spi.client.ClientAuthPluginManager - [ClientAuthPluginManager] Load ClientAuthService com.alibaba.nacos.client.auth.impl.NacosClientAuthServiceImpl success.
2024-09-21 16:16:27.485 [main] INFO  c.a.n.p.auth.spi.client.ClientAuthPluginManager - [ClientAuthPluginManager] Load ClientAuthService com.alibaba.nacos.client.auth.ram.RamClientAuthServiceImpl success.
2024-09-21 16:16:27.486 [main] INFO  c.a.n.client.auth.ram.identify.CredentialWatcher - null No credential found
2024-09-21 16:16:27.493 [main] INFO  com.alibaba.nacos.common.remote.client - [RpcClientFactory] create a new rpc client of 434d9b3b-f121-4bad-91c8-8b41bdfafaba
2024-09-21 16:16:27.505 [main] INFO  com.alibaba.nacos.common.remote.client - [434d9b3b-f121-4bad-91c8-8b41bdfafaba] RpcClient init, ServerListFactory = com.alibaba.nacos.client.naming.core.ServerListManager
2024-09-21 16:16:27.505 [main] INFO  com.alibaba.nacos.common.remote.client - [434d9b3b-f121-4bad-91c8-8b41bdfafaba] Registry connection listener to current client:com.alibaba.nacos.client.naming.remote.gprc.redo.NamingGrpcRedoService
2024-09-21 16:16:27.506 [main] INFO  com.alibaba.nacos.common.remote.client - [434d9b3b-f121-4bad-91c8-8b41bdfafaba] Register server push request handler:com.alibaba.nacos.client.naming.remote.gprc.NamingPushRequestHandler
2024-09-21 16:16:27.507 [main] INFO  com.alibaba.nacos.common.remote.client - [434d9b3b-f121-4bad-91c8-8b41bdfafaba] Try to connect to server on start up, server: {serverIp = '127.0.0.1', server main port = 8848}
2024-09-21 16:16:27.523 [main] INFO  c.a.nacos.common.remote.client.grpc.GrpcClient - grpc client connection server:127.0.0.1 ip,serverPort:9848,grpcTslConfig:{"sslProvider":"OPENSSL","enableTls":false,"mutualAuthEnable":false,"trustAll":false}
2024-09-21 16:16:28.094 [main] INFO  com.alibaba.nacos.common.remote.client - [434d9b3b-f121-4bad-91c8-8b41bdfafaba] Success to connect to server [127.0.0.1:8848] on start up, connectionId = 1726906587942_172.17.0.1_56794
2024-09-21 16:16:28.094 [com.alibaba.nacos.client.remote.worker] INFO  com.alibaba.nacos.common.remote.client - [434d9b3b-f121-4bad-91c8-8b41bdfafaba] Notify connected event to listeners.
2024-09-21 16:16:28.094 [com.alibaba.nacos.client.remote.worker] INFO  com.alibaba.nacos.client.naming - Grpc connection connect
2024-09-21 16:16:28.094 [main] INFO  com.alibaba.nacos.common.remote.client - [434d9b3b-f121-4bad-91c8-8b41bdfafaba] Register server push request handler:com.alibaba.nacos.common.remote.client.RpcClient$ConnectResetRequestHandler
2024-09-21 16:16:28.094 [main] INFO  com.alibaba.nacos.common.remote.client - [434d9b3b-f121-4bad-91c8-8b41bdfafaba] Register server push request handler:com.alibaba.nacos.common.remote.client.RpcClient$$Lambda$1261/0x000001e177902bc8
2024-09-21 16:16:28.095 [main] INFO  com.alibaba.nacos.client.naming - [REGISTER-SERVICE] xiaohashu registering service xiaohashu-user with instance Instance{instanceId='null', ip='192.168.1.3', port=8082, weight=1.0, healthy=true, enabled=true, ephemeral=true, clusterName='DEFAULT', serviceName='null', metadata={IPv6=[240e:b67:472:c000:6aa3:7f73:9b30:2fd0], preserved.register.source=SPRING_CLOUD}}
2024-09-21 16:16:28.103 [main] INFO  c.a.cloud.nacos.registry.NacosServiceRegistry - nacos registry, DEFAULT_GROUP xiaohashu-user 192.168.1.3:8082 register finished
2024-09-21 16:16:28.229 [main] INFO  c.q.xiaohashu.user.biz.XiaohashuUserBizApplication - Started XiaohashuUserBizApplication in 3.485 seconds (process running for 3.77)
2024-09-21 16:16:28.229 [main] INFO  c.q.x.u.biz.runner.PushRolePermissions2RedisRunner - ==> 服务启动，开始同步角色权限数据到 Redis 中...
2024-09-21 16:16:28.465 [main] DEBUG c.q.x.u.b.d.mapper.RoleDOMapper.selectEnabledList - ==>  Preparing: select id, role_key, role_name from t_role where status = 0 and is_deleted = 0
2024-09-21 16:16:28.555 [main] DEBUG c.q.x.u.b.d.mapper.RoleDOMapper.selectEnabledList - ==> Parameters: 
2024-09-21 16:16:28.567 [main] DEBUG c.q.x.u.b.d.mapper.RoleDOMapper.selectEnabledList - <==      Total: 1
2024-09-21 16:16:28.577 [main] DEBUG c.q.x.u.b.d.m.R.selectByRoleIds - ==>  Preparing: select role_id, permission_id from t_role_permission_rel where role_id in ( ? )
2024-09-21 16:16:28.578 [main] DEBUG c.q.x.u.b.d.m.R.selectByRoleIds - ==> Parameters: 1(Long)
2024-09-21 16:16:28.581 [main] DEBUG c.q.x.u.b.d.m.R.selectByRoleIds - <==      Total: 2
2024-09-21 16:16:28.581 [main] DEBUG c.q.x.u.b.d.m.P.selectAppEnabledList - ==>  Preparing: select id, name, permission_key from t_permission where status = 0 and type = 3 and is_deleted = 0
2024-09-21 16:16:28.582 [main] DEBUG c.q.x.u.b.d.m.P.selectAppEnabledList - ==> Parameters: 
2024-09-21 16:16:28.584 [main] DEBUG c.q.x.u.b.d.m.P.selectAppEnabledList - <==      Total: 3
2024-09-21 16:16:28.591 [main] INFO  c.q.x.u.biz.runner.PushRolePermissions2RedisRunner - ==> 服务启动，成功同步角色权限数据到 Redis 中...
2024-09-21 16:16:38.790 [http-nio-8082-exec-1] INFO  o.a.c.core.ContainerBase.[Tomcat].[localhost].[/] - Initializing Spring DispatcherServlet 'dispatcherServlet'
2024-09-21 16:16:38.790 [http-nio-8082-exec-1] INFO  org.springframework.web.servlet.DispatcherServlet - Initializing Servlet 'dispatcherServlet'
2024-09-21 16:16:38.791 [http-nio-8082-exec-1] INFO  org.springframework.web.servlet.DispatcherServlet - Completed initialization in 1 ms
2024-09-21 16:16:38.796 [http-nio-8082-exec-1] INFO  c.q.f.b.context.filter.HeaderUserId2ContextFilter - ===== 设置 userId 到 ThreadLocal 中， 用户 ID: 27
2024-09-21 16:16:38.849 [http-nio-8082-exec-1] INFO  c.q.f.b.operationlog.aspect.ApiOperationLogAspect - ====== 请求开始: [查询用户信息], 入参: {"id":261}, 请求类: UserController, 请求方法: findById =================================== 
2024-09-21 16:16:38.853 [http-nio-8082-exec-1] DEBUG c.q.x.u.b.d.mapper.UserDOMapper.selectByPrimaryKey - ==>  Preparing: select id, xiaohashu_id, `password`, nickname, avatar, birthday, background_img, phone, sex, `status`, introduction, create_time, update_time, is_deleted from t_user where id = ?
2024-09-21 16:16:38.853 [http-nio-8082-exec-1] DEBUG c.q.x.u.b.d.mapper.UserDOMapper.selectByPrimaryKey - ==> Parameters: 261(Long)
2024-09-21 16:16:38.855 [http-nio-8082-exec-1] DEBUG c.q.x.u.b.d.mapper.UserDOMapper.selectByPrimaryKey - <==      Total: 0
2024-09-21 16:16:38.857 [http-nio-8082-exec-1] WARN  c.q.x.user.biz.exception.GlobalExceptionHandler - /user/findById request fail, errorCode: USER-20007, errorMessage: 该用户不存在
2024-09-21 16:16:38.864 [http-nio-8082-exec-1] INFO  c.q.f.b.context.filter.HeaderUserId2ContextFilter - ===== 删除 ThreadLocal， userId: 27
2024-09-21 16:16:56.384 [http-nio-8082-exec-2] INFO  c.q.f.b.context.filter.HeaderUserId2ContextFilter - ===== 设置 userId 到 ThreadLocal 中， 用户 ID: 27
2024-09-21 16:16:56.385 [http-nio-8082-exec-2] INFO  c.q.f.b.operationlog.aspect.ApiOperationLogAspect - ====== 请求开始: [查询用户信息], 入参: {"id":21}, 请求类: UserController, 请求方法: findById =================================== 
2024-09-21 16:16:56.387 [http-nio-8082-exec-2] DEBUG c.q.x.u.b.d.mapper.UserDOMapper.selectByPrimaryKey - ==>  Preparing: select id, xiaohashu_id, `password`, nickname, avatar, birthday, background_img, phone, sex, `status`, introduction, create_time, update_time, is_deleted from t_user where id = ?
2024-09-21 16:16:56.388 [http-nio-8082-exec-2] DEBUG c.q.x.u.b.d.mapper.UserDOMapper.selectByPrimaryKey - ==> Parameters: 21(Long)
2024-09-21 16:16:56.391 [http-nio-8082-exec-2] DEBUG c.q.x.u.b.d.mapper.UserDOMapper.selectByPrimaryKey - <==      Total: 1
2024-09-21 16:16:56.393 [http-nio-8082-exec-2] INFO  c.q.f.b.operationlog.aspect.ApiOperationLogAspect - ====== 请求结束: [查询用户信息], 耗时: 7ms, 出参: {"success":true,"message":null,"errorCode":null,"data":{"id":21,"nickName":"犬小哈","avatar":"http://127.0.0.1:9000/xiaohashu/46f41e9a32564cd084f3b874a548c16f.jpg"}} =================================== 
2024-09-21 16:16:56.396 [http-nio-8082-exec-2] INFO  c.q.f.b.context.filter.HeaderUserId2ContextFilter - ===== 删除 ThreadLocal， userId: 27
2024-09-21 16:19:55.162 [http-nio-8082-exec-4] INFO  c.q.f.b.context.filter.HeaderUserId2ContextFilter - ===== 设置 userId 到 ThreadLocal 中， 用户 ID: 27
2024-09-21 16:19:55.163 [http-nio-8082-exec-4] INFO  c.q.f.b.operationlog.aspect.ApiOperationLogAspect - ====== 请求开始: [查询用户信息], 入参: {"id":21}, 请求类: UserController, 请求方法: findById =================================== 
2024-09-21 16:19:55.168 [http-nio-8082-exec-4] INFO  c.q.f.b.operationlog.aspect.ApiOperationLogAspect - ====== 请求结束: [查询用户信息], 耗时: 5ms, 出参: {"success":true,"message":null,"errorCode":null,"data":{"id":21,"nickName":"犬小哈","avatar":"http://127.0.0.1:9000/xiaohashu/46f41e9a32564cd084f3b874a548c16f.jpg"}} =================================== 
2024-09-21 16:19:55.168 [http-nio-8082-exec-4] INFO  c.q.f.b.context.filter.HeaderUserId2ContextFilter - ===== 删除 ThreadLocal， userId: 27
2024-09-21 16:20:04.461 [http-nio-8082-exec-5] INFO  c.q.f.b.context.filter.HeaderUserId2ContextFilter - ===== 设置 userId 到 ThreadLocal 中， 用户 ID: 27
2024-09-21 16:20:04.462 [http-nio-8082-exec-5] INFO  c.q.f.b.operationlog.aspect.ApiOperationLogAspect - ====== 请求开始: [查询用户信息], 入参: {"id":28}, 请求类: UserController, 请求方法: findById =================================== 
2024-09-21 16:20:04.465 [http-nio-8082-exec-5] DEBUG c.q.x.u.b.d.mapper.UserDOMapper.selectByPrimaryKey - ==>  Preparing: select id, xiaohashu_id, `password`, nickname, avatar, birthday, background_img, phone, sex, `status`, introduction, create_time, update_time, is_deleted from t_user where id = ?
2024-09-21 16:20:04.465 [http-nio-8082-exec-5] DEBUG c.q.x.u.b.d.mapper.UserDOMapper.selectByPrimaryKey - ==> Parameters: 28(Long)
2024-09-21 16:20:04.467 [http-nio-8082-exec-5] DEBUG c.q.x.u.b.d.mapper.UserDOMapper.selectByPrimaryKey - <==      Total: 1
2024-09-21 16:20:04.468 [http-nio-8082-exec-5] INFO  c.q.f.b.operationlog.aspect.ApiOperationLogAspect - ====== 请求结束: [查询用户信息], 耗时: 5ms, 出参: {"success":true,"message":null,"errorCode":null,"data":{"id":28,"nickName":"小红薯10100","avatar":null}} =================================== 
2024-09-21 16:20:04.468 [http-nio-8082-exec-5] INFO  c.q.f.b.context.filter.HeaderUserId2ContextFilter - ===== 删除 ThreadLocal， userId: 27
2024-09-21 16:20:38.588 [http-nio-8082-exec-6] INFO  c.q.f.b.context.filter.HeaderUserId2ContextFilter - ===== 设置 userId 到 ThreadLocal 中， 用户 ID: 27
2024-09-21 16:20:38.589 [http-nio-8082-exec-6] INFO  c.q.f.b.operationlog.aspect.ApiOperationLogAspect - ====== 请求开始: [查询用户信息], 入参: {"id":28}, 请求类: UserController, 请求方法: findById =================================== 
2024-09-21 16:20:38.591 [http-nio-8082-exec-6] INFO  c.q.f.b.operationlog.aspect.ApiOperationLogAspect - ====== 请求结束: [查询用户信息], 耗时: 2ms, 出参: {"success":true,"message":null,"errorCode":null,"data":{"id":28,"nickName":"小红薯10100","avatar":null}} =================================== 
2024-09-21 16:20:38.591 [http-nio-8082-exec-6] INFO  c.q.f.b.context.filter.HeaderUserId2ContextFilter - ===== 删除 ThreadLocal， userId: 27
