2024-09-24 11:45:52.654 [Thread-2] WARN  c.alibaba.nacos.common.http.HttpClientBeanHolder - [HttpClientBeanHolder] Start destroying common HttpClient
2024-09-24 11:45:52.654 [Thread-9] WARN  com.alibaba.nacos.common.notify.NotifyCenter - [NotifyCenter] Start destroying Publisher
2024-09-24 11:45:52.658 [Thread-9] WARN  com.alibaba.nacos.common.notify.NotifyCenter - [NotifyCenter] Destruction of the end
2024-09-24 11:45:52.662 [Thread-2] WARN  c.alibaba.nacos.common.http.HttpClientBeanHolder - [HttpClientBeanHolder] Destruction of the end
2024-09-24 11:45:52.670 [Thread-9] WARN  com.alibaba.nacos.common.notify.NotifyCenter - [NotifyCenter] Start destroying Publisher
2024-09-24 11:45:52.670 [Thread-2] WARN  c.alibaba.nacos.common.http.HttpClientBeanHolder - [HttpClientBeanHolder] Start destroying common HttpClient
2024-09-24 11:45:52.672 [Thread-9] WARN  com.alibaba.nacos.common.notify.NotifyCenter - [NotifyCenter] Destruction of the end
2024-09-24 11:45:52.676 [Thread-2] WARN  c.alibaba.nacos.common.http.HttpClientBeanHolder - [HttpClientBeanHolder] Destruction of the end
2024-09-24 11:45:52.678 [Thread-2] WARN  c.alibaba.nacos.common.http.HttpClientBeanHolder - [HttpClientBeanHolder] Start destroying common HttpClient
2024-09-24 11:45:52.678 [Thread-9] WARN  com.alibaba.nacos.common.notify.NotifyCenter - [NotifyCenter] Start destroying Publisher
2024-09-24 11:45:52.681 [Thread-9] WARN  com.alibaba.nacos.common.notify.NotifyCenter - [NotifyCenter] Destruction of the end
2024-09-24 11:45:52.687 [Thread-2] WARN  c.alibaba.nacos.common.http.HttpClientBeanHolder - [HttpClientBeanHolder] Destruction of the end
2024-09-24 11:45:52.791 [SpringApplicationShutdownHook] INFO  c.a.cloud.nacos.registry.NacosServiceRegistry - De-registering from Nacos Server now...
2024-09-24 11:45:52.791 [SpringApplicationShutdownHook] INFO  com.alibaba.nacos.client.naming - [DEREGISTER-SERVICE] xiaohashu deregistering service xiaohashu-user-relation with instance: Instance{instanceId='null', ip='192.168.1.3', port=8087, weight=1.0, healthy=true, enabled=true, ephemeral=true, clusterName='DEFAULT', serviceName='null', metadata={}}
2024-09-24 11:45:52.798 [SpringApplicationShutdownHook] INFO  c.a.cloud.nacos.registry.NacosServiceRegistry - De-registration finished.
2024-09-24 11:45:52.799 [SpringApplicationShutdownHook] INFO  com.alibaba.nacos.client.naming - com.alibaba.nacos.client.naming.cache.ServiceInfoHolder do shutdown begin
2024-09-24 11:45:52.799 [SpringApplicationShutdownHook] INFO  com.alibaba.nacos.client.naming - com.alibaba.nacos.client.naming.backups.FailoverReactor do shutdown begin
2024-09-24 11:45:52.799 [SpringApplicationShutdownHook] INFO  com.alibaba.nacos.client.naming - com.alibaba.nacos.client.naming.backups.FailoverReactor do shutdown stop
2024-09-24 11:45:52.799 [SpringApplicationShutdownHook] INFO  com.alibaba.nacos.client.naming - com.alibaba.nacos.client.naming.cache.ServiceInfoHolder do shutdown stop
2024-09-24 11:45:52.799 [SpringApplicationShutdownHook] INFO  com.alibaba.nacos.client.naming - com.alibaba.nacos.client.naming.remote.NamingClientProxyDelegate do shutdown begin
2024-09-24 11:45:52.799 [SpringApplicationShutdownHook] INFO  com.alibaba.nacos.client.naming - com.alibaba.nacos.client.naming.core.ServiceInfoUpdateService do shutdown begin
2024-09-24 11:45:52.799 [SpringApplicationShutdownHook] INFO  com.alibaba.nacos.client.naming - com.alibaba.nacos.client.naming.core.ServiceInfoUpdateService do shutdown stop
2024-09-24 11:45:52.799 [SpringApplicationShutdownHook] INFO  com.alibaba.nacos.client.naming - com.alibaba.nacos.client.naming.core.ServerListManager do shutdown begin
2024-09-24 11:45:52.799 [SpringApplicationShutdownHook] WARN  com.alibaba.nacos.client.naming - [NamingHttpClientManager] Start destroying NacosRestTemplate
2024-09-24 11:45:52.799 [SpringApplicationShutdownHook] WARN  com.alibaba.nacos.client.naming - [NamingHttpClientManager] Destruction of the end
2024-09-24 11:45:52.800 [SpringApplicationShutdownHook] INFO  com.alibaba.nacos.client.naming - com.alibaba.nacos.client.naming.core.ServerListManager do shutdown stop
2024-09-24 11:45:52.800 [SpringApplicationShutdownHook] INFO  com.alibaba.nacos.client.naming - com.alibaba.nacos.client.naming.remote.http.NamingHttpClientProxy do shutdown begin
2024-09-24 11:45:52.800 [SpringApplicationShutdownHook] WARN  com.alibaba.nacos.client.naming - [NamingHttpClientManager] Start destroying NacosRestTemplate
2024-09-24 11:45:52.800 [SpringApplicationShutdownHook] WARN  com.alibaba.nacos.client.naming - [NamingHttpClientManager] Destruction of the end
2024-09-24 11:45:52.800 [SpringApplicationShutdownHook] INFO  com.alibaba.nacos.client.naming - com.alibaba.nacos.client.naming.remote.http.NamingHttpClientProxy do shutdown stop
2024-09-24 11:45:52.800 [SpringApplicationShutdownHook] INFO  com.alibaba.nacos.common.remote.client - Shutdown rpc client, set status to shutdown
2024-09-24 11:45:52.800 [SpringApplicationShutdownHook] INFO  com.alibaba.nacos.common.remote.client - Shutdown client event executor java.util.concurrent.ScheduledThreadPoolExecutor@61b09f80[Running, pool size = 2, active threads = 2, queued tasks = 0, completed tasks = 0]
2024-09-24 11:45:52.800 [SpringApplicationShutdownHook] INFO  com.alibaba.nacos.common.remote.client - Close current connection 1727091030609_172.17.0.1_55234
2024-09-24 11:45:52.804 [nacos-grpc-client-executor-127.0.0.1-5950] INFO  c.a.nacos.common.remote.client.grpc.GrpcClient - [1727091030609_172.17.0.1_55234]Ignore complete event,isRunning:false,isAbandon=false
2024-09-24 11:45:52.809 [SpringApplicationShutdownHook] INFO  c.a.nacos.common.remote.client.grpc.GrpcClient - Shutdown grpc executor java.util.concurrent.ThreadPoolExecutor@730b5777[Running, pool size = 4, active threads = 0, queued tasks = 0, completed tasks = 5951]
2024-09-24 11:45:52.809 [SpringApplicationShutdownHook] INFO  com.alibaba.nacos.client.naming - Shutdown grpc redo service executor java.util.concurrent.ScheduledThreadPoolExecutor@282a5c7[Running, pool size = 1, active threads = 0, queued tasks = 1, completed tasks = 9892]
2024-09-24 11:45:52.809 [SpringApplicationShutdownHook] INFO  c.a.n.client.auth.ram.identify.CredentialWatcher - [null] CredentialWatcher is stopped
2024-09-24 11:45:52.809 [SpringApplicationShutdownHook] INFO  c.a.n.client.auth.ram.identify.CredentialService - [null] CredentialService is freed
2024-09-24 11:45:52.810 [SpringApplicationShutdownHook] INFO  com.alibaba.nacos.client.naming - com.alibaba.nacos.client.naming.remote.NamingClientProxyDelegate do shutdown stop
2024-09-24 11:45:52.822 [SpringApplicationShutdownHook] INFO  o.a.r.s.support.DefaultRocketMQListenerContainer - container destroyed, DefaultRocketMQListenerContainer{consumerGroup='xiaohashu_group', namespace='', nameServer='127.0.0.1:9876', topic='FollowUnfollowTopic', consumeMode=ORDERLY, selectorType=TAG, selectorExpression='*', messageModel=CLUSTERING', tlsEnable=false, instanceName=DEFAULT}
2024-09-24 11:45:52.982 [SpringApplicationShutdownHook] INFO  com.alibaba.druid.pool.DruidDataSource - {dataSource-1} closing ...
2024-09-24 11:45:52.984 [SpringApplicationShutdownHook] INFO  com.alibaba.druid.pool.DruidDataSource - {dataSource-1} closed
2024-09-24 11:45:53.740 [SpringApplicationShutdownHook] INFO  c.a.cloud.nacos.registry.NacosServiceRegistry - De-registering from Nacos Server now...
2024-09-24 11:45:53.740 [SpringApplicationShutdownHook] INFO  com.alibaba.nacos.client.naming - [DEREGISTER-SERVICE] xiaohashu deregistering service xiaohashu-user-relation with instance: Instance{instanceId='null', ip='192.168.1.3', port=8086, weight=1.0, healthy=true, enabled=true, ephemeral=true, clusterName='DEFAULT', serviceName='null', metadata={}}
2024-09-24 11:45:53.745 [SpringApplicationShutdownHook] INFO  c.a.cloud.nacos.registry.NacosServiceRegistry - De-registration finished.
2024-09-24 11:45:53.745 [SpringApplicationShutdownHook] INFO  com.alibaba.nacos.client.naming - com.alibaba.nacos.client.naming.cache.ServiceInfoHolder do shutdown begin
2024-09-24 11:45:53.745 [SpringApplicationShutdownHook] INFO  com.alibaba.nacos.client.naming - com.alibaba.nacos.client.naming.backups.FailoverReactor do shutdown begin
2024-09-24 11:45:53.745 [SpringApplicationShutdownHook] INFO  com.alibaba.nacos.client.naming - com.alibaba.nacos.client.naming.backups.FailoverReactor do shutdown stop
2024-09-24 11:45:53.745 [SpringApplicationShutdownHook] INFO  com.alibaba.nacos.client.naming - com.alibaba.nacos.client.naming.cache.ServiceInfoHolder do shutdown stop
2024-09-24 11:45:53.745 [SpringApplicationShutdownHook] INFO  com.alibaba.nacos.client.naming - com.alibaba.nacos.client.naming.remote.NamingClientProxyDelegate do shutdown begin
2024-09-24 11:45:53.745 [SpringApplicationShutdownHook] INFO  com.alibaba.nacos.client.naming - com.alibaba.nacos.client.naming.core.ServiceInfoUpdateService do shutdown begin
2024-09-24 11:45:53.745 [SpringApplicationShutdownHook] INFO  com.alibaba.nacos.client.naming - com.alibaba.nacos.client.naming.core.ServiceInfoUpdateService do shutdown stop
2024-09-24 11:45:53.745 [SpringApplicationShutdownHook] INFO  com.alibaba.nacos.client.naming - com.alibaba.nacos.client.naming.core.ServerListManager do shutdown begin
2024-09-24 11:45:53.745 [SpringApplicationShutdownHook] WARN  com.alibaba.nacos.client.naming - [NamingHttpClientManager] Start destroying NacosRestTemplate
2024-09-24 11:45:53.745 [SpringApplicationShutdownHook] WARN  com.alibaba.nacos.client.naming - [NamingHttpClientManager] Destruction of the end
2024-09-24 11:45:53.745 [SpringApplicationShutdownHook] INFO  com.alibaba.nacos.client.naming - com.alibaba.nacos.client.naming.core.ServerListManager do shutdown stop
2024-09-24 11:45:53.746 [SpringApplicationShutdownHook] INFO  com.alibaba.nacos.client.naming - com.alibaba.nacos.client.naming.remote.http.NamingHttpClientProxy do shutdown begin
2024-09-24 11:45:53.746 [SpringApplicationShutdownHook] WARN  com.alibaba.nacos.client.naming - [NamingHttpClientManager] Start destroying NacosRestTemplate
2024-09-24 11:45:53.746 [SpringApplicationShutdownHook] WARN  com.alibaba.nacos.client.naming - [NamingHttpClientManager] Destruction of the end
2024-09-24 11:45:53.746 [SpringApplicationShutdownHook] INFO  com.alibaba.nacos.client.naming - com.alibaba.nacos.client.naming.remote.http.NamingHttpClientProxy do shutdown stop
2024-09-24 11:45:53.746 [SpringApplicationShutdownHook] INFO  com.alibaba.nacos.common.remote.client - Shutdown rpc client, set status to shutdown
2024-09-24 11:45:53.746 [SpringApplicationShutdownHook] INFO  com.alibaba.nacos.common.remote.client - Shutdown client event executor java.util.concurrent.ScheduledThreadPoolExecutor@40b75305[Running, pool size = 2, active threads = 2, queued tasks = 0, completed tasks = 0]
2024-09-24 11:45:53.746 [SpringApplicationShutdownHook] INFO  com.alibaba.nacos.common.remote.client - Close current connection 1727080096456_172.17.0.1_60110
2024-09-24 11:45:53.749 [nacos-grpc-client-executor-127.0.0.1-8145] INFO  c.a.nacos.common.remote.client.grpc.GrpcClient - [1727080096456_172.17.0.1_60110]Ignore complete event,isRunning:false,isAbandon=false
2024-09-24 11:45:53.751 [SpringApplicationShutdownHook] INFO  c.a.nacos.common.remote.client.grpc.GrpcClient - Shutdown grpc executor java.util.concurrent.ThreadPoolExecutor@3c97cfe9[Running, pool size = 4, active threads = 0, queued tasks = 0, completed tasks = 8146]
2024-09-24 11:45:53.751 [SpringApplicationShutdownHook] INFO  com.alibaba.nacos.client.naming - Shutdown grpc redo service executor java.util.concurrent.ScheduledThreadPoolExecutor@31557259[Running, pool size = 1, active threads = 0, queued tasks = 1, completed tasks = 13533]
2024-09-24 11:45:53.751 [SpringApplicationShutdownHook] INFO  c.a.n.client.auth.ram.identify.CredentialWatcher - [null] CredentialWatcher is stopped
2024-09-24 11:45:53.751 [SpringApplicationShutdownHook] INFO  c.a.n.client.auth.ram.identify.CredentialService - [null] CredentialService is freed
2024-09-24 11:45:53.751 [SpringApplicationShutdownHook] INFO  com.alibaba.nacos.client.naming - com.alibaba.nacos.client.naming.remote.NamingClientProxyDelegate do shutdown stop
2024-09-24 11:45:53.757 [SpringApplicationShutdownHook] INFO  o.a.r.s.support.DefaultRocketMQListenerContainer - container destroyed, DefaultRocketMQListenerContainer{consumerGroup='xiaohashu_group', namespace='', nameServer='127.0.0.1:9876', topic='FollowUnfollowTopic', consumeMode=ORDERLY, selectorType=TAG, selectorExpression='*', messageModel=CLUSTERING', tlsEnable=false, instanceName=DEFAULT}
2024-09-24 11:45:53.778 [SpringApplicationShutdownHook] INFO  c.a.cloud.nacos.registry.NacosServiceRegistry - De-registering from Nacos Server now...
2024-09-24 11:45:53.778 [SpringApplicationShutdownHook] INFO  com.alibaba.nacos.client.naming - [DEREGISTER-SERVICE] xiaohashu deregistering service xiaohashu-user-relation with instance: Instance{instanceId='null', ip='192.168.1.3', port=8088, weight=1.0, healthy=true, enabled=true, ephemeral=true, clusterName='DEFAULT', serviceName='null', metadata={}}
2024-09-24 11:45:53.782 [SpringApplicationShutdownHook] INFO  c.a.cloud.nacos.registry.NacosServiceRegistry - De-registration finished.
2024-09-24 11:45:53.782 [SpringApplicationShutdownHook] INFO  com.alibaba.nacos.client.naming - com.alibaba.nacos.client.naming.cache.ServiceInfoHolder do shutdown begin
2024-09-24 11:45:53.782 [SpringApplicationShutdownHook] INFO  com.alibaba.nacos.client.naming - com.alibaba.nacos.client.naming.backups.FailoverReactor do shutdown begin
2024-09-24 11:45:53.782 [SpringApplicationShutdownHook] INFO  com.alibaba.nacos.client.naming - com.alibaba.nacos.client.naming.backups.FailoverReactor do shutdown stop
2024-09-24 11:45:53.782 [SpringApplicationShutdownHook] INFO  com.alibaba.nacos.client.naming - com.alibaba.nacos.client.naming.cache.ServiceInfoHolder do shutdown stop
2024-09-24 11:45:53.782 [SpringApplicationShutdownHook] INFO  com.alibaba.nacos.client.naming - com.alibaba.nacos.client.naming.remote.NamingClientProxyDelegate do shutdown begin
2024-09-24 11:45:53.782 [SpringApplicationShutdownHook] INFO  com.alibaba.nacos.client.naming - com.alibaba.nacos.client.naming.core.ServiceInfoUpdateService do shutdown begin
2024-09-24 11:45:53.782 [SpringApplicationShutdownHook] INFO  com.alibaba.nacos.client.naming - com.alibaba.nacos.client.naming.core.ServiceInfoUpdateService do shutdown stop
2024-09-24 11:45:53.782 [SpringApplicationShutdownHook] INFO  com.alibaba.nacos.client.naming - com.alibaba.nacos.client.naming.core.ServerListManager do shutdown begin
2024-09-24 11:45:53.782 [SpringApplicationShutdownHook] WARN  com.alibaba.nacos.client.naming - [NamingHttpClientManager] Start destroying NacosRestTemplate
2024-09-24 11:45:53.782 [SpringApplicationShutdownHook] WARN  com.alibaba.nacos.client.naming - [NamingHttpClientManager] Destruction of the end
2024-09-24 11:45:53.782 [SpringApplicationShutdownHook] INFO  com.alibaba.nacos.client.naming - com.alibaba.nacos.client.naming.core.ServerListManager do shutdown stop
2024-09-24 11:45:53.783 [SpringApplicationShutdownHook] INFO  com.alibaba.nacos.client.naming - com.alibaba.nacos.client.naming.remote.http.NamingHttpClientProxy do shutdown begin
2024-09-24 11:45:53.783 [SpringApplicationShutdownHook] WARN  com.alibaba.nacos.client.naming - [NamingHttpClientManager] Start destroying NacosRestTemplate
2024-09-24 11:45:53.783 [SpringApplicationShutdownHook] WARN  com.alibaba.nacos.client.naming - [NamingHttpClientManager] Destruction of the end
2024-09-24 11:45:53.783 [SpringApplicationShutdownHook] INFO  com.alibaba.nacos.client.naming - com.alibaba.nacos.client.naming.remote.http.NamingHttpClientProxy do shutdown stop
2024-09-24 11:45:53.783 [SpringApplicationShutdownHook] INFO  com.alibaba.nacos.common.remote.client - Shutdown rpc client, set status to shutdown
2024-09-24 11:45:53.783 [SpringApplicationShutdownHook] INFO  com.alibaba.nacos.common.remote.client - Shutdown client event executor java.util.concurrent.ScheduledThreadPoolExecutor@67607a1e[Running, pool size = 2, active threads = 2, queued tasks = 0, completed tasks = 0]
2024-09-24 11:45:53.783 [SpringApplicationShutdownHook] INFO  com.alibaba.nacos.common.remote.client - Close current connection 1727091219558_172.17.0.1_32924
2024-09-24 11:45:53.785 [nacos-grpc-client-executor-127.0.0.1-5930] INFO  c.a.nacos.common.remote.client.grpc.GrpcClient - [1727091219558_172.17.0.1_32924]Ignore complete event,isRunning:false,isAbandon=false
2024-09-24 11:45:53.787 [SpringApplicationShutdownHook] INFO  c.a.nacos.common.remote.client.grpc.GrpcClient - Shutdown grpc executor java.util.concurrent.ThreadPoolExecutor@4fa723cc[Running, pool size = 4, active threads = 0, queued tasks = 0, completed tasks = 5931]
2024-09-24 11:45:53.787 [SpringApplicationShutdownHook] INFO  com.alibaba.nacos.client.naming - Shutdown grpc redo service executor java.util.concurrent.ScheduledThreadPoolExecutor@1bfce333[Running, pool size = 1, active threads = 0, queued tasks = 1, completed tasks = 9830]
2024-09-24 11:45:53.787 [SpringApplicationShutdownHook] INFO  c.a.n.client.auth.ram.identify.CredentialWatcher - [null] CredentialWatcher is stopped
2024-09-24 11:45:53.787 [SpringApplicationShutdownHook] INFO  c.a.n.client.auth.ram.identify.CredentialService - [null] CredentialService is freed
2024-09-24 11:45:53.787 [SpringApplicationShutdownHook] INFO  com.alibaba.nacos.client.naming - com.alibaba.nacos.client.naming.remote.NamingClientProxyDelegate do shutdown stop
2024-09-24 11:45:53.793 [SpringApplicationShutdownHook] INFO  o.a.r.s.support.DefaultRocketMQListenerContainer - container destroyed, DefaultRocketMQListenerContainer{consumerGroup='xiaohashu_group', namespace='', nameServer='127.0.0.1:9876', topic='FollowUnfollowTopic', consumeMode=ORDERLY, selectorType=TAG, selectorExpression='*', messageModel=CLUSTERING', tlsEnable=false, instanceName=DEFAULT}
2024-09-24 11:45:53.807 [SpringApplicationShutdownHook] INFO  com.alibaba.druid.pool.DruidDataSource - {dataSource-1} closing ...
2024-09-24 11:45:53.808 [SpringApplicationShutdownHook] INFO  com.alibaba.druid.pool.DruidDataSource - {dataSource-1} closed
2024-09-24 11:45:53.893 [SpringApplicationShutdownHook] INFO  com.alibaba.druid.pool.DruidDataSource - {dataSource-1} closing ...
2024-09-24 11:45:53.894 [SpringApplicationShutdownHook] INFO  com.alibaba.druid.pool.DruidDataSource - {dataSource-1} closed
2024-09-24 19:56:09.182 [main] WARN  com.alibaba.nacos.client.logging.NacosLogging - Load Logback Configuration of Nacos fail, message: Could not initialize Logback Nacos logging from classpath:nacos-logback.xml
2024-09-24 19:56:09.232 [main] WARN  com.alibaba.nacos.client.logging.NacosLogging - Load Logback Configuration of Nacos fail, message: Could not initialize Logback Nacos logging from classpath:nacos-logback.xml
2024-09-24 19:56:09.368 [main] WARN  com.alibaba.nacos.client.logging.NacosLogging - Load Logback Configuration of Nacos fail, message: Could not initialize Logback Nacos logging from classpath:nacos-logback.xml
2024-09-24 19:56:09.369 [main] INFO  com.alibaba.nacos.client.utils.ParamUtil - [settings] [req-serv] nacos-server port:8848
2024-09-24 19:56:09.369 [main] INFO  com.alibaba.nacos.client.utils.ParamUtil - [settings] [http-client] connect timeout:1000
2024-09-24 19:56:09.370 [main] INFO  com.alibaba.nacos.client.utils.ParamUtil - PER_TASK_CONFIG_SIZE: 3000.0
2024-09-24 19:56:09.386 [main] INFO  c.a.n.p.auth.spi.client.ClientAuthPluginManager - [ClientAuthPluginManager] Load ClientAuthService com.alibaba.nacos.client.auth.impl.NacosClientAuthServiceImpl success.
2024-09-24 19:56:09.386 [main] INFO  c.a.n.p.auth.spi.client.ClientAuthPluginManager - [ClientAuthPluginManager] Load ClientAuthService com.alibaba.nacos.client.auth.ram.RamClientAuthServiceImpl success.
2024-09-24 19:56:09.387 [main] INFO  c.a.n.client.auth.ram.identify.CredentialWatcher - null No credential found
2024-09-24 19:56:09.537 [main] WARN  com.alibaba.nacos.client.logging.NacosLogging - Load Logback Configuration of Nacos fail, message: Could not initialize Logback Nacos logging from classpath:nacos-logback.xml
2024-09-24 19:56:09.545 [main] INFO  c.a.n.client.config.impl.LocalConfigInfoProcessor - LOCAL_SNAPSHOT_PATH:C:\Users\Administrator\nacos\config
2024-09-24 19:56:09.547 [main] INFO  com.alibaba.nacos.common.remote.client - [RpcClientFactory] create a new rpc client of 09a852fd-9938-4009-81a1-4a70017ef343_config-0
2024-09-24 19:56:09.557 [main] INFO  com.alibaba.nacos.common.remote.client - [09a852fd-9938-4009-81a1-4a70017ef343_config-0] Register server push request handler:com.alibaba.nacos.client.config.impl.ClientWorker$ConfigRpcTransportClient$$Lambda$572/0x000002b9d23677b0
2024-09-24 19:56:09.557 [main] INFO  com.alibaba.nacos.common.remote.client - [09a852fd-9938-4009-81a1-4a70017ef343_config-0] Register server push request handler:com.alibaba.nacos.client.config.impl.ClientWorker$ConfigRpcTransportClient$$Lambda$573/0x000002b9d2367bd0
2024-09-24 19:56:09.557 [main] INFO  com.alibaba.nacos.common.remote.client - [09a852fd-9938-4009-81a1-4a70017ef343_config-0] Registry connection listener to current client:com.alibaba.nacos.client.config.impl.ClientWorker$ConfigRpcTransportClient$1
2024-09-24 19:56:09.557 [main] INFO  com.alibaba.nacos.common.remote.client - [09a852fd-9938-4009-81a1-4a70017ef343_config-0] RpcClient init, ServerListFactory = com.alibaba.nacos.client.config.impl.ClientWorker$ConfigRpcTransportClient$2
2024-09-24 19:56:09.562 [main] INFO  com.alibaba.nacos.common.remote.client - [09a852fd-9938-4009-81a1-4a70017ef343_config-0] Try to connect to server on start up, server: {serverIp = '127.0.0.1', server main port = 8848}
2024-09-24 19:56:09.577 [main] INFO  c.a.nacos.common.remote.client.grpc.GrpcClient - grpc client connection server:127.0.0.1 ip,serverPort:9848,grpcTslConfig:{"sslProvider":"OPENSSL","enableTls":false,"mutualAuthEnable":false,"trustAll":false}
2024-09-24 19:56:10.130 [main] INFO  com.alibaba.nacos.common.remote.client - [09a852fd-9938-4009-81a1-4a70017ef343_config-0] Success to connect to server [127.0.0.1:8848] on start up, connectionId = 1727178969971_172.17.0.1_35164
2024-09-24 19:56:10.130 [com.alibaba.nacos.client.remote.worker] INFO  com.alibaba.nacos.common.remote.client - [09a852fd-9938-4009-81a1-4a70017ef343_config-0] Notify connected event to listeners.
2024-09-24 19:56:10.130 [com.alibaba.nacos.client.remote.worker] INFO  com.alibaba.nacos.client.config.impl.ClientWorker - [09a852fd-9938-4009-81a1-4a70017ef343_config-0] Connected,notify listen context...
2024-09-24 19:56:10.130 [main] INFO  com.alibaba.nacos.common.remote.client - [09a852fd-9938-4009-81a1-4a70017ef343_config-0] Register server push request handler:com.alibaba.nacos.common.remote.client.RpcClient$ConnectResetRequestHandler
2024-09-24 19:56:10.130 [main] INFO  com.alibaba.nacos.common.remote.client - [09a852fd-9938-4009-81a1-4a70017ef343_config-0] Register server push request handler:com.alibaba.nacos.common.remote.client.RpcClient$$Lambda$605/0x000002b9d24d6a28
2024-09-24 19:56:10.162 [main] INFO  com.alibaba.nacos.client.config.impl.Limiter - limitTime:5.0
2024-09-24 19:56:10.179 [main] WARN  c.a.cloud.nacos.client.NacosPropertySourceBuilder - Ignore the empty nacos configuration and get it based on dataId[xiaohashu-user-relation] & group[DEFAULT_GROUP]
2024-09-24 19:56:10.185 [main] WARN  c.a.cloud.nacos.client.NacosPropertySourceBuilder - Ignore the empty nacos configuration and get it based on dataId[xiaohashu-user-relation.yaml] & group[DEFAULT_GROUP]
2024-09-24 19:56:10.194 [main] INFO  com.alibaba.nacos.client.config.utils.JvmUtil - isMultiInstance:false
2024-09-24 19:56:10.197 [main] INFO  o.s.c.b.c.PropertySourceBootstrapConfiguration - Located property source: [BootstrapPropertySource {name='bootstrapProperties-xiaohashu-user-relation-dev.yaml,DEFAULT_GROUP'}, BootstrapPropertySource {name='bootstrapProperties-xiaohashu-user-relation.yaml,DEFAULT_GROUP'}, BootstrapPropertySource {name='bootstrapProperties-xiaohashu-user-relation,DEFAULT_GROUP'}]
2024-09-24 19:56:10.209 [main] WARN  com.alibaba.nacos.client.logging.NacosLogging - Load Logback Configuration of Nacos fail, message: Could not initialize Logback Nacos logging from classpath:nacos-logback.xml
2024-09-24 19:56:10.209 [main] INFO  c.q.x.u.r.biz.XiaohashuUserRelationBizApplication - The following 1 profile is active: "dev"
2024-09-24 19:56:10.630 [main] INFO  o.s.d.r.config.RepositoryConfigurationDelegate - Multiple Spring Data modules found, entering strict repository configuration mode
2024-09-24 19:56:10.632 [main] INFO  o.s.d.r.config.RepositoryConfigurationDelegate - Bootstrapping Spring Data Redis repositories in DEFAULT mode.
2024-09-24 19:56:10.643 [main] INFO  o.s.d.r.config.RepositoryConfigurationDelegate - Finished Spring Data repository scanning in 4 ms. Found 0 Redis repository interfaces.
2024-09-24 19:56:10.735 [main] INFO  o.springframework.cloud.context.scope.GenericScope - BeanFactory id=4e3205ab-39ef-38fe-b862-8cdb7e892169
2024-09-24 19:56:10.755 [main] INFO  o.s.c.s.PostProcessorRegistrationDelegate$BeanPostProcessorChecker - Bean 'com.quanxiaoha.xiaohashu.user.api.UserFeignApi' of type [org.springframework.cloud.openfeign.FeignClientFactoryBean] is not eligible for getting processed by all BeanPostProcessors (for example: not eligible for auto-proxying)
2024-09-24 19:56:10.881 [main] INFO  o.s.c.s.PostProcessorRegistrationDelegate$BeanPostProcessorChecker - Bean 'org.apache.rocketmq.spring.autoconfigure.MessageConverterConfiguration' of type [org.apache.rocketmq.spring.autoconfigure.MessageConverterConfiguration$$SpringCGLIB$$0] is not eligible for getting processed by all BeanPostProcessors (for example: not eligible for auto-proxying)
2024-09-24 19:56:10.910 [main] INFO  o.s.c.s.PostProcessorRegistrationDelegate$BeanPostProcessorChecker - Bean 'createRocketMQMessageConverter' of type [org.apache.rocketmq.spring.support.RocketMQMessageConverter] is not eligible for getting processed by all BeanPostProcessors (for example: not eligible for auto-proxying)
2024-09-24 19:56:10.911 [main] INFO  o.s.c.s.PostProcessorRegistrationDelegate$BeanPostProcessorChecker - Bean 'org.springframework.cloud.commons.config.CommonsConfigAutoConfiguration' of type [org.springframework.cloud.commons.config.CommonsConfigAutoConfiguration] is not eligible for getting processed by all BeanPostProcessors (for example: not eligible for auto-proxying)
2024-09-24 19:56:10.912 [main] INFO  o.s.c.s.PostProcessorRegistrationDelegate$BeanPostProcessorChecker - Bean 'org.springframework.cloud.client.loadbalancer.LoadBalancerDefaultMappingsProviderAutoConfiguration' of type [org.springframework.cloud.client.loadbalancer.LoadBalancerDefaultMappingsProviderAutoConfiguration] is not eligible for getting processed by all BeanPostProcessors (for example: not eligible for auto-proxying)
2024-09-24 19:56:10.913 [main] INFO  o.s.c.s.PostProcessorRegistrationDelegate$BeanPostProcessorChecker - Bean 'loadBalancerClientsDefaultsMappingsProvider' of type [org.springframework.cloud.client.loadbalancer.LoadBalancerDefaultMappingsProviderAutoConfiguration$$Lambda$763/0x000002b9d26a2628] is not eligible for getting processed by all BeanPostProcessors (for example: not eligible for auto-proxying)
2024-09-24 19:56:10.913 [main] INFO  o.s.c.s.PostProcessorRegistrationDelegate$BeanPostProcessorChecker - Bean 'defaultsBindHandlerAdvisor' of type [org.springframework.cloud.commons.config.DefaultsBindHandlerAdvisor] is not eligible for getting processed by all BeanPostProcessors (for example: not eligible for auto-proxying)
2024-09-24 19:56:10.917 [main] INFO  o.s.c.s.PostProcessorRegistrationDelegate$BeanPostProcessorChecker - Bean 'rocketmq-org.apache.rocketmq.spring.autoconfigure.RocketMQProperties' of type [org.apache.rocketmq.spring.autoconfigure.RocketMQProperties] is not eligible for getting processed by all BeanPostProcessors (for example: not eligible for auto-proxying)
2024-09-24 19:56:10.917 [main] INFO  o.s.c.s.PostProcessorRegistrationDelegate$BeanPostProcessorChecker - Bean 'org.apache.rocketmq.spring.autoconfigure.ListenerContainerConfiguration' of type [org.apache.rocketmq.spring.autoconfigure.ListenerContainerConfiguration$$SpringCGLIB$$0] is not eligible for getting processed by all BeanPostProcessors (for example: not eligible for auto-proxying)
2024-09-24 19:56:11.028 [main] INFO  o.s.boot.web.embedded.tomcat.TomcatWebServer - Tomcat initialized with port(s): 8086 (http)
2024-09-24 19:56:11.033 [main] INFO  org.apache.catalina.core.StandardService - Starting service [Tomcat]
2024-09-24 19:56:11.033 [main] INFO  org.apache.catalina.core.StandardEngine - Starting Servlet engine: [Apache Tomcat/10.1.5]
2024-09-24 19:56:11.074 [main] INFO  o.a.c.core.ContainerBase.[Tomcat].[localhost].[/] - Initializing Spring embedded WebApplicationContext
2024-09-24 19:56:11.074 [main] INFO  o.s.b.w.s.c.ServletWebServerApplicationContext - Root WebApplicationContext: initialization completed in 853 ms
2024-09-24 19:56:11.124 [main] INFO  c.a.d.s.b.a.DruidDataSourceAutoConfigure - Init DruidDataSource
2024-09-24 19:56:11.312 [main] INFO  com.alibaba.druid.pool.DruidDataSource - {dataSource-1} inited
2024-09-24 19:56:11.776 [main] INFO  o.a.r.s.support.DefaultRocketMQListenerContainer - running container: DefaultRocketMQListenerContainer{consumerGroup='xiaohashu_group', namespace='', nameServer='127.0.0.1:9876', topic='FollowUnfollowTopic', consumeMode=ORDERLY, selectorType=TAG, selectorExpression='*', messageModel=CLUSTERING', tlsEnable=false, instanceName=DEFAULT}
2024-09-24 19:56:11.776 [main] INFO  o.a.r.s.a.ListenerContainerConfiguration - Register the listener to container, listenerBeanName:followUnfollowConsumer, containerBeanName:org.apache.rocketmq.spring.support.DefaultRocketMQListenerContainer_1
2024-09-24 19:56:11.831 [main] INFO  o.s.cloud.openfeign.FeignClientFactoryBean - For 'xiaohashu-user' URL not provided. Will try picking an instance via load-balancing.
2024-09-24 19:56:11.855 [main] INFO  o.a.r.s.autoconfigure.RocketMQAutoConfiguration - a producer (xiaohashu_group) init on namesrv 127.0.0.1:9876
2024-09-24 19:56:12.298 [main] WARN  o.s.c.l.c.LoadBalancerCacheAutoConfiguration$LoadBalancerCaffeineWarnLogger - Spring Cloud LoadBalancer is currently working with the default cache. While this cache implementation is useful for development and tests, it's recommended to use Caffeine cache in production.You can switch to using Caffeine cache, by adding it and org.springframework.cache.caffeine.CaffeineCacheManager to the classpath.
2024-09-24 19:56:12.338 [main] INFO  o.s.boot.web.embedded.tomcat.TomcatWebServer - Tomcat started on port(s): 8086 (http) with context path ''
2024-09-24 19:56:12.340 [main] INFO  com.alibaba.nacos.client.naming - initializer namespace from ans.namespace attribute : null
2024-09-24 19:56:12.341 [main] INFO  com.alibaba.nacos.client.naming - initializer namespace from ALIBABA_ALIWARE_NAMESPACE attribute :null
2024-09-24 19:56:12.341 [main] INFO  com.alibaba.nacos.client.naming - initializer namespace from namespace attribute :null
2024-09-24 19:56:12.345 [main] INFO  c.a.n.p.auth.spi.client.ClientAuthPluginManager - [ClientAuthPluginManager] Load ClientAuthService com.alibaba.nacos.client.auth.impl.NacosClientAuthServiceImpl success.
2024-09-24 19:56:12.345 [main] INFO  c.a.n.p.auth.spi.client.ClientAuthPluginManager - [ClientAuthPluginManager] Load ClientAuthService com.alibaba.nacos.client.auth.ram.RamClientAuthServiceImpl success.
2024-09-24 19:56:12.347 [main] INFO  com.alibaba.nacos.common.remote.client - [RpcClientFactory] create a new rpc client of fde3ceb0-0066-424a-a6a6-6e8162a0e234
2024-09-24 19:56:12.347 [main] INFO  com.alibaba.nacos.common.remote.client - [fde3ceb0-0066-424a-a6a6-6e8162a0e234] RpcClient init, ServerListFactory = com.alibaba.nacos.client.naming.core.ServerListManager
2024-09-24 19:56:12.347 [main] INFO  com.alibaba.nacos.common.remote.client - [fde3ceb0-0066-424a-a6a6-6e8162a0e234] Registry connection listener to current client:com.alibaba.nacos.client.naming.remote.gprc.redo.NamingGrpcRedoService
2024-09-24 19:56:12.348 [main] INFO  com.alibaba.nacos.common.remote.client - [fde3ceb0-0066-424a-a6a6-6e8162a0e234] Register server push request handler:com.alibaba.nacos.client.naming.remote.gprc.NamingPushRequestHandler
2024-09-24 19:56:12.348 [main] INFO  com.alibaba.nacos.common.remote.client - [fde3ceb0-0066-424a-a6a6-6e8162a0e234] Try to connect to server on start up, server: {serverIp = '127.0.0.1', server main port = 8848}
2024-09-24 19:56:12.348 [main] INFO  c.a.nacos.common.remote.client.grpc.GrpcClient - grpc client connection server:127.0.0.1 ip,serverPort:9848,grpcTslConfig:{"sslProvider":"OPENSSL","enableTls":false,"mutualAuthEnable":false,"trustAll":false}
2024-09-24 19:56:12.470 [main] INFO  com.alibaba.nacos.common.remote.client - [fde3ceb0-0066-424a-a6a6-6e8162a0e234] Success to connect to server [127.0.0.1:8848] on start up, connectionId = 1727178972353_172.17.0.1_35176
2024-09-24 19:56:12.470 [main] INFO  com.alibaba.nacos.common.remote.client - [fde3ceb0-0066-424a-a6a6-6e8162a0e234] Register server push request handler:com.alibaba.nacos.common.remote.client.RpcClient$ConnectResetRequestHandler
2024-09-24 19:56:12.470 [main] INFO  com.alibaba.nacos.common.remote.client - [fde3ceb0-0066-424a-a6a6-6e8162a0e234] Register server push request handler:com.alibaba.nacos.common.remote.client.RpcClient$$Lambda$605/0x000002b9d24d6a28
2024-09-24 19:56:12.470 [com.alibaba.nacos.client.remote.worker] INFO  com.alibaba.nacos.common.remote.client - [fde3ceb0-0066-424a-a6a6-6e8162a0e234] Notify connected event to listeners.
2024-09-24 19:56:12.470 [com.alibaba.nacos.client.remote.worker] INFO  com.alibaba.nacos.client.naming - Grpc connection connect
2024-09-24 19:56:12.471 [main] INFO  com.alibaba.nacos.client.naming - [REGISTER-SERVICE] xiaohashu registering service xiaohashu-user-relation with instance Instance{instanceId='null', ip='192.168.1.3', port=8086, weight=1.0, healthy=true, enabled=true, ephemeral=true, clusterName='DEFAULT', serviceName='null', metadata={IPv6=[240e:b67:472:c000:6aa3:7f73:9b30:2fd0], preserved.register.source=SPRING_CLOUD}}
2024-09-24 19:56:12.477 [main] INFO  c.a.cloud.nacos.registry.NacosServiceRegistry - nacos registry, DEFAULT_GROUP xiaohashu-user-relation 192.168.1.3:8086 register finished
2024-09-24 19:56:12.580 [main] INFO  c.q.x.u.r.biz.XiaohashuUserRelationBizApplication - Started XiaohashuUserRelationBizApplication in 3.817 seconds (process running for 4.111)
2024-09-24 19:56:12.582 [main] INFO  com.alibaba.nacos.client.config.impl.CacheData - nacos.cache.data.init.snapshot = true 
2024-09-24 19:56:12.582 [main] INFO  com.alibaba.nacos.client.config.impl.ClientWorker - [fixed-xiaohashu-127.0.0.1_8848] [subscribe] xiaohashu-user-relation.yaml+DEFAULT_GROUP+xiaohashu
2024-09-24 19:56:12.585 [main] INFO  com.alibaba.nacos.client.config.impl.CacheData - [fixed-xiaohashu-127.0.0.1_8848] [add-listener] ok, tenant=xiaohashu, dataId=xiaohashu-user-relation.yaml, group=DEFAULT_GROUP, cnt=1
2024-09-24 19:56:12.585 [main] INFO  c.a.cloud.nacos.refresh.NacosContextRefresher - [Nacos Config] Listening config: dataId=xiaohashu-user-relation.yaml, group=DEFAULT_GROUP
2024-09-24 19:56:12.585 [main] INFO  com.alibaba.nacos.client.config.impl.ClientWorker - [fixed-xiaohashu-127.0.0.1_8848] [subscribe] xiaohashu-user-relation+DEFAULT_GROUP+xiaohashu
2024-09-24 19:56:12.585 [main] INFO  com.alibaba.nacos.client.config.impl.CacheData - [fixed-xiaohashu-127.0.0.1_8848] [add-listener] ok, tenant=xiaohashu, dataId=xiaohashu-user-relation, group=DEFAULT_GROUP, cnt=1
2024-09-24 19:56:12.585 [main] INFO  c.a.cloud.nacos.refresh.NacosContextRefresher - [Nacos Config] Listening config: dataId=xiaohashu-user-relation, group=DEFAULT_GROUP
2024-09-24 19:56:12.585 [main] INFO  com.alibaba.nacos.client.config.impl.ClientWorker - [fixed-xiaohashu-127.0.0.1_8848] [subscribe] xiaohashu-user-relation-dev.yaml+DEFAULT_GROUP+xiaohashu
2024-09-24 19:56:12.585 [main] INFO  com.alibaba.nacos.client.config.impl.CacheData - [fixed-xiaohashu-127.0.0.1_8848] [add-listener] ok, tenant=xiaohashu, dataId=xiaohashu-user-relation-dev.yaml, group=DEFAULT_GROUP, cnt=1
2024-09-24 19:56:12.587 [main] INFO  c.a.cloud.nacos.refresh.NacosContextRefresher - [Nacos Config] Listening config: dataId=xiaohashu-user-relation-dev.yaml, group=DEFAULT_GROUP
2024-09-24 19:56:16.753 [http-nio-8086-exec-1] INFO  o.a.c.core.ContainerBase.[Tomcat].[localhost].[/] - Initializing Spring DispatcherServlet 'dispatcherServlet'
2024-09-24 19:56:16.753 [http-nio-8086-exec-1] INFO  org.springframework.web.servlet.DispatcherServlet - Initializing Servlet 'dispatcherServlet'
2024-09-24 19:56:16.753 [http-nio-8086-exec-1] INFO  org.springframework.web.servlet.DispatcherServlet - Completed initialization in 0 ms
2024-09-24 19:56:16.757 [http-nio-8086-exec-1] INFO  c.q.f.b.context.filter.HeaderUserId2ContextFilter - ===== 设置 userId 到 ThreadLocal 中， 用户 ID: 27
2024-09-24 19:56:16.800 [http-nio-8086-exec-1] INFO  c.q.f.b.operationlog.aspect.ApiOperationLogAspect - ====== 请求开始: [取关用户], 入参: {"unfollowUserId":26}, 请求类: RelationController, 请求方法: unfollow =================================== 
2024-09-24 19:56:16.804 [http-nio-8086-exec-1] INFO  c.q.f.b.c.interceptor.FeignRequestInterceptor - ########## feign 请求设置请求头 userId: 27
2024-09-24 19:56:16.833 [http-nio-8086-exec-1] INFO  com.alibaba.nacos.client.naming - [SUBSCRIBE-SERVICE] service:xiaohashu-user, group:DEFAULT_GROUP, clusters: 
2024-09-24 19:56:16.840 [http-nio-8086-exec-1] INFO  com.alibaba.nacos.client.naming - init new ips(1) service: DEFAULT_GROUP@@xiaohashu-user -> [{"ip":"192.168.1.3","port":8082,"weight":1.0,"healthy":true,"enabled":true,"ephemeral":true,"clusterName":"DEFAULT","serviceName":"DEFAULT_GROUP@@xiaohashu-user","metadata":{"preserved.register.source":"SPRING_CLOUD","IPv6":"[240e:b67:472:c000:6aa3:7f73:9b30:2fd0]"},"instanceHeartBeatTimeOut":15000,"instanceHeartBeatInterval":5000,"ipDeleteTimeout":30000}]
2024-09-24 19:56:16.841 [http-nio-8086-exec-1] INFO  com.alibaba.nacos.client.naming - current ips:(1) service: DEFAULT_GROUP@@xiaohashu-user -> [{"ip":"192.168.1.3","port":8082,"weight":1.0,"healthy":true,"enabled":true,"ephemeral":true,"clusterName":"DEFAULT","serviceName":"DEFAULT_GROUP@@xiaohashu-user","metadata":{"preserved.register.source":"SPRING_CLOUD","IPv6":"[240e:b67:472:c000:6aa3:7f73:9b30:2fd0]"},"instanceHeartBeatTimeOut":15000,"instanceHeartBeatInterval":5000,"ipDeleteTimeout":30000}]
2024-09-24 19:56:17.101 [http-nio-8086-exec-1] DEBUG c.q.x.u.r.b.d.m.FollowingDOMapper.selectByUserId - ==>  Preparing: select user_id, following_user_id, create_time from t_following where user_id = ?
2024-09-24 19:56:17.185 [http-nio-8086-exec-1] DEBUG c.q.x.u.r.b.d.m.FollowingDOMapper.selectByUserId - ==> Parameters: 27(Long)
2024-09-24 19:56:17.196 [http-nio-8086-exec-1] DEBUG c.q.x.u.r.b.d.m.FollowingDOMapper.selectByUserId - <==      Total: 0
2024-09-24 19:56:17.201 [http-nio-8086-exec-1] WARN  c.q.x.u.r.biz.exception.GlobalExceptionHandler - /relation/unfollow request fail, errorCode: RELATION-20006, errorMessage: 你未关注对方，无法取关
2024-09-24 19:56:17.206 [http-nio-8086-exec-1] INFO  c.q.f.b.context.filter.HeaderUserId2ContextFilter - ===== 删除 ThreadLocal， userId: 27
2024-09-24 19:56:17.348 [nacos-grpc-client-executor-127.0.0.1-9] INFO  com.alibaba.nacos.common.remote.client - [fde3ceb0-0066-424a-a6a6-6e8162a0e234] Receive server push request, request = NotifySubscriberRequest, requestId = 105
2024-09-24 19:56:17.349 [nacos-grpc-client-executor-127.0.0.1-9] INFO  com.alibaba.nacos.common.remote.client - [fde3ceb0-0066-424a-a6a6-6e8162a0e234] Ack server push request, request = NotifySubscriberRequest, requestId = 105
2024-09-24 19:56:20.043 [http-nio-8086-exec-2] INFO  c.q.f.b.context.filter.HeaderUserId2ContextFilter - ===== 设置 userId 到 ThreadLocal 中， 用户 ID: 27
2024-09-24 19:56:20.044 [http-nio-8086-exec-2] INFO  c.q.f.b.operationlog.aspect.ApiOperationLogAspect - ====== 请求开始: [取关用户], 入参: {"unfollowUserId":26}, 请求类: RelationController, 请求方法: unfollow =================================== 
2024-09-24 19:56:20.044 [http-nio-8086-exec-2] INFO  c.q.f.b.c.interceptor.FeignRequestInterceptor - ########## feign 请求设置请求头 userId: 27
2024-09-24 19:56:20.053 [http-nio-8086-exec-2] DEBUG c.q.x.u.r.b.d.m.FollowingDOMapper.selectByUserId - ==>  Preparing: select user_id, following_user_id, create_time from t_following where user_id = ?
2024-09-24 19:56:20.053 [http-nio-8086-exec-2] DEBUG c.q.x.u.r.b.d.m.FollowingDOMapper.selectByUserId - ==> Parameters: 27(Long)
2024-09-24 19:56:20.054 [http-nio-8086-exec-2] DEBUG c.q.x.u.r.b.d.m.FollowingDOMapper.selectByUserId - <==      Total: 0
2024-09-24 19:56:20.055 [http-nio-8086-exec-2] WARN  c.q.x.u.r.biz.exception.GlobalExceptionHandler - /relation/unfollow request fail, errorCode: RELATION-20006, errorMessage: 你未关注对方，无法取关
2024-09-24 19:56:20.055 [http-nio-8086-exec-2] INFO  c.q.f.b.context.filter.HeaderUserId2ContextFilter - ===== 删除 ThreadLocal， userId: 27
